<?xml version="1.0" encoding="UTF-8"?>
<testsuite xmlns:xsi="http://www.w3.org/2001/XMLSchema-instance" xsi:noNamespaceSchemaLocation="https://maven.apache.org/surefire/maven-surefire-plugin/xsd/surefire-test-report-3.0.xsd" version="3.0" name="com.se300.store.controller.internalmockserver.InternalMockServerTest" time="9.835" tests="8" errors="0" skipped="0" failures="0">
  <properties>
[...]
</properties>
  <testcase name="testInternalStoreProvisioningAPI" classname="com.se300.store.controller.internalmockserver.InternalMockServerTest" time="2.502">
    <system-out><![CDATA[01:52:16.210 [main] DEBUG io.netty.util.internal.logging.InternalLoggerFactory -- Using SLF4J as the default logging framework
01:52:16.233 [main] DEBUG io.netty.channel.MultithreadEventLoopGroup -- -Dio.netty.eventLoopThreads: 16
01:52:16.275 [main] DEBUG io.netty.util.internal.InternalThreadLocalMap -- -Dio.netty.threadLocalMap.stringBuilder.initialSize: 1024
01:52:16.275 [main] DEBUG io.netty.util.internal.InternalThreadLocalMap -- -Dio.netty.threadLocalMap.stringBuilder.maxSize: 4096
01:52:16.311 [main] DEBUG io.netty.util.internal.PlatformDependent0 -- -Dio.netty.noUnsafe: false
01:52:16.313 [main] DEBUG io.netty.util.internal.PlatformDependent0 -- Java version: 21
01:52:16.322 [main] DEBUG io.netty.util.internal.PlatformDependent0 -- sun.misc.Unsafe.theUnsafe: available
01:52:16.324 [main] DEBUG io.netty.util.internal.PlatformDependent0 -- sun.misc.Unsafe.copyMemory: available
01:52:16.324 [main] DEBUG io.netty.util.internal.PlatformDependent0 -- sun.misc.Unsafe.storeFence: available
01:52:16.325 [main] DEBUG io.netty.util.internal.PlatformDependent0 -- java.nio.Buffer.address: available
01:52:16.330 [main] DEBUG io.netty.util.internal.PlatformDependent0 -- direct buffer constructor: unavailable: java.nio.DirectByteBuffer.<init>(long,int)
01:52:16.331 [main] DEBUG io.netty.util.internal.PlatformDependent0 -- java.nio.Bits.unaligned: available, true
01:52:16.335 [main] DEBUG io.netty.util.internal.PlatformDependent0 -- jdk.internal.misc.Unsafe.allocateUninitializedArray(int): unavailable: class io.netty.util.internal.PlatformDependent0$7 cannot access class jdk.internal.misc.Unsafe (in module java.base) because module java.base does not export jdk.internal.misc to unnamed module @12591ac8
01:52:16.336 [main] DEBUG io.netty.util.internal.PlatformDependent0 -- java.nio.DirectByteBuffer.<init>(long, int): unavailable
01:52:16.337 [main] DEBUG io.netty.util.internal.PlatformDependent -- sun.misc.Unsafe: available
01:52:16.351 [main] DEBUG io.netty.util.internal.PlatformDependent -- maxDirectMemory: 4294967296 bytes (maybe)
01:52:16.353 [main] DEBUG io.netty.util.internal.PlatformDependent -- -Dio.netty.tmpdir: /var/folders/0q/qctdbk753pqdfmmb3qx_v2t00000gp/T (java.io.tmpdir)
01:52:16.354 [main] DEBUG io.netty.util.internal.PlatformDependent -- -Dio.netty.bitMode: 64 (sun.arch.data.model)
01:52:16.360 [main] DEBUG io.netty.util.internal.PlatformDependent -- Platform: MacOS
01:52:16.362 [main] DEBUG io.netty.util.internal.PlatformDependent -- -Dio.netty.maxDirectMemory: -1 bytes
01:52:16.362 [main] DEBUG io.netty.util.internal.PlatformDependent -- -Dio.netty.uninitializedArrayAllocationThreshold: -1
01:52:16.367 [main] DEBUG io.netty.util.internal.CleanerJava9 -- java.nio.ByteBuffer.cleaner(): available
01:52:16.367 [main] DEBUG io.netty.util.internal.PlatformDependent -- -Dio.netty.noPreferDirect: false
01:52:16.368 [main] DEBUG io.netty.channel.nio.NioEventLoop -- -Dio.netty.noKeySetOptimization: false
01:52:16.368 [main] DEBUG io.netty.channel.nio.NioEventLoop -- -Dio.netty.selectorAutoRebuildThreshold: 512
01:52:16.380 [main] DEBUG io.netty.util.internal.PlatformDependent -- org.jctools-core.MpscChunkedArrayQueue: available
01:52:17.407 [main] DEBUG io.netty.util.ResourceLeakDetector -- -Dio.netty.leakDetection.level: simple
01:52:17.422 [main] DEBUG io.netty.util.ResourceLeakDetector -- -Dio.netty.leakDetection.targetRecords: 4
01:52:17.432 [main] DEBUG io.netty.buffer.PooledByteBufAllocator -- -Dio.netty.allocator.numHeapArenas: 16
01:52:17.432 [main] DEBUG io.netty.buffer.PooledByteBufAllocator -- -Dio.netty.allocator.numDirectArenas: 16
01:52:17.432 [main] DEBUG io.netty.buffer.PooledByteBufAllocator -- -Dio.netty.allocator.pageSize: 8192
01:52:17.433 [main] DEBUG io.netty.buffer.PooledByteBufAllocator -- -Dio.netty.allocator.maxOrder: 9
01:52:17.433 [main] DEBUG io.netty.buffer.PooledByteBufAllocator -- -Dio.netty.allocator.chunkSize: 4194304
01:52:17.433 [main] DEBUG io.netty.buffer.PooledByteBufAllocator -- -Dio.netty.allocator.smallCacheSize: 256
01:52:17.433 [main] DEBUG io.netty.buffer.PooledByteBufAllocator -- -Dio.netty.allocator.normalCacheSize: 64
01:52:17.433 [main] DEBUG io.netty.buffer.PooledByteBufAllocator -- -Dio.netty.allocator.maxCachedBufferCapacity: 32768
01:52:17.433 [main] DEBUG io.netty.buffer.PooledByteBufAllocator -- -Dio.netty.allocator.cacheTrimInterval: 8192
01:52:17.433 [main] DEBUG io.netty.buffer.PooledByteBufAllocator -- -Dio.netty.allocator.cacheTrimIntervalMillis: 0
01:52:17.433 [main] DEBUG io.netty.buffer.PooledByteBufAllocator -- -Dio.netty.allocator.useCacheForAllThreads: false
01:52:17.433 [main] DEBUG io.netty.buffer.PooledByteBufAllocator -- -Dio.netty.allocator.maxCachedByteBuffersPerChunk: 1023
01:52:17.538 [MockServer-MockServer thread for port: 88881] DEBUG io.netty.channel.DefaultChannelId -- -Dio.netty.processId: 9724 (auto-detected)
01:52:17.542 [MockServer-MockServer thread for port: 88881] DEBUG io.netty.util.NetUtil -- -Djava.net.preferIPv4Stack: false
01:52:17.543 [MockServer-MockServer thread for port: 88881] DEBUG io.netty.util.NetUtil -- -Djava.net.preferIPv6Addresses: false
01:52:17.547 [MockServer-MockServer thread for port: 88881] DEBUG io.netty.util.NetUtilInitializations -- Loopback interface: lo0 (lo0, 0:0:0:0:0:0:0:1%lo0)
01:52:17.549 [MockServer-MockServer thread for port: 88881] DEBUG io.netty.util.NetUtil -- Failed to get SOMAXCONN from sysctl and file /proc/sys/net/core/somaxconn. Default: 128
01:52:17.562 [MockServer-MockServer thread for port: 88881] DEBUG io.netty.channel.DefaultChannelId -- -Dio.netty.machineId: a4:cf:99:ff:fe:6b:01:f8 (auto-detected)
01:52:17.597 [MockServer-MockServer thread for port: 88881] DEBUG io.netty.buffer.ByteBufUtil -- -Dio.netty.allocator.type: pooled
01:52:17.598 [MockServer-MockServer thread for port: 88881] DEBUG io.netty.buffer.ByteBufUtil -- -Dio.netty.threadLocalDirectBufferSize: 0
01:52:17.598 [MockServer-MockServer thread for port: 88881] DEBUG io.netty.buffer.ByteBufUtil -- -Dio.netty.maxThreadLocalCharBufferSize: 16384
01:52:17.662 [MockServer-EventLog0] INFO org.mockserver.log.MockServerEventLog -- 8888 started on port: 8888
01:52:17.859 [MockServer-ClientAndServer-eventLoop3] DEBUG io.netty.buffer.AbstractByteBuf -- -Dio.netty.buffer.checkAccessible: true
01:52:17.860 [MockServer-ClientAndServer-eventLoop3] DEBUG io.netty.buffer.AbstractByteBuf -- -Dio.netty.buffer.checkBounds: true
01:52:17.862 [MockServer-ClientAndServer-eventLoop3] DEBUG io.netty.util.ResourceLeakDetectorFactory -- Loaded default ResourceLeakDetector: io.netty.util.ResourceLeakDetector@18a4283f
01:52:17.926 [MockServer-ClientAndServer-eventLoop3] DEBUG io.netty.util.Recycler -- -Dio.netty.recycler.maxCapacityPerThread: 4096
01:52:17.926 [MockServer-ClientAndServer-eventLoop3] DEBUG io.netty.util.Recycler -- -Dio.netty.recycler.ratio: 8
01:52:17.926 [MockServer-ClientAndServer-eventLoop3] DEBUG io.netty.util.Recycler -- -Dio.netty.recycler.chunkSize: 32
01:52:17.926 [MockServer-ClientAndServer-eventLoop3] DEBUG io.netty.util.Recycler -- -Dio.netty.recycler.blocking: false
01:52:18.021 [MockServer-MockServer-workerEventLoop4] DEBUG io.netty.handler.codec.compression.Brotli -- brotli4j not in the classpath; Brotli support will be unavailable.
01:52:18.347 [MockServer-EventLog0] INFO org.mockserver.log.MockServerEventLog -- 8888 resetting all expectations and request logs
01:52:18.957 [MockServer-MockServer-workerEventLoop7] DEBUG com.networknt.schema.PropertiesValidator -- validate( {"httpRequest":{"method":"POST","path":"/internal/store"},"httpResponse":{"statusCode":201,"headers":{"Content-Type":["application/json"]},"body":"{\"id\":\"S1\",\"name\":\"Main Store\",\"address\":\"123 Road\"}"},"id":"9a03c732-148b-4c5a-b5fe-00505bab2d96","priority":0,"timeToLive":{"unlimited":true},"times":{"unlimited":true}}, {"httpRequest":{"method":"POST","path":"/internal/store"},"httpResponse":{"statusCode":201,"headers":{"Content-Type":["application/json"]},"body":"{\"id\":\"S1\",\"name\":\"Main Store\",\"address\":\"123 Road\"}"},"id":"9a03c732-148b-4c5a-b5fe-00505bab2d96","priority":0,"timeToLive":{"unlimited":true},"times":{"unlimited":true}}, $)
01:52:18.962 [MockServer-MockServer-workerEventLoop7] DEBUG com.networknt.schema.TypeValidator -- validate( "9a03c732-148b-4c5a-b5fe-00505bab2d96", {"httpRequest":{"method":"POST","path":"/internal/store"},"httpResponse":{"statusCode":201,"headers":{"Content-Type":["application/json"]},"body":"{\"id\":\"S1\",\"name\":\"Main Store\",\"address\":\"123 Road\"}"},"id":"9a03c732-148b-4c5a-b5fe-00505bab2d96","priority":0,"timeToLive":{"unlimited":true},"times":{"unlimited":true}}, $.id)
01:52:18.963 [MockServer-MockServer-workerEventLoop7] DEBUG com.networknt.schema.TypeValidator -- validate( 0, {"httpRequest":{"method":"POST","path":"/internal/store"},"httpResponse":{"statusCode":201,"headers":{"Content-Type":["application/json"]},"body":"{\"id\":\"S1\",\"name\":\"Main Store\",\"address\":\"123 Road\"}"},"id":"9a03c732-148b-4c5a-b5fe-00505bab2d96","priority":0,"timeToLive":{"unlimited":true},"times":{"unlimited":true}}, $.priority)
01:52:18.965 [MockServer-MockServer-workerEventLoop7] DEBUG com.networknt.schema.RefValidator -- validate( {"method":"POST","path":"/internal/store"}, {"httpRequest":{"method":"POST","path":"/internal/store"},"httpResponse":{"statusCode":201,"headers":{"Content-Type":["application/json"]},"body":"{\"id\":\"S1\",\"name\":\"Main Store\",\"address\":\"123 Road\"}"},"id":"9a03c732-148b-4c5a-b5fe-00505bab2d96","priority":0,"timeToLive":{"unlimited":true},"times":{"unlimited":true}}, $.httpRequest)
01:52:18.966 [MockServer-MockServer-workerEventLoop7] DEBUG com.networknt.schema.RequiredValidator -- validate( {"method":"POST","path":"/internal/store"}, {"httpRequest":{"method":"POST","path":"/internal/store"},"httpResponse":{"statusCode":201,"headers":{"Content-Type":["application/json"]},"body":"{\"id\":\"S1\",\"name\":\"Main Store\",\"address\":\"123 Road\"}"},"id":"9a03c732-148b-4c5a-b5fe-00505bab2d96","priority":0,"timeToLive":{"unlimited":true},"times":{"unlimited":true}}, $.httpRequest)
01:52:18.967 [MockServer-MockServer-workerEventLoop7] DEBUG com.networknt.schema.RefValidator -- validate( {"method":"POST","path":"/internal/store"}, {"httpRequest":{"method":"POST","path":"/internal/store"},"httpResponse":{"statusCode":201,"headers":{"Content-Type":["application/json"]},"body":"{\"id\":\"S1\",\"name\":\"Main Store\",\"address\":\"123 Road\"}"},"id":"9a03c732-148b-4c5a-b5fe-00505bab2d96","priority":0,"timeToLive":{"unlimited":true},"times":{"unlimited":true}}, $.httpRequest)
01:52:18.968 [MockServer-MockServer-workerEventLoop7] DEBUG com.networknt.schema.PropertiesValidator -- validate( {"method":"POST","path":"/internal/store"}, {"httpRequest":{"method":"POST","path":"/internal/store"},"httpResponse":{"statusCode":201,"headers":{"Content-Type":["application/json"]},"body":"{\"id\":\"S1\",\"name\":\"Main Store\",\"address\":\"123 Road\"}"},"id":"9a03c732-148b-4c5a-b5fe-00505bab2d96","priority":0,"timeToLive":{"unlimited":true},"times":{"unlimited":true}}, $.httpRequest)
01:52:18.968 [MockServer-MockServer-workerEventLoop7] DEBUG com.networknt.schema.RefValidator -- validate( "POST", {"httpRequest":{"method":"POST","path":"/internal/store"},"httpResponse":{"statusCode":201,"headers":{"Content-Type":["application/json"]},"body":"{\"id\":\"S1\",\"name\":\"Main Store\",\"address\":\"123 Road\"}"},"id":"9a03c732-148b-4c5a-b5fe-00505bab2d96","priority":0,"timeToLive":{"unlimited":true},"times":{"unlimited":true}}, $.httpRequest.method)
01:52:18.968 [MockServer-MockServer-workerEventLoop7] DEBUG com.networknt.schema.OneOfValidator -- validate( "POST", {"httpRequest":{"method":"POST","path":"/internal/store"},"httpResponse":{"statusCode":201,"headers":{"Content-Type":["application/json"]},"body":"{\"id\":\"S1\",\"name\":\"Main Store\",\"address\":\"123 Road\"}"},"id":"9a03c732-148b-4c5a-b5fe-00505bab2d96","priority":0,"timeToLive":{"unlimited":true},"times":{"unlimited":true}}, $.httpRequest.method)
01:52:18.968 [MockServer-MockServer-workerEventLoop7] DEBUG com.networknt.schema.TypeValidator -- validate( "POST", {"httpRequest":{"method":"POST","path":"/internal/store"},"httpResponse":{"statusCode":201,"headers":{"Content-Type":["application/json"]},"body":"{\"id\":\"S1\",\"name\":\"Main Store\",\"address\":\"123 Road\"}"},"id":"9a03c732-148b-4c5a-b5fe-00505bab2d96","priority":0,"timeToLive":{"unlimited":true},"times":{"unlimited":true}}, $.httpRequest.method)
01:52:18.968 [MockServer-MockServer-workerEventLoop7] DEBUG com.networknt.schema.PropertiesValidator -- validate( "POST", {"httpRequest":{"method":"POST","path":"/internal/store"},"httpResponse":{"statusCode":201,"headers":{"Content-Type":["application/json"]},"body":"{\"id\":\"S1\",\"name\":\"Main Store\",\"address\":\"123 Road\"}"},"id":"9a03c732-148b-4c5a-b5fe-00505bab2d96","priority":0,"timeToLive":{"unlimited":true},"times":{"unlimited":true}}, $.httpRequest.method)
01:52:18.969 [MockServer-MockServer-workerEventLoop7] DEBUG com.networknt.schema.AdditionalPropertiesValidator -- validate( "POST", {"httpRequest":{"method":"POST","path":"/internal/store"},"httpResponse":{"statusCode":201,"headers":{"Content-Type":["application/json"]},"body":"{\"id\":\"S1\",\"name\":\"Main Store\",\"address\":\"123 Road\"}"},"id":"9a03c732-148b-4c5a-b5fe-00505bab2d96","priority":0,"timeToLive":{"unlimited":true},"times":{"unlimited":true}}, $.httpRequest.method)
01:52:18.970 [MockServer-MockServer-workerEventLoop7] DEBUG com.networknt.schema.TypeValidator -- validate( "POST", {"httpRequest":{"method":"POST","path":"/internal/store"},"httpResponse":{"statusCode":201,"headers":{"Content-Type":["application/json"]},"body":"{\"id\":\"S1\",\"name\":\"Main Store\",\"address\":\"123 Road\"}"},"id":"9a03c732-148b-4c5a-b5fe-00505bab2d96","priority":0,"timeToLive":{"unlimited":true},"times":{"unlimited":true}}, $.httpRequest.method)
01:52:18.974 [MockServer-MockServer-workerEventLoop7] DEBUG com.networknt.schema.RefValidator -- validate( "/internal/store", {"httpRequest":{"method":"POST","path":"/internal/store"},"httpResponse":{"statusCode":201,"headers":{"Content-Type":["application/json"]},"body":"{\"id\":\"S1\",\"name\":\"Main Store\",\"address\":\"123 Road\"}"},"id":"9a03c732-148b-4c5a-b5fe-00505bab2d96","priority":0,"timeToLive":{"unlimited":true},"times":{"unlimited":true}}, $.httpRequest.path)
01:52:18.975 [MockServer-MockServer-workerEventLoop7] DEBUG com.networknt.schema.OneOfValidator -- validate( "/internal/store", {"httpRequest":{"method":"POST","path":"/internal/store"},"httpResponse":{"statusCode":201,"headers":{"Content-Type":["application/json"]},"body":"{\"id\":\"S1\",\"name\":\"Main Store\",\"address\":\"123 Road\"}"},"id":"9a03c732-148b-4c5a-b5fe-00505bab2d96","priority":0,"timeToLive":{"unlimited":true},"times":{"unlimited":true}}, $.httpRequest.path)
01:52:18.976 [MockServer-MockServer-workerEventLoop7] DEBUG com.networknt.schema.TypeValidator -- validate( "/internal/store", {"httpRequest":{"method":"POST","path":"/internal/store"},"httpResponse":{"statusCode":201,"headers":{"Content-Type":["application/json"]},"body":"{\"id\":\"S1\",\"name\":\"Main Store\",\"address\":\"123 Road\"}"},"id":"9a03c732-148b-4c5a-b5fe-00505bab2d96","priority":0,"timeToLive":{"unlimited":true},"times":{"unlimited":true}}, $.httpRequest.path)
01:52:18.977 [MockServer-MockServer-workerEventLoop7] DEBUG com.networknt.schema.PropertiesValidator -- validate( "/internal/store", {"httpRequest":{"method":"POST","path":"/internal/store"},"httpResponse":{"statusCode":201,"headers":{"Content-Type":["application/json"]},"body":"{\"id\":\"S1\",\"name\":\"Main Store\",\"address\":\"123 Road\"}"},"id":"9a03c732-148b-4c5a-b5fe-00505bab2d96","priority":0,"timeToLive":{"unlimited":true},"times":{"unlimited":true}}, $.httpRequest.path)
01:52:18.980 [MockServer-MockServer-workerEventLoop7] DEBUG com.networknt.schema.AdditionalPropertiesValidator -- validate( "/internal/store", {"httpRequest":{"method":"POST","path":"/internal/store"},"httpResponse":{"statusCode":201,"headers":{"Content-Type":["application/json"]},"body":"{\"id\":\"S1\",\"name\":\"Main Store\",\"address\":\"123 Road\"}"},"id":"9a03c732-148b-4c5a-b5fe-00505bab2d96","priority":0,"timeToLive":{"unlimited":true},"times":{"unlimited":true}}, $.httpRequest.path)
01:52:18.981 [MockServer-MockServer-workerEventLoop7] DEBUG com.networknt.schema.TypeValidator -- validate( "/internal/store", {"httpRequest":{"method":"POST","path":"/internal/store"},"httpResponse":{"statusCode":201,"headers":{"Content-Type":["application/json"]},"body":"{\"id\":\"S1\",\"name\":\"Main Store\",\"address\":\"123 Road\"}"},"id":"9a03c732-148b-4c5a-b5fe-00505bab2d96","priority":0,"timeToLive":{"unlimited":true},"times":{"unlimited":true}}, $.httpRequest.path)
01:52:18.982 [MockServer-MockServer-workerEventLoop7] DEBUG com.networknt.schema.AdditionalPropertiesValidator -- validate( {"method":"POST","path":"/internal/store"}, {"httpRequest":{"method":"POST","path":"/internal/store"},"httpResponse":{"statusCode":201,"headers":{"Content-Type":["application/json"]},"body":"{\"id\":\"S1\",\"name\":\"Main Store\",\"address\":\"123 Road\"}"},"id":"9a03c732-148b-4c5a-b5fe-00505bab2d96","priority":0,"timeToLive":{"unlimited":true},"times":{"unlimited":true}}, $.httpRequest)
01:52:18.982 [MockServer-MockServer-workerEventLoop7] DEBUG com.networknt.schema.TypeValidator -- validate( {"method":"POST","path":"/internal/store"}, {"httpRequest":{"method":"POST","path":"/internal/store"},"httpResponse":{"statusCode":201,"headers":{"Content-Type":["application/json"]},"body":"{\"id\":\"S1\",\"name\":\"Main Store\",\"address\":\"123 Road\"}"},"id":"9a03c732-148b-4c5a-b5fe-00505bab2d96","priority":0,"timeToLive":{"unlimited":true},"times":{"unlimited":true}}, $.httpRequest)
01:52:18.983 [MockServer-MockServer-workerEventLoop7] DEBUG com.networknt.schema.RefValidator -- validate( {"statusCode":201,"headers":{"Content-Type":["application/json"]},"body":"{\"id\":\"S1\",\"name\":\"Main Store\",\"address\":\"123 Road\"}"}, {"httpRequest":{"method":"POST","path":"/internal/store"},"httpResponse":{"statusCode":201,"headers":{"Content-Type":["application/json"]},"body":"{\"id\":\"S1\",\"name\":\"Main Store\",\"address\":\"123 Road\"}"},"id":"9a03c732-148b-4c5a-b5fe-00505bab2d96","priority":0,"timeToLive":{"unlimited":true},"times":{"unlimited":true}}, $.httpResponse)
01:52:18.985 [MockServer-MockServer-workerEventLoop7] DEBUG com.networknt.schema.PropertiesValidator -- validate( {"statusCode":201,"headers":{"Content-Type":["application/json"]},"body":"{\"id\":\"S1\",\"name\":\"Main Store\",\"address\":\"123 Road\"}"}, {"httpRequest":{"method":"POST","path":"/internal/store"},"httpResponse":{"statusCode":201,"headers":{"Content-Type":["application/json"]},"body":"{\"id\":\"S1\",\"name\":\"Main Store\",\"address\":\"123 Road\"}"},"id":"9a03c732-148b-4c5a-b5fe-00505bab2d96","priority":0,"timeToLive":{"unlimited":true},"times":{"unlimited":true}}, $.httpResponse)
01:52:18.986 [MockServer-MockServer-workerEventLoop7] DEBUG com.networknt.schema.RefValidator -- validate( "{\"id\":\"S1\",\"name\":\"Main Store\",\"address\":\"123 Road\"}", {"httpRequest":{"method":"POST","path":"/internal/store"},"httpResponse":{"statusCode":201,"headers":{"Content-Type":["application/json"]},"body":"{\"id\":\"S1\",\"name\":\"Main Store\",\"address\":\"123 Road\"}"},"id":"9a03c732-148b-4c5a-b5fe-00505bab2d96","priority":0,"timeToLive":{"unlimited":true},"times":{"unlimited":true}}, $.httpResponse.body)
01:52:18.987 [MockServer-MockServer-workerEventLoop7] DEBUG com.networknt.schema.RequiredValidator -- validate( "{\"id\":\"S1\",\"name\":\"Main Store\",\"address\":\"123 Road\"}", {"httpRequest":{"method":"POST","path":"/internal/store"},"httpResponse":{"statusCode":201,"headers":{"Content-Type":["application/json"]},"body":"{\"id\":\"S1\",\"name\":\"Main Store\",\"address\":\"123 Road\"}"},"id":"9a03c732-148b-4c5a-b5fe-00505bab2d96","priority":0,"timeToLive":{"unlimited":true},"times":{"unlimited":true}}, $.httpResponse.body)
01:52:18.988 [MockServer-MockServer-workerEventLoop7] DEBUG com.networknt.schema.PropertiesValidator -- validate( "{\"id\":\"S1\",\"name\":\"Main Store\",\"address\":\"123 Road\"}", {"httpRequest":{"method":"POST","path":"/internal/store"},"httpResponse":{"statusCode":201,"headers":{"Content-Type":["application/json"]},"body":"{\"id\":\"S1\",\"name\":\"Main Store\",\"address\":\"123 Road\"}"},"id":"9a03c732-148b-4c5a-b5fe-00505bab2d96","priority":0,"timeToLive":{"unlimited":true},"times":{"unlimited":true}}, $.httpResponse.body)
01:52:18.988 [MockServer-MockServer-workerEventLoop7] DEBUG com.networknt.schema.AdditionalPropertiesValidator -- validate( "{\"id\":\"S1\",\"name\":\"Main Store\",\"address\":\"123 Road\"}", {"httpRequest":{"method":"POST","path":"/internal/store"},"httpResponse":{"statusCode":201,"headers":{"Content-Type":["application/json"]},"body":"{\"id\":\"S1\",\"name\":\"Main Store\",\"address\":\"123 Road\"}"},"id":"9a03c732-148b-4c5a-b5fe-00505bab2d96","priority":0,"timeToLive":{"unlimited":true},"times":{"unlimited":true}}, $.httpResponse.body)
01:52:18.988 [MockServer-MockServer-workerEventLoop7] DEBUG com.networknt.schema.TypeValidator -- validate( "{\"id\":\"S1\",\"name\":\"Main Store\",\"address\":\"123 Road\"}", {"httpRequest":{"method":"POST","path":"/internal/store"},"httpResponse":{"statusCode":201,"headers":{"Content-Type":["application/json"]},"body":"{\"id\":\"S1\",\"name\":\"Main Store\",\"address\":\"123 Road\"}"},"id":"9a03c732-148b-4c5a-b5fe-00505bab2d96","priority":0,"timeToLive":{"unlimited":true},"times":{"unlimited":true}}, $.httpResponse.body)
01:52:18.988 [MockServer-MockServer-workerEventLoop7] DEBUG com.networknt.schema.PropertiesValidator -- validate( "{\"id\":\"S1\",\"name\":\"Main Store\",\"address\":\"123 Road\"}", {"httpRequest":{"method":"POST","path":"/internal/store"},"httpResponse":{"statusCode":201,"headers":{"Content-Type":["application/json"]},"body":"{\"id\":\"S1\",\"name\":\"Main Store\",\"address\":\"123 Road\"}"},"id":"9a03c732-148b-4c5a-b5fe-00505bab2d96","priority":0,"timeToLive":{"unlimited":true},"times":{"unlimited":true}}, $.httpResponse.body)
01:52:18.988 [MockServer-MockServer-workerEventLoop7] DEBUG com.networknt.schema.AdditionalPropertiesValidator -- validate( "{\"id\":\"S1\",\"name\":\"Main Store\",\"address\":\"123 Road\"}", {"httpRequest":{"method":"POST","path":"/internal/store"},"httpResponse":{"statusCode":201,"headers":{"Content-Type":["application/json"]},"body":"{\"id\":\"S1\",\"name\":\"Main Store\",\"address\":\"123 Road\"}"},"id":"9a03c732-148b-4c5a-b5fe-00505bab2d96","priority":0,"timeToLive":{"unlimited":true},"times":{"unlimited":true}}, $.httpResponse.body)
01:52:18.989 [MockServer-MockServer-workerEventLoop7] DEBUG com.networknt.schema.TypeValidator -- validate( "{\"id\":\"S1\",\"name\":\"Main Store\",\"address\":\"123 Road\"}", {"httpRequest":{"method":"POST","path":"/internal/store"},"httpResponse":{"statusCode":201,"headers":{"Content-Type":["application/json"]},"body":"{\"id\":\"S1\",\"name\":\"Main Store\",\"address\":\"123 Road\"}"},"id":"9a03c732-148b-4c5a-b5fe-00505bab2d96","priority":0,"timeToLive":{"unlimited":true},"times":{"unlimited":true}}, $.httpResponse.body)
01:52:18.990 [MockServer-MockServer-workerEventLoop7] DEBUG com.networknt.schema.AdditionalPropertiesValidator -- validate( "{\"id\":\"S1\",\"name\":\"Main Store\",\"address\":\"123 Road\"}", {"httpRequest":{"method":"POST","path":"/internal/store"},"httpResponse":{"statusCode":201,"headers":{"Content-Type":["application/json"]},"body":"{\"id\":\"S1\",\"name\":\"Main Store\",\"address\":\"123 Road\"}"},"id":"9a03c732-148b-4c5a-b5fe-00505bab2d96","priority":0,"timeToLive":{"unlimited":true},"times":{"unlimited":true}}, $.httpResponse.body)
01:52:18.990 [MockServer-MockServer-workerEventLoop7] DEBUG com.networknt.schema.TypeValidator -- validate( "{\"id\":\"S1\",\"name\":\"Main Store\",\"address\":\"123 Road\"}", {"httpRequest":{"method":"POST","path":"/internal/store"},"httpResponse":{"statusCode":201,"headers":{"Content-Type":["application/json"]},"body":"{\"id\":\"S1\",\"name\":\"Main Store\",\"address\":\"123 Road\"}"},"id":"9a03c732-148b-4c5a-b5fe-00505bab2d96","priority":0,"timeToLive":{"unlimited":true},"times":{"unlimited":true}}, $.httpResponse.body)
01:52:18.990 [MockServer-MockServer-workerEventLoop7] DEBUG com.networknt.schema.AdditionalPropertiesValidator -- validate( "{\"id\":\"S1\",\"name\":\"Main Store\",\"address\":\"123 Road\"}", {"httpRequest":{"method":"POST","path":"/internal/store"},"httpResponse":{"statusCode":201,"headers":{"Content-Type":["application/json"]},"body":"{\"id\":\"S1\",\"name\":\"Main Store\",\"address\":\"123 Road\"}"},"id":"9a03c732-148b-4c5a-b5fe-00505bab2d96","priority":0,"timeToLive":{"unlimited":true},"times":{"unlimited":true}}, $.httpResponse.body)
01:52:18.990 [MockServer-MockServer-workerEventLoop7] DEBUG com.networknt.schema.TypeValidator -- validate( "{\"id\":\"S1\",\"name\":\"Main Store\",\"address\":\"123 Road\"}", {"httpRequest":{"method":"POST","path":"/internal/store"},"httpResponse":{"statusCode":201,"headers":{"Content-Type":["application/json"]},"body":"{\"id\":\"S1\",\"name\":\"Main Store\",\"address\":\"123 Road\"}"},"id":"9a03c732-148b-4c5a-b5fe-00505bab2d96","priority":0,"timeToLive":{"unlimited":true},"times":{"unlimited":true}}, $.httpResponse.body)
01:52:18.991 [MockServer-MockServer-workerEventLoop7] DEBUG com.networknt.schema.PropertiesValidator -- validate( "{\"id\":\"S1\",\"name\":\"Main Store\",\"address\":\"123 Road\"}", {"httpRequest":{"method":"POST","path":"/internal/store"},"httpResponse":{"statusCode":201,"headers":{"Content-Type":["application/json"]},"body":"{\"id\":\"S1\",\"name\":\"Main Store\",\"address\":\"123 Road\"}"},"id":"9a03c732-148b-4c5a-b5fe-00505bab2d96","priority":0,"timeToLive":{"unlimited":true},"times":{"unlimited":true}}, $.httpResponse.body)
01:52:18.992 [MockServer-MockServer-workerEventLoop7] DEBUG com.networknt.schema.AdditionalPropertiesValidator -- validate( "{\"id\":\"S1\",\"name\":\"Main Store\",\"address\":\"123 Road\"}", {"httpRequest":{"method":"POST","path":"/internal/store"},"httpResponse":{"statusCode":201,"headers":{"Content-Type":["application/json"]},"body":"{\"id\":\"S1\",\"name\":\"Main Store\",\"address\":\"123 Road\"}"},"id":"9a03c732-148b-4c5a-b5fe-00505bab2d96","priority":0,"timeToLive":{"unlimited":true},"times":{"unlimited":true}}, $.httpResponse.body)
01:52:18.992 [MockServer-MockServer-workerEventLoop7] DEBUG com.networknt.schema.TypeValidator -- validate( "{\"id\":\"S1\",\"name\":\"Main Store\",\"address\":\"123 Road\"}", {"httpRequest":{"method":"POST","path":"/internal/store"},"httpResponse":{"statusCode":201,"headers":{"Content-Type":["application/json"]},"body":"{\"id\":\"S1\",\"name\":\"Main Store\",\"address\":\"123 Road\"}"},"id":"9a03c732-148b-4c5a-b5fe-00505bab2d96","priority":0,"timeToLive":{"unlimited":true},"times":{"unlimited":true}}, $.httpResponse.body)
01:52:18.992 [MockServer-MockServer-workerEventLoop7] DEBUG com.networknt.schema.PropertiesValidator -- validate( "{\"id\":\"S1\",\"name\":\"Main Store\",\"address\":\"123 Road\"}", {"httpRequest":{"method":"POST","path":"/internal/store"},"httpResponse":{"statusCode":201,"headers":{"Content-Type":["application/json"]},"body":"{\"id\":\"S1\",\"name\":\"Main Store\",\"address\":\"123 Road\"}"},"id":"9a03c732-148b-4c5a-b5fe-00505bab2d96","priority":0,"timeToLive":{"unlimited":true},"times":{"unlimited":true}}, $.httpResponse.body)
01:52:18.994 [MockServer-MockServer-workerEventLoop7] DEBUG com.networknt.schema.AdditionalPropertiesValidator -- validate( "{\"id\":\"S1\",\"name\":\"Main Store\",\"address\":\"123 Road\"}", {"httpRequest":{"method":"POST","path":"/internal/store"},"httpResponse":{"statusCode":201,"headers":{"Content-Type":["application/json"]},"body":"{\"id\":\"S1\",\"name\":\"Main Store\",\"address\":\"123 Road\"}"},"id":"9a03c732-148b-4c5a-b5fe-00505bab2d96","priority":0,"timeToLive":{"unlimited":true},"times":{"unlimited":true}}, $.httpResponse.body)
01:52:18.995 [MockServer-MockServer-workerEventLoop7] DEBUG com.networknt.schema.TypeValidator -- validate( "{\"id\":\"S1\",\"name\":\"Main Store\",\"address\":\"123 Road\"}", {"httpRequest":{"method":"POST","path":"/internal/store"},"httpResponse":{"statusCode":201,"headers":{"Content-Type":["application/json"]},"body":"{\"id\":\"S1\",\"name\":\"Main Store\",\"address\":\"123 Road\"}"},"id":"9a03c732-148b-4c5a-b5fe-00505bab2d96","priority":0,"timeToLive":{"unlimited":true},"times":{"unlimited":true}}, $.httpResponse.body)
01:52:18.996 [MockServer-MockServer-workerEventLoop7] DEBUG com.networknt.schema.TypeValidator -- validate( "{\"id\":\"S1\",\"name\":\"Main Store\",\"address\":\"123 Road\"}", {"httpRequest":{"method":"POST","path":"/internal/store"},"httpResponse":{"statusCode":201,"headers":{"Content-Type":["application/json"]},"body":"{\"id\":\"S1\",\"name\":\"Main Store\",\"address\":\"123 Road\"}"},"id":"9a03c732-148b-4c5a-b5fe-00505bab2d96","priority":0,"timeToLive":{"unlimited":true},"times":{"unlimited":true}}, $.httpResponse.body)
01:52:18.996 [MockServer-MockServer-workerEventLoop7] DEBUG com.networknt.schema.RefValidator -- validate( {"Content-Type":["application/json"]}, {"httpRequest":{"method":"POST","path":"/internal/store"},"httpResponse":{"statusCode":201,"headers":{"Content-Type":["application/json"]},"body":"{\"id\":\"S1\",\"name\":\"Main Store\",\"address\":\"123 Road\"}"},"id":"9a03c732-148b-4c5a-b5fe-00505bab2d96","priority":0,"timeToLive":{"unlimited":true},"times":{"unlimited":true}}, $.httpResponse.headers)
01:52:18.996 [MockServer-MockServer-workerEventLoop7] DEBUG com.networknt.schema.OneOfValidator -- validate( {"Content-Type":["application/json"]}, {"httpRequest":{"method":"POST","path":"/internal/store"},"httpResponse":{"statusCode":201,"headers":{"Content-Type":["application/json"]},"body":"{\"id\":\"S1\",\"name\":\"Main Store\",\"address\":\"123 Road\"}"},"id":"9a03c732-148b-4c5a-b5fe-00505bab2d96","priority":0,"timeToLive":{"unlimited":true},"times":{"unlimited":true}}, $.httpResponse.headers)
01:52:18.998 [MockServer-MockServer-workerEventLoop7] DEBUG com.networknt.schema.AdditionalPropertiesValidator -- validate( {"Content-Type":["application/json"]}, {"httpRequest":{"method":"POST","path":"/internal/store"},"httpResponse":{"statusCode":201,"headers":{"Content-Type":["application/json"]},"body":"{\"id\":\"S1\",\"name\":\"Main Store\",\"address\":\"123 Road\"}"},"id":"9a03c732-148b-4c5a-b5fe-00505bab2d96","priority":0,"timeToLive":{"unlimited":true},"times":{"unlimited":true}}, $.httpResponse.headers)
01:52:18.999 [MockServer-MockServer-workerEventLoop7] DEBUG com.networknt.schema.ItemsValidator -- validate( {"Content-Type":["application/json"]}, {"httpRequest":{"method":"POST","path":"/internal/store"},"httpResponse":{"statusCode":201,"headers":{"Content-Type":["application/json"]},"body":"{\"id\":\"S1\",\"name\":\"Main Store\",\"address\":\"123 Road\"}"},"id":"9a03c732-148b-4c5a-b5fe-00505bab2d96","priority":0,"timeToLive":{"unlimited":true},"times":{"unlimited":true}}, $.httpResponse.headers)
01:52:18.999 [MockServer-MockServer-workerEventLoop7] DEBUG com.networknt.schema.TypeValidator -- validate( {"Content-Type":["application/json"]}, {"httpRequest":{"method":"POST","path":"/internal/store"},"httpResponse":{"statusCode":201,"headers":{"Content-Type":["application/json"]},"body":"{\"id\":\"S1\",\"name\":\"Main Store\",\"address\":\"123 Road\"}"},"id":"9a03c732-148b-4c5a-b5fe-00505bab2d96","priority":0,"timeToLive":{"unlimited":true},"times":{"unlimited":true}}, $.httpResponse.headers)
01:52:19.002 [MockServer-MockServer-workerEventLoop7] DEBUG com.networknt.schema.PropertiesValidator -- validate( {"Content-Type":["application/json"]}, {"httpRequest":{"method":"POST","path":"/internal/store"},"httpResponse":{"statusCode":201,"headers":{"Content-Type":["application/json"]},"body":"{\"id\":\"S1\",\"name\":\"Main Store\",\"address\":\"123 Road\"}"},"id":"9a03c732-148b-4c5a-b5fe-00505bab2d96","priority":0,"timeToLive":{"unlimited":true},"times":{"unlimited":true}}, $.httpResponse.headers)
01:52:19.003 [MockServer-MockServer-workerEventLoop7] DEBUG com.networknt.schema.AdditionalPropertiesValidator -- validate( {"Content-Type":["application/json"]}, {"httpRequest":{"method":"POST","path":"/internal/store"},"httpResponse":{"statusCode":201,"headers":{"Content-Type":["application/json"]},"body":"{\"id\":\"S1\",\"name\":\"Main Store\",\"address\":\"123 Road\"}"},"id":"9a03c732-148b-4c5a-b5fe-00505bab2d96","priority":0,"timeToLive":{"unlimited":true},"times":{"unlimited":true}}, $.httpResponse.headers)
01:52:19.005 [MockServer-MockServer-workerEventLoop7] DEBUG com.networknt.schema.PatternPropertiesValidator -- validate( {"Content-Type":["application/json"]}, {"httpRequest":{"method":"POST","path":"/internal/store"},"httpResponse":{"statusCode":201,"headers":{"Content-Type":["application/json"]},"body":"{\"id\":\"S1\",\"name\":\"Main Store\",\"address\":\"123 Road\"}"},"id":"9a03c732-148b-4c5a-b5fe-00505bab2d96","priority":0,"timeToLive":{"unlimited":true},"times":{"unlimited":true}}, $.httpResponse.headers)
01:52:19.007 [MockServer-MockServer-workerEventLoop7] DEBUG com.networknt.schema.OneOfValidator -- validate( ["application/json"], {"httpRequest":{"method":"POST","path":"/internal/store"},"httpResponse":{"statusCode":201,"headers":{"Content-Type":["application/json"]},"body":"{\"id\":\"S1\",\"name\":\"Main Store\",\"address\":\"123 Road\"}"},"id":"9a03c732-148b-4c5a-b5fe-00505bab2d96","priority":0,"timeToLive":{"unlimited":true},"times":{"unlimited":true}}, $.httpResponse.headers.Content-Type)
01:52:19.007 [MockServer-MockServer-workerEventLoop7] DEBUG com.networknt.schema.TypeValidator -- validate( ["application/json"], {"httpRequest":{"method":"POST","path":"/internal/store"},"httpResponse":{"statusCode":201,"headers":{"Content-Type":["application/json"]},"body":"{\"id\":\"S1\",\"name\":\"Main Store\",\"address\":\"123 Road\"}"},"id":"9a03c732-148b-4c5a-b5fe-00505bab2d96","priority":0,"timeToLive":{"unlimited":true},"times":{"unlimited":true}}, $.httpResponse.headers.Content-Type)
01:52:19.007 [MockServer-MockServer-workerEventLoop7] DEBUG com.networknt.schema.AdditionalPropertiesValidator -- validate( ["application/json"], {"httpRequest":{"method":"POST","path":"/internal/store"},"httpResponse":{"statusCode":201,"headers":{"Content-Type":["application/json"]},"body":"{\"id\":\"S1\",\"name\":\"Main Store\",\"address\":\"123 Road\"}"},"id":"9a03c732-148b-4c5a-b5fe-00505bab2d96","priority":0,"timeToLive":{"unlimited":true},"times":{"unlimited":true}}, $.httpResponse.headers.Content-Type)
01:52:19.007 [MockServer-MockServer-workerEventLoop7] DEBUG com.networknt.schema.ItemsValidator -- validate( ["application/json"], {"httpRequest":{"method":"POST","path":"/internal/store"},"httpResponse":{"statusCode":201,"headers":{"Content-Type":["application/json"]},"body":"{\"id\":\"S1\",\"name\":\"Main Store\",\"address\":\"123 Road\"}"},"id":"9a03c732-148b-4c5a-b5fe-00505bab2d96","priority":0,"timeToLive":{"unlimited":true},"times":{"unlimited":true}}, $.httpResponse.headers.Content-Type)
01:52:19.007 [MockServer-MockServer-workerEventLoop7] DEBUG com.networknt.schema.RefValidator -- validate( "application/json", {"httpRequest":{"method":"POST","path":"/internal/store"},"httpResponse":{"statusCode":201,"headers":{"Content-Type":["application/json"]},"body":"{\"id\":\"S1\",\"name\":\"Main Store\",\"address\":\"123 Road\"}"},"id":"9a03c732-148b-4c5a-b5fe-00505bab2d96","priority":0,"timeToLive":{"unlimited":true},"times":{"unlimited":true}}, $.httpResponse.headers.Content-Type[0])
01:52:19.008 [MockServer-MockServer-workerEventLoop7] DEBUG com.networknt.schema.OneOfValidator -- validate( "application/json", {"httpRequest":{"method":"POST","path":"/internal/store"},"httpResponse":{"statusCode":201,"headers":{"Content-Type":["application/json"]},"body":"{\"id\":\"S1\",\"name\":\"Main Store\",\"address\":\"123 Road\"}"},"id":"9a03c732-148b-4c5a-b5fe-00505bab2d96","priority":0,"timeToLive":{"unlimited":true},"times":{"unlimited":true}}, $.httpResponse.headers.Content-Type[0])
01:52:19.008 [MockServer-MockServer-workerEventLoop7] DEBUG com.networknt.schema.TypeValidator -- validate( "application/json", {"httpRequest":{"method":"POST","path":"/internal/store"},"httpResponse":{"statusCode":201,"headers":{"Content-Type":["application/json"]},"body":"{\"id\":\"S1\",\"name\":\"Main Store\",\"address\":\"123 Road\"}"},"id":"9a03c732-148b-4c5a-b5fe-00505bab2d96","priority":0,"timeToLive":{"unlimited":true},"times":{"unlimited":true}}, $.httpResponse.headers.Content-Type[0])
01:52:19.009 [MockServer-MockServer-workerEventLoop7] DEBUG com.networknt.schema.PropertiesValidator -- validate( "application/json", {"httpRequest":{"method":"POST","path":"/internal/store"},"httpResponse":{"statusCode":201,"headers":{"Content-Type":["application/json"]},"body":"{\"id\":\"S1\",\"name\":\"Main Store\",\"address\":\"123 Road\"}"},"id":"9a03c732-148b-4c5a-b5fe-00505bab2d96","priority":0,"timeToLive":{"unlimited":true},"times":{"unlimited":true}}, $.httpResponse.headers.Content-Type[0])
01:52:19.009 [MockServer-MockServer-workerEventLoop7] DEBUG com.networknt.schema.AdditionalPropertiesValidator -- validate( "application/json", {"httpRequest":{"method":"POST","path":"/internal/store"},"httpResponse":{"statusCode":201,"headers":{"Content-Type":["application/json"]},"body":"{\"id\":\"S1\",\"name\":\"Main Store\",\"address\":\"123 Road\"}"},"id":"9a03c732-148b-4c5a-b5fe-00505bab2d96","priority":0,"timeToLive":{"unlimited":true},"times":{"unlimited":true}}, $.httpResponse.headers.Content-Type[0])
01:52:19.011 [MockServer-MockServer-workerEventLoop7] DEBUG com.networknt.schema.TypeValidator -- validate( "application/json", {"httpRequest":{"method":"POST","path":"/internal/store"},"httpResponse":{"statusCode":201,"headers":{"Content-Type":["application/json"]},"body":"{\"id\":\"S1\",\"name\":\"Main Store\",\"address\":\"123 Road\"}"},"id":"9a03c732-148b-4c5a-b5fe-00505bab2d96","priority":0,"timeToLive":{"unlimited":true},"times":{"unlimited":true}}, $.httpResponse.headers.Content-Type[0])
01:52:19.012 [MockServer-MockServer-workerEventLoop7] DEBUG com.networknt.schema.TypeValidator -- validate( ["application/json"], {"httpRequest":{"method":"POST","path":"/internal/store"},"httpResponse":{"statusCode":201,"headers":{"Content-Type":["application/json"]},"body":"{\"id\":\"S1\",\"name\":\"Main Store\",\"address\":\"123 Road\"}"},"id":"9a03c732-148b-4c5a-b5fe-00505bab2d96","priority":0,"timeToLive":{"unlimited":true},"times":{"unlimited":true}}, $.httpResponse.headers.Content-Type)
01:52:19.013 [MockServer-MockServer-workerEventLoop7] DEBUG com.networknt.schema.PropertiesValidator -- validate( ["application/json"], {"httpRequest":{"method":"POST","path":"/internal/store"},"httpResponse":{"statusCode":201,"headers":{"Content-Type":["application/json"]},"body":"{\"id\":\"S1\",\"name\":\"Main Store\",\"address\":\"123 Road\"}"},"id":"9a03c732-148b-4c5a-b5fe-00505bab2d96","priority":0,"timeToLive":{"unlimited":true},"times":{"unlimited":true}}, $.httpResponse.headers.Content-Type)
01:52:19.014 [MockServer-MockServer-workerEventLoop7] DEBUG com.networknt.schema.AdditionalPropertiesValidator -- validate( ["application/json"], {"httpRequest":{"method":"POST","path":"/internal/store"},"httpResponse":{"statusCode":201,"headers":{"Content-Type":["application/json"]},"body":"{\"id\":\"S1\",\"name\":\"Main Store\",\"address\":\"123 Road\"}"},"id":"9a03c732-148b-4c5a-b5fe-00505bab2d96","priority":0,"timeToLive":{"unlimited":true},"times":{"unlimited":true}}, $.httpResponse.headers.Content-Type)
01:52:19.016 [MockServer-MockServer-workerEventLoop7] DEBUG com.networknt.schema.TypeValidator -- validate( ["application/json"], {"httpRequest":{"method":"POST","path":"/internal/store"},"httpResponse":{"statusCode":201,"headers":{"Content-Type":["application/json"]},"body":"{\"id\":\"S1\",\"name\":\"Main Store\",\"address\":\"123 Road\"}"},"id":"9a03c732-148b-4c5a-b5fe-00505bab2d96","priority":0,"timeToLive":{"unlimited":true},"times":{"unlimited":true}}, $.httpResponse.headers.Content-Type)
01:52:19.018 [MockServer-MockServer-workerEventLoop7] DEBUG com.networknt.schema.TypeValidator -- validate( {"Content-Type":["application/json"]}, {"httpRequest":{"method":"POST","path":"/internal/store"},"httpResponse":{"statusCode":201,"headers":{"Content-Type":["application/json"]},"body":"{\"id\":\"S1\",\"name\":\"Main Store\",\"address\":\"123 Road\"}"},"id":"9a03c732-148b-4c5a-b5fe-00505bab2d96","priority":0,"timeToLive":{"unlimited":true},"times":{"unlimited":true}}, $.httpResponse.headers)
01:52:19.018 [MockServer-MockServer-workerEventLoop7] DEBUG com.networknt.schema.TypeValidator -- validate( 201, {"httpRequest":{"method":"POST","path":"/internal/store"},"httpResponse":{"statusCode":201,"headers":{"Content-Type":["application/json"]},"body":"{\"id\":\"S1\",\"name\":\"Main Store\",\"address\":\"123 Road\"}"},"id":"9a03c732-148b-4c5a-b5fe-00505bab2d96","priority":0,"timeToLive":{"unlimited":true},"times":{"unlimited":true}}, $.httpResponse.statusCode)
01:52:19.018 [MockServer-MockServer-workerEventLoop7] DEBUG com.networknt.schema.AdditionalPropertiesValidator -- validate( {"statusCode":201,"headers":{"Content-Type":["application/json"]},"body":"{\"id\":\"S1\",\"name\":\"Main Store\",\"address\":\"123 Road\"}"}, {"httpRequest":{"method":"POST","path":"/internal/store"},"httpResponse":{"statusCode":201,"headers":{"Content-Type":["application/json"]},"body":"{\"id\":\"S1\",\"name\":\"Main Store\",\"address\":\"123 Road\"}"},"id":"9a03c732-148b-4c5a-b5fe-00505bab2d96","priority":0,"timeToLive":{"unlimited":true},"times":{"unlimited":true}}, $.httpResponse)
01:52:19.018 [MockServer-MockServer-workerEventLoop7] DEBUG com.networknt.schema.TypeValidator -- validate( {"statusCode":201,"headers":{"Content-Type":["application/json"]},"body":"{\"id\":\"S1\",\"name\":\"Main Store\",\"address\":\"123 Road\"}"}, {"httpRequest":{"method":"POST","path":"/internal/store"},"httpResponse":{"statusCode":201,"headers":{"Content-Type":["application/json"]},"body":"{\"id\":\"S1\",\"name\":\"Main Store\",\"address\":\"123 Road\"}"},"id":"9a03c732-148b-4c5a-b5fe-00505bab2d96","priority":0,"timeToLive":{"unlimited":true},"times":{"unlimited":true}}, $.httpResponse)
01:52:19.018 [MockServer-MockServer-workerEventLoop7] DEBUG com.networknt.schema.RefValidator -- validate( {"unlimited":true}, {"httpRequest":{"method":"POST","path":"/internal/store"},"httpResponse":{"statusCode":201,"headers":{"Content-Type":["application/json"]},"body":"{\"id\":\"S1\",\"name\":\"Main Store\",\"address\":\"123 Road\"}"},"id":"9a03c732-148b-4c5a-b5fe-00505bab2d96","priority":0,"timeToLive":{"unlimited":true},"times":{"unlimited":true}}, $.times)
01:52:19.019 [MockServer-MockServer-workerEventLoop7] DEBUG com.networknt.schema.PropertiesValidator -- validate( {"unlimited":true}, {"httpRequest":{"method":"POST","path":"/internal/store"},"httpResponse":{"statusCode":201,"headers":{"Content-Type":["application/json"]},"body":"{\"id\":\"S1\",\"name\":\"Main Store\",\"address\":\"123 Road\"}"},"id":"9a03c732-148b-4c5a-b5fe-00505bab2d96","priority":0,"timeToLive":{"unlimited":true},"times":{"unlimited":true}}, $.times)
01:52:19.019 [MockServer-MockServer-workerEventLoop7] DEBUG com.networknt.schema.TypeValidator -- validate( true, {"httpRequest":{"method":"POST","path":"/internal/store"},"httpResponse":{"statusCode":201,"headers":{"Content-Type":["application/json"]},"body":"{\"id\":\"S1\",\"name\":\"Main Store\",\"address\":\"123 Road\"}"},"id":"9a03c732-148b-4c5a-b5fe-00505bab2d96","priority":0,"timeToLive":{"unlimited":true},"times":{"unlimited":true}}, $.times.unlimited)
01:52:19.019 [MockServer-MockServer-workerEventLoop7] DEBUG com.networknt.schema.AdditionalPropertiesValidator -- validate( {"unlimited":true}, {"httpRequest":{"method":"POST","path":"/internal/store"},"httpResponse":{"statusCode":201,"headers":{"Content-Type":["application/json"]},"body":"{\"id\":\"S1\",\"name\":\"Main Store\",\"address\":\"123 Road\"}"},"id":"9a03c732-148b-4c5a-b5fe-00505bab2d96","priority":0,"timeToLive":{"unlimited":true},"times":{"unlimited":true}}, $.times)
01:52:19.019 [MockServer-MockServer-workerEventLoop7] DEBUG com.networknt.schema.TypeValidator -- validate( {"unlimited":true}, {"httpRequest":{"method":"POST","path":"/internal/store"},"httpResponse":{"statusCode":201,"headers":{"Content-Type":["application/json"]},"body":"{\"id\":\"S1\",\"name\":\"Main Store\",\"address\":\"123 Road\"}"},"id":"9a03c732-148b-4c5a-b5fe-00505bab2d96","priority":0,"timeToLive":{"unlimited":true},"times":{"unlimited":true}}, $.times)
01:52:19.019 [MockServer-MockServer-workerEventLoop7] DEBUG com.networknt.schema.RefValidator -- validate( {"unlimited":true}, {"httpRequest":{"method":"POST","path":"/internal/store"},"httpResponse":{"statusCode":201,"headers":{"Content-Type":["application/json"]},"body":"{\"id\":\"S1\",\"name\":\"Main Store\",\"address\":\"123 Road\"}"},"id":"9a03c732-148b-4c5a-b5fe-00505bab2d96","priority":0,"timeToLive":{"unlimited":true},"times":{"unlimited":true}}, $.timeToLive)
01:52:19.020 [MockServer-MockServer-workerEventLoop7] DEBUG com.networknt.schema.PropertiesValidator -- validate( {"unlimited":true}, {"httpRequest":{"method":"POST","path":"/internal/store"},"httpResponse":{"statusCode":201,"headers":{"Content-Type":["application/json"]},"body":"{\"id\":\"S1\",\"name\":\"Main Store\",\"address\":\"123 Road\"}"},"id":"9a03c732-148b-4c5a-b5fe-00505bab2d96","priority":0,"timeToLive":{"unlimited":true},"times":{"unlimited":true}}, $.timeToLive)
01:52:19.020 [MockServer-MockServer-workerEventLoop7] DEBUG com.networknt.schema.TypeValidator -- validate( true, {"httpRequest":{"method":"POST","path":"/internal/store"},"httpResponse":{"statusCode":201,"headers":{"Content-Type":["application/json"]},"body":"{\"id\":\"S1\",\"name\":\"Main Store\",\"address\":\"123 Road\"}"},"id":"9a03c732-148b-4c5a-b5fe-00505bab2d96","priority":0,"timeToLive":{"unlimited":true},"times":{"unlimited":true}}, $.timeToLive.unlimited)
01:52:19.020 [MockServer-MockServer-workerEventLoop7] DEBUG com.networknt.schema.AdditionalPropertiesValidator -- validate( {"unlimited":true}, {"httpRequest":{"method":"POST","path":"/internal/store"},"httpResponse":{"statusCode":201,"headers":{"Content-Type":["application/json"]},"body":"{\"id\":\"S1\",\"name\":\"Main Store\",\"address\":\"123 Road\"}"},"id":"9a03c732-148b-4c5a-b5fe-00505bab2d96","priority":0,"timeToLive":{"unlimited":true},"times":{"unlimited":true}}, $.timeToLive)
01:52:19.021 [MockServer-MockServer-workerEventLoop7] DEBUG com.networknt.schema.TypeValidator -- validate( {"unlimited":true}, {"httpRequest":{"method":"POST","path":"/internal/store"},"httpResponse":{"statusCode":201,"headers":{"Content-Type":["application/json"]},"body":"{\"id\":\"S1\",\"name\":\"Main Store\",\"address\":\"123 Road\"}"},"id":"9a03c732-148b-4c5a-b5fe-00505bab2d96","priority":0,"timeToLive":{"unlimited":true},"times":{"unlimited":true}}, $.timeToLive)
01:52:19.022 [MockServer-MockServer-workerEventLoop7] DEBUG com.networknt.schema.AdditionalPropertiesValidator -- validate( {"httpRequest":{"method":"POST","path":"/internal/store"},"httpResponse":{"statusCode":201,"headers":{"Content-Type":["application/json"]},"body":"{\"id\":\"S1\",\"name\":\"Main Store\",\"address\":\"123 Road\"}"},"id":"9a03c732-148b-4c5a-b5fe-00505bab2d96","priority":0,"timeToLive":{"unlimited":true},"times":{"unlimited":true}}, {"httpRequest":{"method":"POST","path":"/internal/store"},"httpResponse":{"statusCode":201,"headers":{"Content-Type":["application/json"]},"body":"{\"id\":\"S1\",\"name\":\"Main Store\",\"address\":\"123 Road\"}"},"id":"9a03c732-148b-4c5a-b5fe-00505bab2d96","priority":0,"timeToLive":{"unlimited":true},"times":{"unlimited":true}}, $)
01:52:19.022 [MockServer-MockServer-workerEventLoop7] DEBUG com.networknt.schema.OneOfValidator -- validate( {"httpRequest":{"method":"POST","path":"/internal/store"},"httpResponse":{"statusCode":201,"headers":{"Content-Type":["application/json"]},"body":"{\"id\":\"S1\",\"name\":\"Main Store\",\"address\":\"123 Road\"}"},"id":"9a03c732-148b-4c5a-b5fe-00505bab2d96","priority":0,"timeToLive":{"unlimited":true},"times":{"unlimited":true}}, {"httpRequest":{"method":"POST","path":"/internal/store"},"httpResponse":{"statusCode":201,"headers":{"Content-Type":["application/json"]},"body":"{\"id\":\"S1\",\"name\":\"Main Store\",\"address\":\"123 Road\"}"},"id":"9a03c732-148b-4c5a-b5fe-00505bab2d96","priority":0,"timeToLive":{"unlimited":true},"times":{"unlimited":true}}, $)
01:52:19.023 [MockServer-MockServer-workerEventLoop7] DEBUG com.networknt.schema.RequiredValidator -- validate( {"httpRequest":{"method":"POST","path":"/internal/store"},"httpResponse":{"statusCode":201,"headers":{"Content-Type":["application/json"]},"body":"{\"id\":\"S1\",\"name\":\"Main Store\",\"address\":\"123 Road\"}"},"id":"9a03c732-148b-4c5a-b5fe-00505bab2d96","priority":0,"timeToLive":{"unlimited":true},"times":{"unlimited":true}}, {"httpRequest":{"method":"POST","path":"/internal/store"},"httpResponse":{"statusCode":201,"headers":{"Content-Type":["application/json"]},"body":"{\"id\":\"S1\",\"name\":\"Main Store\",\"address\":\"123 Road\"}"},"id":"9a03c732-148b-4c5a-b5fe-00505bab2d96","priority":0,"timeToLive":{"unlimited":true},"times":{"unlimited":true}}, $)
01:52:19.024 [MockServer-MockServer-workerEventLoop7] DEBUG com.networknt.schema.RequiredValidator -- validate( {"httpRequest":{"method":"POST","path":"/internal/store"},"httpResponse":{"statusCode":201,"headers":{"Content-Type":["application/json"]},"body":"{\"id\":\"S1\",\"name\":\"Main Store\",\"address\":\"123 Road\"}"},"id":"9a03c732-148b-4c5a-b5fe-00505bab2d96","priority":0,"timeToLive":{"unlimited":true},"times":{"unlimited":true}}, {"httpRequest":{"method":"POST","path":"/internal/store"},"httpResponse":{"statusCode":201,"headers":{"Content-Type":["application/json"]},"body":"{\"id\":\"S1\",\"name\":\"Main Store\",\"address\":\"123 Road\"}"},"id":"9a03c732-148b-4c5a-b5fe-00505bab2d96","priority":0,"timeToLive":{"unlimited":true},"times":{"unlimited":true}}, $)
01:52:19.025 [MockServer-MockServer-workerEventLoop7] DEBUG com.networknt.schema.RequiredValidator -- validate( {"httpRequest":{"method":"POST","path":"/internal/store"},"httpResponse":{"statusCode":201,"headers":{"Content-Type":["application/json"]},"body":"{\"id\":\"S1\",\"name\":\"Main Store\",\"address\":\"123 Road\"}"},"id":"9a03c732-148b-4c5a-b5fe-00505bab2d96","priority":0,"timeToLive":{"unlimited":true},"times":{"unlimited":true}}, {"httpRequest":{"method":"POST","path":"/internal/store"},"httpResponse":{"statusCode":201,"headers":{"Content-Type":["application/json"]},"body":"{\"id\":\"S1\",\"name\":\"Main Store\",\"address\":\"123 Road\"}"},"id":"9a03c732-148b-4c5a-b5fe-00505bab2d96","priority":0,"timeToLive":{"unlimited":true},"times":{"unlimited":true}}, $)
01:52:19.026 [MockServer-MockServer-workerEventLoop7] DEBUG com.networknt.schema.RequiredValidator -- validate( {"httpRequest":{"method":"POST","path":"/internal/store"},"httpResponse":{"statusCode":201,"headers":{"Content-Type":["application/json"]},"body":"{\"id\":\"S1\",\"name\":\"Main Store\",\"address\":\"123 Road\"}"},"id":"9a03c732-148b-4c5a-b5fe-00505bab2d96","priority":0,"timeToLive":{"unlimited":true},"times":{"unlimited":true}}, {"httpRequest":{"method":"POST","path":"/internal/store"},"httpResponse":{"statusCode":201,"headers":{"Content-Type":["application/json"]},"body":"{\"id\":\"S1\",\"name\":\"Main Store\",\"address\":\"123 Road\"}"},"id":"9a03c732-148b-4c5a-b5fe-00505bab2d96","priority":0,"timeToLive":{"unlimited":true},"times":{"unlimited":true}}, $)
01:52:19.026 [MockServer-MockServer-workerEventLoop7] DEBUG com.networknt.schema.RequiredValidator -- validate( {"httpRequest":{"method":"POST","path":"/internal/store"},"httpResponse":{"statusCode":201,"headers":{"Content-Type":["application/json"]},"body":"{\"id\":\"S1\",\"name\":\"Main Store\",\"address\":\"123 Road\"}"},"id":"9a03c732-148b-4c5a-b5fe-00505bab2d96","priority":0,"timeToLive":{"unlimited":true},"times":{"unlimited":true}}, {"httpRequest":{"method":"POST","path":"/internal/store"},"httpResponse":{"statusCode":201,"headers":{"Content-Type":["application/json"]},"body":"{\"id\":\"S1\",\"name\":\"Main Store\",\"address\":\"123 Road\"}"},"id":"9a03c732-148b-4c5a-b5fe-00505bab2d96","priority":0,"timeToLive":{"unlimited":true},"times":{"unlimited":true}}, $)
01:52:19.027 [MockServer-MockServer-workerEventLoop7] DEBUG com.networknt.schema.RequiredValidator -- validate( {"httpRequest":{"method":"POST","path":"/internal/store"},"httpResponse":{"statusCode":201,"headers":{"Content-Type":["application/json"]},"body":"{\"id\":\"S1\",\"name\":\"Main Store\",\"address\":\"123 Road\"}"},"id":"9a03c732-148b-4c5a-b5fe-00505bab2d96","priority":0,"timeToLive":{"unlimited":true},"times":{"unlimited":true}}, {"httpRequest":{"method":"POST","path":"/internal/store"},"httpResponse":{"statusCode":201,"headers":{"Content-Type":["application/json"]},"body":"{\"id\":\"S1\",\"name\":\"Main Store\",\"address\":\"123 Road\"}"},"id":"9a03c732-148b-4c5a-b5fe-00505bab2d96","priority":0,"timeToLive":{"unlimited":true},"times":{"unlimited":true}}, $)
01:52:19.028 [MockServer-MockServer-workerEventLoop7] DEBUG com.networknt.schema.RequiredValidator -- validate( {"httpRequest":{"method":"POST","path":"/internal/store"},"httpResponse":{"statusCode":201,"headers":{"Content-Type":["application/json"]},"body":"{\"id\":\"S1\",\"name\":\"Main Store\",\"address\":\"123 Road\"}"},"id":"9a03c732-148b-4c5a-b5fe-00505bab2d96","priority":0,"timeToLive":{"unlimited":true},"times":{"unlimited":true}}, {"httpRequest":{"method":"POST","path":"/internal/store"},"httpResponse":{"statusCode":201,"headers":{"Content-Type":["application/json"]},"body":"{\"id\":\"S1\",\"name\":\"Main Store\",\"address\":\"123 Road\"}"},"id":"9a03c732-148b-4c5a-b5fe-00505bab2d96","priority":0,"timeToLive":{"unlimited":true},"times":{"unlimited":true}}, $)
01:52:19.030 [MockServer-MockServer-workerEventLoop7] DEBUG com.networknt.schema.RequiredValidator -- validate( {"httpRequest":{"method":"POST","path":"/internal/store"},"httpResponse":{"statusCode":201,"headers":{"Content-Type":["application/json"]},"body":"{\"id\":\"S1\",\"name\":\"Main Store\",\"address\":\"123 Road\"}"},"id":"9a03c732-148b-4c5a-b5fe-00505bab2d96","priority":0,"timeToLive":{"unlimited":true},"times":{"unlimited":true}}, {"httpRequest":{"method":"POST","path":"/internal/store"},"httpResponse":{"statusCode":201,"headers":{"Content-Type":["application/json"]},"body":"{\"id\":\"S1\",\"name\":\"Main Store\",\"address\":\"123 Road\"}"},"id":"9a03c732-148b-4c5a-b5fe-00505bab2d96","priority":0,"timeToLive":{"unlimited":true},"times":{"unlimited":true}}, $)
01:52:19.031 [MockServer-MockServer-workerEventLoop7] DEBUG com.networknt.schema.RequiredValidator -- validate( {"httpRequest":{"method":"POST","path":"/internal/store"},"httpResponse":{"statusCode":201,"headers":{"Content-Type":["application/json"]},"body":"{\"id\":\"S1\",\"name\":\"Main Store\",\"address\":\"123 Road\"}"},"id":"9a03c732-148b-4c5a-b5fe-00505bab2d96","priority":0,"timeToLive":{"unlimited":true},"times":{"unlimited":true}}, {"httpRequest":{"method":"POST","path":"/internal/store"},"httpResponse":{"statusCode":201,"headers":{"Content-Type":["application/json"]},"body":"{\"id\":\"S1\",\"name\":\"Main Store\",\"address\":\"123 Road\"}"},"id":"9a03c732-148b-4c5a-b5fe-00505bab2d96","priority":0,"timeToLive":{"unlimited":true},"times":{"unlimited":true}}, $)
01:52:19.031 [MockServer-MockServer-workerEventLoop7] DEBUG com.networknt.schema.RequiredValidator -- validate( {"httpRequest":{"method":"POST","path":"/internal/store"},"httpResponse":{"statusCode":201,"headers":{"Content-Type":["application/json"]},"body":"{\"id\":\"S1\",\"name\":\"Main Store\",\"address\":\"123 Road\"}"},"id":"9a03c732-148b-4c5a-b5fe-00505bab2d96","priority":0,"timeToLive":{"unlimited":true},"times":{"unlimited":true}}, {"httpRequest":{"method":"POST","path":"/internal/store"},"httpResponse":{"statusCode":201,"headers":{"Content-Type":["application/json"]},"body":"{\"id\":\"S1\",\"name\":\"Main Store\",\"address\":\"123 Road\"}"},"id":"9a03c732-148b-4c5a-b5fe-00505bab2d96","priority":0,"timeToLive":{"unlimited":true},"times":{"unlimited":true}}, $)
01:52:19.032 [MockServer-MockServer-workerEventLoop7] DEBUG com.networknt.schema.TypeValidator -- validate( {"httpRequest":{"method":"POST","path":"/internal/store"},"httpResponse":{"statusCode":201,"headers":{"Content-Type":["application/json"]},"body":"{\"id\":\"S1\",\"name\":\"Main Store\",\"address\":\"123 Road\"}"},"id":"9a03c732-148b-4c5a-b5fe-00505bab2d96","priority":0,"timeToLive":{"unlimited":true},"times":{"unlimited":true}}, {"httpRequest":{"method":"POST","path":"/internal/store"},"httpResponse":{"statusCode":201,"headers":{"Content-Type":["application/json"]},"body":"{\"id\":\"S1\",\"name\":\"Main Store\",\"address\":\"123 Road\"}"},"id":"9a03c732-148b-4c5a-b5fe-00505bab2d96","priority":0,"timeToLive":{"unlimited":true},"times":{"unlimited":true}}, $)
01:52:19.310 [MockServer-EventLog0] INFO org.mockserver.log.MockServerEventLog -- 8888 creating expectation:

  {
    "httpRequest" : {
      "method" : "POST",
      "path" : "/internal/store"
    },
    "httpResponse" : {
      "statusCode" : 201,
      "headers" : {
        "Content-Type" : [ "application/json" ]
      },
      "body" : "{\"id\":\"S1\",\"name\":\"Main Store\",\"address\":\"123 Road\"}"
    },
    "id" : "9a03c732-148b-4c5a-b5fe-00505bab2d96",
    "priority" : 0,
    "timeToLive" : {
      "unlimited" : true
    },
    "times" : {
      "unlimited" : true
    }
  }

 with id:

  9a03c732-148b-4c5a-b5fe-00505bab2d96

01:52:19.309 [main] DEBUG com.networknt.schema.PropertiesValidator -- validate( {"httpRequest":{"method":"POST","path":"/internal/store"},"httpResponse":{"statusCode":201,"headers":{"Content-Type":["application/json"]},"body":"{\"id\":\"S1\",\"name\":\"Main Store\",\"address\":\"123 Road\"}"},"id":"9a03c732-148b-4c5a-b5fe-00505bab2d96","priority":0,"timeToLive":{"unlimited":true},"times":{"unlimited":true}}, {"httpRequest":{"method":"POST","path":"/internal/store"},"httpResponse":{"statusCode":201,"headers":{"Content-Type":["application/json"]},"body":"{\"id\":\"S1\",\"name\":\"Main Store\",\"address\":\"123 Road\"}"},"id":"9a03c732-148b-4c5a-b5fe-00505bab2d96","priority":0,"timeToLive":{"unlimited":true},"times":{"unlimited":true}}, $)
01:52:19.311 [main] DEBUG com.networknt.schema.TypeValidator -- validate( "9a03c732-148b-4c5a-b5fe-00505bab2d96", {"httpRequest":{"method":"POST","path":"/internal/store"},"httpResponse":{"statusCode":201,"headers":{"Content-Type":["application/json"]},"body":"{\"id\":\"S1\",\"name\":\"Main Store\",\"address\":\"123 Road\"}"},"id":"9a03c732-148b-4c5a-b5fe-00505bab2d96","priority":0,"timeToLive":{"unlimited":true},"times":{"unlimited":true}}, $.id)
01:52:19.312 [main] DEBUG com.networknt.schema.TypeValidator -- validate( 0, {"httpRequest":{"method":"POST","path":"/internal/store"},"httpResponse":{"statusCode":201,"headers":{"Content-Type":["application/json"]},"body":"{\"id\":\"S1\",\"name\":\"Main Store\",\"address\":\"123 Road\"}"},"id":"9a03c732-148b-4c5a-b5fe-00505bab2d96","priority":0,"timeToLive":{"unlimited":true},"times":{"unlimited":true}}, $.priority)
01:52:19.313 [main] DEBUG com.networknt.schema.RefValidator -- validate( {"method":"POST","path":"/internal/store"}, {"httpRequest":{"method":"POST","path":"/internal/store"},"httpResponse":{"statusCode":201,"headers":{"Content-Type":["application/json"]},"body":"{\"id\":\"S1\",\"name\":\"Main Store\",\"address\":\"123 Road\"}"},"id":"9a03c732-148b-4c5a-b5fe-00505bab2d96","priority":0,"timeToLive":{"unlimited":true},"times":{"unlimited":true}}, $.httpRequest)
01:52:19.313 [main] DEBUG com.networknt.schema.RequiredValidator -- validate( {"method":"POST","path":"/internal/store"}, {"httpRequest":{"method":"POST","path":"/internal/store"},"httpResponse":{"statusCode":201,"headers":{"Content-Type":["application/json"]},"body":"{\"id\":\"S1\",\"name\":\"Main Store\",\"address\":\"123 Road\"}"},"id":"9a03c732-148b-4c5a-b5fe-00505bab2d96","priority":0,"timeToLive":{"unlimited":true},"times":{"unlimited":true}}, $.httpRequest)
01:52:19.314 [main] DEBUG com.networknt.schema.RefValidator -- validate( {"method":"POST","path":"/internal/store"}, {"httpRequest":{"method":"POST","path":"/internal/store"},"httpResponse":{"statusCode":201,"headers":{"Content-Type":["application/json"]},"body":"{\"id\":\"S1\",\"name\":\"Main Store\",\"address\":\"123 Road\"}"},"id":"9a03c732-148b-4c5a-b5fe-00505bab2d96","priority":0,"timeToLive":{"unlimited":true},"times":{"unlimited":true}}, $.httpRequest)
01:52:19.314 [main] DEBUG com.networknt.schema.PropertiesValidator -- validate( {"method":"POST","path":"/internal/store"}, {"httpRequest":{"method":"POST","path":"/internal/store"},"httpResponse":{"statusCode":201,"headers":{"Content-Type":["application/json"]},"body":"{\"id\":\"S1\",\"name\":\"Main Store\",\"address\":\"123 Road\"}"},"id":"9a03c732-148b-4c5a-b5fe-00505bab2d96","priority":0,"timeToLive":{"unlimited":true},"times":{"unlimited":true}}, $.httpRequest)
01:52:19.314 [main] DEBUG com.networknt.schema.RefValidator -- validate( "POST", {"httpRequest":{"method":"POST","path":"/internal/store"},"httpResponse":{"statusCode":201,"headers":{"Content-Type":["application/json"]},"body":"{\"id\":\"S1\",\"name\":\"Main Store\",\"address\":\"123 Road\"}"},"id":"9a03c732-148b-4c5a-b5fe-00505bab2d96","priority":0,"timeToLive":{"unlimited":true},"times":{"unlimited":true}}, $.httpRequest.method)
01:52:19.314 [main] DEBUG com.networknt.schema.OneOfValidator -- validate( "POST", {"httpRequest":{"method":"POST","path":"/internal/store"},"httpResponse":{"statusCode":201,"headers":{"Content-Type":["application/json"]},"body":"{\"id\":\"S1\",\"name\":\"Main Store\",\"address\":\"123 Road\"}"},"id":"9a03c732-148b-4c5a-b5fe-00505bab2d96","priority":0,"timeToLive":{"unlimited":true},"times":{"unlimited":true}}, $.httpRequest.method)
01:52:19.314 [main] DEBUG com.networknt.schema.TypeValidator -- validate( "POST", {"httpRequest":{"method":"POST","path":"/internal/store"},"httpResponse":{"statusCode":201,"headers":{"Content-Type":["application/json"]},"body":"{\"id\":\"S1\",\"name\":\"Main Store\",\"address\":\"123 Road\"}"},"id":"9a03c732-148b-4c5a-b5fe-00505bab2d96","priority":0,"timeToLive":{"unlimited":true},"times":{"unlimited":true}}, $.httpRequest.method)
01:52:19.314 [main] DEBUG com.networknt.schema.PropertiesValidator -- validate( "POST", {"httpRequest":{"method":"POST","path":"/internal/store"},"httpResponse":{"statusCode":201,"headers":{"Content-Type":["application/json"]},"body":"{\"id\":\"S1\",\"name\":\"Main Store\",\"address\":\"123 Road\"}"},"id":"9a03c732-148b-4c5a-b5fe-00505bab2d96","priority":0,"timeToLive":{"unlimited":true},"times":{"unlimited":true}}, $.httpRequest.method)
01:52:19.315 [main] DEBUG com.networknt.schema.AdditionalPropertiesValidator -- validate( "POST", {"httpRequest":{"method":"POST","path":"/internal/store"},"httpResponse":{"statusCode":201,"headers":{"Content-Type":["application/json"]},"body":"{\"id\":\"S1\",\"name\":\"Main Store\",\"address\":\"123 Road\"}"},"id":"9a03c732-148b-4c5a-b5fe-00505bab2d96","priority":0,"timeToLive":{"unlimited":true},"times":{"unlimited":true}}, $.httpRequest.method)
01:52:19.315 [main] DEBUG com.networknt.schema.TypeValidator -- validate( "POST", {"httpRequest":{"method":"POST","path":"/internal/store"},"httpResponse":{"statusCode":201,"headers":{"Content-Type":["application/json"]},"body":"{\"id\":\"S1\",\"name\":\"Main Store\",\"address\":\"123 Road\"}"},"id":"9a03c732-148b-4c5a-b5fe-00505bab2d96","priority":0,"timeToLive":{"unlimited":true},"times":{"unlimited":true}}, $.httpRequest.method)
01:52:19.317 [main] DEBUG com.networknt.schema.RefValidator -- validate( "/internal/store", {"httpRequest":{"method":"POST","path":"/internal/store"},"httpResponse":{"statusCode":201,"headers":{"Content-Type":["application/json"]},"body":"{\"id\":\"S1\",\"name\":\"Main Store\",\"address\":\"123 Road\"}"},"id":"9a03c732-148b-4c5a-b5fe-00505bab2d96","priority":0,"timeToLive":{"unlimited":true},"times":{"unlimited":true}}, $.httpRequest.path)
01:52:19.317 [main] DEBUG com.networknt.schema.OneOfValidator -- validate( "/internal/store", {"httpRequest":{"method":"POST","path":"/internal/store"},"httpResponse":{"statusCode":201,"headers":{"Content-Type":["application/json"]},"body":"{\"id\":\"S1\",\"name\":\"Main Store\",\"address\":\"123 Road\"}"},"id":"9a03c732-148b-4c5a-b5fe-00505bab2d96","priority":0,"timeToLive":{"unlimited":true},"times":{"unlimited":true}}, $.httpRequest.path)
01:52:19.317 [main] DEBUG com.networknt.schema.TypeValidator -- validate( "/internal/store", {"httpRequest":{"method":"POST","path":"/internal/store"},"httpResponse":{"statusCode":201,"headers":{"Content-Type":["application/json"]},"body":"{\"id\":\"S1\",\"name\":\"Main Store\",\"address\":\"123 Road\"}"},"id":"9a03c732-148b-4c5a-b5fe-00505bab2d96","priority":0,"timeToLive":{"unlimited":true},"times":{"unlimited":true}}, $.httpRequest.path)
01:52:19.317 [main] DEBUG com.networknt.schema.PropertiesValidator -- validate( "/internal/store", {"httpRequest":{"method":"POST","path":"/internal/store"},"httpResponse":{"statusCode":201,"headers":{"Content-Type":["application/json"]},"body":"{\"id\":\"S1\",\"name\":\"Main Store\",\"address\":\"123 Road\"}"},"id":"9a03c732-148b-4c5a-b5fe-00505bab2d96","priority":0,"timeToLive":{"unlimited":true},"times":{"unlimited":true}}, $.httpRequest.path)
01:52:19.317 [main] DEBUG com.networknt.schema.AdditionalPropertiesValidator -- validate( "/internal/store", {"httpRequest":{"method":"POST","path":"/internal/store"},"httpResponse":{"statusCode":201,"headers":{"Content-Type":["application/json"]},"body":"{\"id\":\"S1\",\"name\":\"Main Store\",\"address\":\"123 Road\"}"},"id":"9a03c732-148b-4c5a-b5fe-00505bab2d96","priority":0,"timeToLive":{"unlimited":true},"times":{"unlimited":true}}, $.httpRequest.path)
01:52:19.318 [main] DEBUG com.networknt.schema.TypeValidator -- validate( "/internal/store", {"httpRequest":{"method":"POST","path":"/internal/store"},"httpResponse":{"statusCode":201,"headers":{"Content-Type":["application/json"]},"body":"{\"id\":\"S1\",\"name\":\"Main Store\",\"address\":\"123 Road\"}"},"id":"9a03c732-148b-4c5a-b5fe-00505bab2d96","priority":0,"timeToLive":{"unlimited":true},"times":{"unlimited":true}}, $.httpRequest.path)
01:52:19.319 [main] DEBUG com.networknt.schema.AdditionalPropertiesValidator -- validate( {"method":"POST","path":"/internal/store"}, {"httpRequest":{"method":"POST","path":"/internal/store"},"httpResponse":{"statusCode":201,"headers":{"Content-Type":["application/json"]},"body":"{\"id\":\"S1\",\"name\":\"Main Store\",\"address\":\"123 Road\"}"},"id":"9a03c732-148b-4c5a-b5fe-00505bab2d96","priority":0,"timeToLive":{"unlimited":true},"times":{"unlimited":true}}, $.httpRequest)
01:52:19.321 [main] DEBUG com.networknt.schema.TypeValidator -- validate( {"method":"POST","path":"/internal/store"}, {"httpRequest":{"method":"POST","path":"/internal/store"},"httpResponse":{"statusCode":201,"headers":{"Content-Type":["application/json"]},"body":"{\"id\":\"S1\",\"name\":\"Main Store\",\"address\":\"123 Road\"}"},"id":"9a03c732-148b-4c5a-b5fe-00505bab2d96","priority":0,"timeToLive":{"unlimited":true},"times":{"unlimited":true}}, $.httpRequest)
01:52:19.321 [main] DEBUG com.networknt.schema.RefValidator -- validate( {"statusCode":201,"headers":{"Content-Type":["application/json"]},"body":"{\"id\":\"S1\",\"name\":\"Main Store\",\"address\":\"123 Road\"}"}, {"httpRequest":{"method":"POST","path":"/internal/store"},"httpResponse":{"statusCode":201,"headers":{"Content-Type":["application/json"]},"body":"{\"id\":\"S1\",\"name\":\"Main Store\",\"address\":\"123 Road\"}"},"id":"9a03c732-148b-4c5a-b5fe-00505bab2d96","priority":0,"timeToLive":{"unlimited":true},"times":{"unlimited":true}}, $.httpResponse)
01:52:19.321 [main] DEBUG com.networknt.schema.PropertiesValidator -- validate( {"statusCode":201,"headers":{"Content-Type":["application/json"]},"body":"{\"id\":\"S1\",\"name\":\"Main Store\",\"address\":\"123 Road\"}"}, {"httpRequest":{"method":"POST","path":"/internal/store"},"httpResponse":{"statusCode":201,"headers":{"Content-Type":["application/json"]},"body":"{\"id\":\"S1\",\"name\":\"Main Store\",\"address\":\"123 Road\"}"},"id":"9a03c732-148b-4c5a-b5fe-00505bab2d96","priority":0,"timeToLive":{"unlimited":true},"times":{"unlimited":true}}, $.httpResponse)
01:52:19.322 [main] DEBUG com.networknt.schema.RefValidator -- validate( "{\"id\":\"S1\",\"name\":\"Main Store\",\"address\":\"123 Road\"}", {"httpRequest":{"method":"POST","path":"/internal/store"},"httpResponse":{"statusCode":201,"headers":{"Content-Type":["application/json"]},"body":"{\"id\":\"S1\",\"name\":\"Main Store\",\"address\":\"123 Road\"}"},"id":"9a03c732-148b-4c5a-b5fe-00505bab2d96","priority":0,"timeToLive":{"unlimited":true},"times":{"unlimited":true}}, $.httpResponse.body)
01:52:19.323 [main] DEBUG com.networknt.schema.RequiredValidator -- validate( "{\"id\":\"S1\",\"name\":\"Main Store\",\"address\":\"123 Road\"}", {"httpRequest":{"method":"POST","path":"/internal/store"},"httpResponse":{"statusCode":201,"headers":{"Content-Type":["application/json"]},"body":"{\"id\":\"S1\",\"name\":\"Main Store\",\"address\":\"123 Road\"}"},"id":"9a03c732-148b-4c5a-b5fe-00505bab2d96","priority":0,"timeToLive":{"unlimited":true},"times":{"unlimited":true}}, $.httpResponse.body)
01:52:19.323 [main] DEBUG com.networknt.schema.PropertiesValidator -- validate( "{\"id\":\"S1\",\"name\":\"Main Store\",\"address\":\"123 Road\"}", {"httpRequest":{"method":"POST","path":"/internal/store"},"httpResponse":{"statusCode":201,"headers":{"Content-Type":["application/json"]},"body":"{\"id\":\"S1\",\"name\":\"Main Store\",\"address\":\"123 Road\"}"},"id":"9a03c732-148b-4c5a-b5fe-00505bab2d96","priority":0,"timeToLive":{"unlimited":true},"times":{"unlimited":true}}, $.httpResponse.body)
01:52:19.325 [main] DEBUG com.networknt.schema.AdditionalPropertiesValidator -- validate( "{\"id\":\"S1\",\"name\":\"Main Store\",\"address\":\"123 Road\"}", {"httpRequest":{"method":"POST","path":"/internal/store"},"httpResponse":{"statusCode":201,"headers":{"Content-Type":["application/json"]},"body":"{\"id\":\"S1\",\"name\":\"Main Store\",\"address\":\"123 Road\"}"},"id":"9a03c732-148b-4c5a-b5fe-00505bab2d96","priority":0,"timeToLive":{"unlimited":true},"times":{"unlimited":true}}, $.httpResponse.body)
01:52:19.325 [main] DEBUG com.networknt.schema.TypeValidator -- validate( "{\"id\":\"S1\",\"name\":\"Main Store\",\"address\":\"123 Road\"}", {"httpRequest":{"method":"POST","path":"/internal/store"},"httpResponse":{"statusCode":201,"headers":{"Content-Type":["application/json"]},"body":"{\"id\":\"S1\",\"name\":\"Main Store\",\"address\":\"123 Road\"}"},"id":"9a03c732-148b-4c5a-b5fe-00505bab2d96","priority":0,"timeToLive":{"unlimited":true},"times":{"unlimited":true}}, $.httpResponse.body)
01:52:19.325 [main] DEBUG com.networknt.schema.PropertiesValidator -- validate( "{\"id\":\"S1\",\"name\":\"Main Store\",\"address\":\"123 Road\"}", {"httpRequest":{"method":"POST","path":"/internal/store"},"httpResponse":{"statusCode":201,"headers":{"Content-Type":["application/json"]},"body":"{\"id\":\"S1\",\"name\":\"Main Store\",\"address\":\"123 Road\"}"},"id":"9a03c732-148b-4c5a-b5fe-00505bab2d96","priority":0,"timeToLive":{"unlimited":true},"times":{"unlimited":true}}, $.httpResponse.body)
01:52:19.326 [main] DEBUG com.networknt.schema.AdditionalPropertiesValidator -- validate( "{\"id\":\"S1\",\"name\":\"Main Store\",\"address\":\"123 Road\"}", {"httpRequest":{"method":"POST","path":"/internal/store"},"httpResponse":{"statusCode":201,"headers":{"Content-Type":["application/json"]},"body":"{\"id\":\"S1\",\"name\":\"Main Store\",\"address\":\"123 Road\"}"},"id":"9a03c732-148b-4c5a-b5fe-00505bab2d96","priority":0,"timeToLive":{"unlimited":true},"times":{"unlimited":true}}, $.httpResponse.body)
01:52:19.327 [main] DEBUG com.networknt.schema.TypeValidator -- validate( "{\"id\":\"S1\",\"name\":\"Main Store\",\"address\":\"123 Road\"}", {"httpRequest":{"method":"POST","path":"/internal/store"},"httpResponse":{"statusCode":201,"headers":{"Content-Type":["application/json"]},"body":"{\"id\":\"S1\",\"name\":\"Main Store\",\"address\":\"123 Road\"}"},"id":"9a03c732-148b-4c5a-b5fe-00505bab2d96","priority":0,"timeToLive":{"unlimited":true},"times":{"unlimited":true}}, $.httpResponse.body)
01:52:19.327 [main] DEBUG com.networknt.schema.AdditionalPropertiesValidator -- validate( "{\"id\":\"S1\",\"name\":\"Main Store\",\"address\":\"123 Road\"}", {"httpRequest":{"method":"POST","path":"/internal/store"},"httpResponse":{"statusCode":201,"headers":{"Content-Type":["application/json"]},"body":"{\"id\":\"S1\",\"name\":\"Main Store\",\"address\":\"123 Road\"}"},"id":"9a03c732-148b-4c5a-b5fe-00505bab2d96","priority":0,"timeToLive":{"unlimited":true},"times":{"unlimited":true}}, $.httpResponse.body)
01:52:19.327 [main] DEBUG com.networknt.schema.TypeValidator -- validate( "{\"id\":\"S1\",\"name\":\"Main Store\",\"address\":\"123 Road\"}", {"httpRequest":{"method":"POST","path":"/internal/store"},"httpResponse":{"statusCode":201,"headers":{"Content-Type":["application/json"]},"body":"{\"id\":\"S1\",\"name\":\"Main Store\",\"address\":\"123 Road\"}"},"id":"9a03c732-148b-4c5a-b5fe-00505bab2d96","priority":0,"timeToLive":{"unlimited":true},"times":{"unlimited":true}}, $.httpResponse.body)
01:52:19.328 [main] DEBUG com.networknt.schema.AdditionalPropertiesValidator -- validate( "{\"id\":\"S1\",\"name\":\"Main Store\",\"address\":\"123 Road\"}", {"httpRequest":{"method":"POST","path":"/internal/store"},"httpResponse":{"statusCode":201,"headers":{"Content-Type":["application/json"]},"body":"{\"id\":\"S1\",\"name\":\"Main Store\",\"address\":\"123 Road\"}"},"id":"9a03c732-148b-4c5a-b5fe-00505bab2d96","priority":0,"timeToLive":{"unlimited":true},"times":{"unlimited":true}}, $.httpResponse.body)
01:52:19.330 [main] DEBUG com.networknt.schema.TypeValidator -- validate( "{\"id\":\"S1\",\"name\":\"Main Store\",\"address\":\"123 Road\"}", {"httpRequest":{"method":"POST","path":"/internal/store"},"httpResponse":{"statusCode":201,"headers":{"Content-Type":["application/json"]},"body":"{\"id\":\"S1\",\"name\":\"Main Store\",\"address\":\"123 Road\"}"},"id":"9a03c732-148b-4c5a-b5fe-00505bab2d96","priority":0,"timeToLive":{"unlimited":true},"times":{"unlimited":true}}, $.httpResponse.body)
01:52:19.333 [main] DEBUG com.networknt.schema.PropertiesValidator -- validate( "{\"id\":\"S1\",\"name\":\"Main Store\",\"address\":\"123 Road\"}", {"httpRequest":{"method":"POST","path":"/internal/store"},"httpResponse":{"statusCode":201,"headers":{"Content-Type":["application/json"]},"body":"{\"id\":\"S1\",\"name\":\"Main Store\",\"address\":\"123 Road\"}"},"id":"9a03c732-148b-4c5a-b5fe-00505bab2d96","priority":0,"timeToLive":{"unlimited":true},"times":{"unlimited":true}}, $.httpResponse.body)
01:52:19.338 [main] DEBUG com.networknt.schema.AdditionalPropertiesValidator -- validate( "{\"id\":\"S1\",\"name\":\"Main Store\",\"address\":\"123 Road\"}", {"httpRequest":{"method":"POST","path":"/internal/store"},"httpResponse":{"statusCode":201,"headers":{"Content-Type":["application/json"]},"body":"{\"id\":\"S1\",\"name\":\"Main Store\",\"address\":\"123 Road\"}"},"id":"9a03c732-148b-4c5a-b5fe-00505bab2d96","priority":0,"timeToLive":{"unlimited":true},"times":{"unlimited":true}}, $.httpResponse.body)
01:52:19.340 [main] DEBUG com.networknt.schema.TypeValidator -- validate( "{\"id\":\"S1\",\"name\":\"Main Store\",\"address\":\"123 Road\"}", {"httpRequest":{"method":"POST","path":"/internal/store"},"httpResponse":{"statusCode":201,"headers":{"Content-Type":["application/json"]},"body":"{\"id\":\"S1\",\"name\":\"Main Store\",\"address\":\"123 Road\"}"},"id":"9a03c732-148b-4c5a-b5fe-00505bab2d96","priority":0,"timeToLive":{"unlimited":true},"times":{"unlimited":true}}, $.httpResponse.body)
01:52:19.341 [main] DEBUG com.networknt.schema.PropertiesValidator -- validate( "{\"id\":\"S1\",\"name\":\"Main Store\",\"address\":\"123 Road\"}", {"httpRequest":{"method":"POST","path":"/internal/store"},"httpResponse":{"statusCode":201,"headers":{"Content-Type":["application/json"]},"body":"{\"id\":\"S1\",\"name\":\"Main Store\",\"address\":\"123 Road\"}"},"id":"9a03c732-148b-4c5a-b5fe-00505bab2d96","priority":0,"timeToLive":{"unlimited":true},"times":{"unlimited":true}}, $.httpResponse.body)
01:52:19.341 [main] DEBUG com.networknt.schema.AdditionalPropertiesValidator -- validate( "{\"id\":\"S1\",\"name\":\"Main Store\",\"address\":\"123 Road\"}", {"httpRequest":{"method":"POST","path":"/internal/store"},"httpResponse":{"statusCode":201,"headers":{"Content-Type":["application/json"]},"body":"{\"id\":\"S1\",\"name\":\"Main Store\",\"address\":\"123 Road\"}"},"id":"9a03c732-148b-4c5a-b5fe-00505bab2d96","priority":0,"timeToLive":{"unlimited":true},"times":{"unlimited":true}}, $.httpResponse.body)
01:52:19.341 [main] DEBUG com.networknt.schema.TypeValidator -- validate( "{\"id\":\"S1\",\"name\":\"Main Store\",\"address\":\"123 Road\"}", {"httpRequest":{"method":"POST","path":"/internal/store"},"httpResponse":{"statusCode":201,"headers":{"Content-Type":["application/json"]},"body":"{\"id\":\"S1\",\"name\":\"Main Store\",\"address\":\"123 Road\"}"},"id":"9a03c732-148b-4c5a-b5fe-00505bab2d96","priority":0,"timeToLive":{"unlimited":true},"times":{"unlimited":true}}, $.httpResponse.body)
01:52:19.342 [main] DEBUG com.networknt.schema.TypeValidator -- validate( "{\"id\":\"S1\",\"name\":\"Main Store\",\"address\":\"123 Road\"}", {"httpRequest":{"method":"POST","path":"/internal/store"},"httpResponse":{"statusCode":201,"headers":{"Content-Type":["application/json"]},"body":"{\"id\":\"S1\",\"name\":\"Main Store\",\"address\":\"123 Road\"}"},"id":"9a03c732-148b-4c5a-b5fe-00505bab2d96","priority":0,"timeToLive":{"unlimited":true},"times":{"unlimited":true}}, $.httpResponse.body)
01:52:19.342 [main] DEBUG com.networknt.schema.RefValidator -- validate( {"Content-Type":["application/json"]}, {"httpRequest":{"method":"POST","path":"/internal/store"},"httpResponse":{"statusCode":201,"headers":{"Content-Type":["application/json"]},"body":"{\"id\":\"S1\",\"name\":\"Main Store\",\"address\":\"123 Road\"}"},"id":"9a03c732-148b-4c5a-b5fe-00505bab2d96","priority":0,"timeToLive":{"unlimited":true},"times":{"unlimited":true}}, $.httpResponse.headers)
[...]
01:52:22.769 [main] DEBUG com.networknt.schema.RequiredValidator -- validate( {"httpRequest":{"method":"GET","path":"/internal/ping"},"httpResponse":{"statusCode":200,"headers":{"Content-Type":["text/plain"]},"body":"PONG"},"id":"b9258ce1-98e1-4e8c-8569-efd1b339157b","priority":0,"timeToLive":{"unlimited":true},"times":{"unlimited":true}}, {"httpRequest":{"method":"GET","path":"/internal/ping"},"httpResponse":{"statusCode":200,"headers":{"Content-Type":["text/plain"]},"body":"PONG"},"id":"b9258ce1-98e1-4e8c-8569-efd1b339157b","priority":0,"timeToLive":{"unlimited":true},"times":{"unlimited":true}}, $)
01:52:22.769 [main] DEBUG com.networknt.schema.RequiredValidator -- validate( {"httpRequest":{"method":"GET","path":"/internal/ping"},"httpResponse":{"statusCode":200,"headers":{"Content-Type":["text/plain"]},"body":"PONG"},"id":"b9258ce1-98e1-4e8c-8569-efd1b339157b","priority":0,"timeToLive":{"unlimited":true},"times":{"unlimited":true}}, {"httpRequest":{"method":"GET","path":"/internal/ping"},"httpResponse":{"statusCode":200,"headers":{"Content-Type":["text/plain"]},"body":"PONG"},"id":"b9258ce1-98e1-4e8c-8569-efd1b339157b","priority":0,"timeToLive":{"unlimited":true},"times":{"unlimited":true}}, $)
01:52:22.769 [main] DEBUG com.networknt.schema.RequiredValidator -- validate( {"httpRequest":{"method":"GET","path":"/internal/ping"},"httpResponse":{"statusCode":200,"headers":{"Content-Type":["text/plain"]},"body":"PONG"},"id":"b9258ce1-98e1-4e8c-8569-efd1b339157b","priority":0,"timeToLive":{"unlimited":true},"times":{"unlimited":true}}, {"httpRequest":{"method":"GET","path":"/internal/ping"},"httpResponse":{"statusCode":200,"headers":{"Content-Type":["text/plain"]},"body":"PONG"},"id":"b9258ce1-98e1-4e8c-8569-efd1b339157b","priority":0,"timeToLive":{"unlimited":true},"times":{"unlimited":true}}, $)
01:52:22.769 [main] DEBUG com.networknt.schema.RequiredValidator -- validate( {"httpRequest":{"method":"GET","path":"/internal/ping"},"httpResponse":{"statusCode":200,"headers":{"Content-Type":["text/plain"]},"body":"PONG"},"id":"b9258ce1-98e1-4e8c-8569-efd1b339157b","priority":0,"timeToLive":{"unlimited":true},"times":{"unlimited":true}}, {"httpRequest":{"method":"GET","path":"/internal/ping"},"httpResponse":{"statusCode":200,"headers":{"Content-Type":["text/plain"]},"body":"PONG"},"id":"b9258ce1-98e1-4e8c-8569-efd1b339157b","priority":0,"timeToLive":{"unlimited":true},"times":{"unlimited":true}}, $)
01:52:22.769 [main] DEBUG com.networknt.schema.RequiredValidator -- validate( {"httpRequest":{"method":"GET","path":"/internal/ping"},"httpResponse":{"statusCode":200,"headers":{"Content-Type":["text/plain"]},"body":"PONG"},"id":"b9258ce1-98e1-4e8c-8569-efd1b339157b","priority":0,"timeToLive":{"unlimited":true},"times":{"unlimited":true}}, {"httpRequest":{"method":"GET","path":"/internal/ping"},"httpResponse":{"statusCode":200,"headers":{"Content-Type":["text/plain"]},"body":"PONG"},"id":"b9258ce1-98e1-4e8c-8569-efd1b339157b","priority":0,"timeToLive":{"unlimited":true},"times":{"unlimited":true}}, $)
01:52:22.769 [main] DEBUG com.networknt.schema.RequiredValidator -- validate( {"httpRequest":{"method":"GET","path":"/internal/ping"},"httpResponse":{"statusCode":200,"headers":{"Content-Type":["text/plain"]},"body":"PONG"},"id":"b9258ce1-98e1-4e8c-8569-efd1b339157b","priority":0,"timeToLive":{"unlimited":true},"times":{"unlimited":true}}, {"httpRequest":{"method":"GET","path":"/internal/ping"},"httpResponse":{"statusCode":200,"headers":{"Content-Type":["text/plain"]},"body":"PONG"},"id":"b9258ce1-98e1-4e8c-8569-efd1b339157b","priority":0,"timeToLive":{"unlimited":true},"times":{"unlimited":true}}, $)
01:52:22.769 [main] DEBUG com.networknt.schema.RequiredValidator -- validate( {"httpRequest":{"method":"GET","path":"/internal/ping"},"httpResponse":{"statusCode":200,"headers":{"Content-Type":["text/plain"]},"body":"PONG"},"id":"b9258ce1-98e1-4e8c-8569-efd1b339157b","priority":0,"timeToLive":{"unlimited":true},"times":{"unlimited":true}}, {"httpRequest":{"method":"GET","path":"/internal/ping"},"httpResponse":{"statusCode":200,"headers":{"Content-Type":["text/plain"]},"body":"PONG"},"id":"b9258ce1-98e1-4e8c-8569-efd1b339157b","priority":0,"timeToLive":{"unlimited":true},"times":{"unlimited":true}}, $)
01:52:22.769 [main] DEBUG com.networknt.schema.TypeValidator -- validate( {"httpRequest":{"method":"GET","path":"/internal/ping"},"httpResponse":{"statusCode":200,"headers":{"Content-Type":["text/plain"]},"body":"PONG"},"id":"b9258ce1-98e1-4e8c-8569-efd1b339157b","priority":0,"timeToLive":{"unlimited":true},"times":{"unlimited":true}}, {"httpRequest":{"method":"GET","path":"/internal/ping"},"httpResponse":{"statusCode":200,"headers":{"Content-Type":["text/plain"]},"body":"PONG"},"id":"b9258ce1-98e1-4e8c-8569-efd1b339157b","priority":0,"timeToLive":{"unlimited":true},"times":{"unlimited":true}}, $)
01:52:22.799 [MockServer-EventLog0] INFO org.mockserver.log.MockServerEventLog -- 8888 received request:

  {
    "method" : "GET",
    "path" : "/internal/ping",
    "headers" : {
      "content-length" : [ "0" ],
      "User-Agent" : [ "Apache-HttpClient/4.5.13 (Java/21.0.9)" ],
      "Host" : [ "localhost:8888" ],
      "Connection" : [ "Keep-Alive" ],
      "Accept-Encoding" : [ "gzip,deflate" ],
      "Accept" : [ "*/*" ]
    },
    "keepAlive" : true,
    "secure" : false,
    "protocol" : "HTTP_1_1",
    "localAddress" : "127.0.0.1:8888",
    "remoteAddress" : "127.0.0.1:63040"
  }

01:52:22.806 [MockServer-EventLog0] INFO org.mockserver.log.MockServerEventLog -- 8888 request:

  {
    "method" : "GET",
    "path" : "/internal/ping",
    "headers" : {
      "content-length" : [ "0" ],
      "User-Agent" : [ "Apache-HttpClient/4.5.13 (Java/21.0.9)" ],
      "Host" : [ "localhost:8888" ],
      "Connection" : [ "Keep-Alive" ],
      "Accept-Encoding" : [ "gzip,deflate" ],
      "Accept" : [ "*/*" ]
    },
    "keepAlive" : true,
    "secure" : false,
    "protocol" : "HTTP_1_1",
    "localAddress" : "127.0.0.1:8888",
    "remoteAddress" : "127.0.0.1:63040"
  }

 matched expectation:

  {
    "httpRequest" : {
      "method" : "GET",
      "path" : "/internal/ping"
    },
    "httpResponse" : {
      "statusCode" : 200,
      "headers" : {
        "Content-Type" : [ "text/plain" ]
      },
      "body" : "PONG"
    },
    "id" : "b9258ce1-98e1-4e8c-8569-efd1b339157b",
    "priority" : 0,
    "timeToLive" : {
      "unlimited" : true
    },
    "times" : {
      "unlimited" : true
    }
  }

01:52:22.807 [MockServer-EventLog0] INFO org.mockserver.log.MockServerEventLog -- 8888 returning response:

  {
    "statusCode" : 200,
    "headers" : {
      "Content-Type" : [ "text/plain" ]
    },
    "body" : "PONG"
  }

 for request:

  {
    "method" : "GET",
    "path" : "/internal/ping",
    "headers" : {
      "content-length" : [ "0" ],
      "User-Agent" : [ "Apache-HttpClient/4.5.13 (Java/21.0.9)" ],
      "Host" : [ "localhost:8888" ],
      "Connection" : [ "Keep-Alive" ],
      "Accept-Encoding" : [ "gzip,deflate" ],
      "Accept" : [ "*/*" ]
    },
    "keepAlive" : true,
    "secure" : false,
    "protocol" : "HTTP_1_1",
    "localAddress" : "127.0.0.1:8888",
    "remoteAddress" : "127.0.0.1:63040"
  }

 for action:

  {
    "statusCode" : 200,
    "headers" : {
      "Content-Type" : [ "text/plain" ]
    },
    "body" : "PONG"
  }

 from expectation:

  b9258ce1-98e1-4e8c-8569-efd1b339157b

01:52:22.878 [MockServer-MockServer-workerEventLoop7] DEBUG com.networknt.schema.PropertiesValidator -- validate( {"httpRequest":{"method":"GET","path":"/internal/ping"},"times":{"atLeast":1,"atMost":1}}, {"httpRequest":{"method":"GET","path":"/internal/ping"},"times":{"atLeast":1,"atMost":1}}, $)
01:52:22.878 [MockServer-MockServer-workerEventLoop7] DEBUG com.networknt.schema.RefValidator -- validate( {"method":"GET","path":"/internal/ping"}, {"httpRequest":{"method":"GET","path":"/internal/ping"},"times":{"atLeast":1,"atMost":1}}, $.httpRequest)
01:52:22.879 [MockServer-MockServer-workerEventLoop7] DEBUG com.networknt.schema.RequiredValidator -- validate( {"method":"GET","path":"/internal/ping"}, {"httpRequest":{"method":"GET","path":"/internal/ping"},"times":{"atLeast":1,"atMost":1}}, $.httpRequest)
01:52:22.879 [MockServer-MockServer-workerEventLoop7] DEBUG com.networknt.schema.RefValidator -- validate( {"method":"GET","path":"/internal/ping"}, {"httpRequest":{"method":"GET","path":"/internal/ping"},"times":{"atLeast":1,"atMost":1}}, $.httpRequest)
01:52:22.879 [MockServer-MockServer-workerEventLoop7] DEBUG com.networknt.schema.PropertiesValidator -- validate( {"method":"GET","path":"/internal/ping"}, {"httpRequest":{"method":"GET","path":"/internal/ping"},"times":{"atLeast":1,"atMost":1}}, $.httpRequest)
01:52:22.879 [MockServer-MockServer-workerEventLoop7] DEBUG com.networknt.schema.RefValidator -- validate( "GET", {"httpRequest":{"method":"GET","path":"/internal/ping"},"times":{"atLeast":1,"atMost":1}}, $.httpRequest.method)
01:52:22.879 [MockServer-MockServer-workerEventLoop7] DEBUG com.networknt.schema.OneOfValidator -- validate( "GET", {"httpRequest":{"method":"GET","path":"/internal/ping"},"times":{"atLeast":1,"atMost":1}}, $.httpRequest.method)
01:52:22.879 [MockServer-MockServer-workerEventLoop7] DEBUG com.networknt.schema.TypeValidator -- validate( "GET", {"httpRequest":{"method":"GET","path":"/internal/ping"},"times":{"atLeast":1,"atMost":1}}, $.httpRequest.method)
01:52:22.879 [MockServer-MockServer-workerEventLoop7] DEBUG com.networknt.schema.PropertiesValidator -- validate( "GET", {"httpRequest":{"method":"GET","path":"/internal/ping"},"times":{"atLeast":1,"atMost":1}}, $.httpRequest.method)
01:52:22.880 [MockServer-MockServer-workerEventLoop7] DEBUG com.networknt.schema.AdditionalPropertiesValidator -- validate( "GET", {"httpRequest":{"method":"GET","path":"/internal/ping"},"times":{"atLeast":1,"atMost":1}}, $.httpRequest.method)
01:52:22.880 [MockServer-MockServer-workerEventLoop7] DEBUG com.networknt.schema.TypeValidator -- validate( "GET", {"httpRequest":{"method":"GET","path":"/internal/ping"},"times":{"atLeast":1,"atMost":1}}, $.httpRequest.method)
01:52:22.880 [MockServer-MockServer-workerEventLoop7] DEBUG com.networknt.schema.RefValidator -- validate( "/internal/ping", {"httpRequest":{"method":"GET","path":"/internal/ping"},"times":{"atLeast":1,"atMost":1}}, $.httpRequest.path)
01:52:22.880 [MockServer-MockServer-workerEventLoop7] DEBUG com.networknt.schema.OneOfValidator -- validate( "/internal/ping", {"httpRequest":{"method":"GET","path":"/internal/ping"},"times":{"atLeast":1,"atMost":1}}, $.httpRequest.path)
01:52:22.880 [MockServer-MockServer-workerEventLoop7] DEBUG com.networknt.schema.TypeValidator -- validate( "/internal/ping", {"httpRequest":{"method":"GET","path":"/internal/ping"},"times":{"atLeast":1,"atMost":1}}, $.httpRequest.path)
01:52:22.880 [MockServer-MockServer-workerEventLoop7] DEBUG com.networknt.schema.PropertiesValidator -- validate( "/internal/ping", {"httpRequest":{"method":"GET","path":"/internal/ping"},"times":{"atLeast":1,"atMost":1}}, $.httpRequest.path)
01:52:22.881 [MockServer-MockServer-workerEventLoop7] DEBUG com.networknt.schema.AdditionalPropertiesValidator -- validate( "/internal/ping", {"httpRequest":{"method":"GET","path":"/internal/ping"},"times":{"atLeast":1,"atMost":1}}, $.httpRequest.path)
01:52:22.881 [MockServer-MockServer-workerEventLoop7] DEBUG com.networknt.schema.TypeValidator -- validate( "/internal/ping", {"httpRequest":{"method":"GET","path":"/internal/ping"},"times":{"atLeast":1,"atMost":1}}, $.httpRequest.path)
01:52:22.881 [MockServer-MockServer-workerEventLoop7] DEBUG com.networknt.schema.AdditionalPropertiesValidator -- validate( {"method":"GET","path":"/internal/ping"}, {"httpRequest":{"method":"GET","path":"/internal/ping"},"times":{"atLeast":1,"atMost":1}}, $.httpRequest)
01:52:22.883 [MockServer-MockServer-workerEventLoop7] DEBUG com.networknt.schema.TypeValidator -- validate( {"method":"GET","path":"/internal/ping"}, {"httpRequest":{"method":"GET","path":"/internal/ping"},"times":{"atLeast":1,"atMost":1}}, $.httpRequest)
01:52:22.883 [MockServer-MockServer-workerEventLoop7] DEBUG com.networknt.schema.RefValidator -- validate( {"atLeast":1,"atMost":1}, {"httpRequest":{"method":"GET","path":"/internal/ping"},"times":{"atLeast":1,"atMost":1}}, $.times)
01:52:22.883 [MockServer-MockServer-workerEventLoop7] DEBUG com.networknt.schema.PropertiesValidator -- validate( {"atLeast":1,"atMost":1}, {"httpRequest":{"method":"GET","path":"/internal/ping"},"times":{"atLeast":1,"atMost":1}}, $.times)
01:52:22.883 [MockServer-MockServer-workerEventLoop7] DEBUG com.networknt.schema.TypeValidator -- validate( 1, {"httpRequest":{"method":"GET","path":"/internal/ping"},"times":{"atLeast":1,"atMost":1}}, $.times.atLeast)
01:52:22.883 [MockServer-MockServer-workerEventLoop7] DEBUG com.networknt.schema.TypeValidator -- validate( 1, {"httpRequest":{"method":"GET","path":"/internal/ping"},"times":{"atLeast":1,"atMost":1}}, $.times.atMost)
01:52:22.883 [MockServer-MockServer-workerEventLoop7] DEBUG com.networknt.schema.AdditionalPropertiesValidator -- validate( {"atLeast":1,"atMost":1}, {"httpRequest":{"method":"GET","path":"/internal/ping"},"times":{"atLeast":1,"atMost":1}}, $.times)
01:52:22.883 [MockServer-MockServer-workerEventLoop7] DEBUG com.networknt.schema.TypeValidator -- validate( {"atLeast":1,"atMost":1}, {"httpRequest":{"method":"GET","path":"/internal/ping"},"times":{"atLeast":1,"atMost":1}}, $.times)
01:52:22.883 [MockServer-MockServer-workerEventLoop7] DEBUG com.networknt.schema.AdditionalPropertiesValidator -- validate( {"httpRequest":{"method":"GET","path":"/internal/ping"},"times":{"atLeast":1,"atMost":1}}, {"httpRequest":{"method":"GET","path":"/internal/ping"},"times":{"atLeast":1,"atMost":1}}, $)
01:52:22.883 [MockServer-MockServer-workerEventLoop7] DEBUG com.networknt.schema.OneOfValidator -- validate( {"httpRequest":{"method":"GET","path":"/internal/ping"},"times":{"atLeast":1,"atMost":1}}, {"httpRequest":{"method":"GET","path":"/internal/ping"},"times":{"atLeast":1,"atMost":1}}, $)
01:52:22.883 [MockServer-MockServer-workerEventLoop7] DEBUG com.networknt.schema.RequiredValidator -- validate( {"httpRequest":{"method":"GET","path":"/internal/ping"},"times":{"atLeast":1,"atMost":1}}, {"httpRequest":{"method":"GET","path":"/internal/ping"},"times":{"atLeast":1,"atMost":1}}, $)
01:52:22.883 [MockServer-MockServer-workerEventLoop7] DEBUG com.networknt.schema.RequiredValidator -- validate( {"httpRequest":{"method":"GET","path":"/internal/ping"},"times":{"atLeast":1,"atMost":1}}, {"httpRequest":{"method":"GET","path":"/internal/ping"},"times":{"atLeast":1,"atMost":1}}, $)
01:52:22.883 [MockServer-MockServer-workerEventLoop7] DEBUG com.networknt.schema.TypeValidator -- validate( {"httpRequest":{"method":"GET","path":"/internal/ping"},"times":{"atLeast":1,"atMost":1}}, {"httpRequest":{"method":"GET","path":"/internal/ping"},"times":{"atLeast":1,"atMost":1}}, $)
01:52:22.925 [MockServer-EventLog0] INFO org.mockserver.log.MockServerEventLog -- 8888 verifying requests that match:

  {
    "httpRequest" : {
      "method" : "GET",
      "path" : "/internal/ping"
    },
    "times" : {
      "atLeast" : 1,
      "atMost" : 1
    }
  }

01:52:22.940 [MockServer-EventLog0] INFO org.mockserver.log.MockServerEventLog -- request:

  {
    "method" : "GET",
    "path" : "/internal/ping"
  }

 found exactly once
]]></system-out>
  </testcase>
  <testcase name="testServerCoverage" classname="com.se300.store.controller.internalmockserver.InternalMockServerTest" time="1.8">
    <system-out><![CDATA[01:52:22.959 [MockServer-EventLog0] INFO org.mockserver.log.MockServerEventLog -- 8888 removed expectation:

  {
    "httpRequest" : {
      "method" : "GET",
      "path" : "/internal/ping"
    },
    "httpResponse" : {
      "statusCode" : 200,
      "headers" : {
        "Content-Type" : [ "text/plain" ]
      },
      "body" : "PONG"
    },
    "id" : "b9258ce1-98e1-4e8c-8569-efd1b339157b",
    "priority" : 0,
    "timeToLive" : {
      "unlimited" : true
    },
    "times" : {
      "unlimited" : true
    }
  }

 with id:

  b9258ce1-98e1-4e8c-8569-efd1b339157b

01:52:22.959 [MockServer-EventLog0] INFO org.mockserver.log.MockServerEventLog -- 8888 resetting all expectations and request logs
01:52:23.404 [main] INFO com.se300.store.SmartStoreApplication -- Starting Smart Store Application...
01:52:23.405 [main] INFO com.se300.store.SmartStoreApplication -- Initializing database...
01:52:23.405 [main] INFO com.se300.store.SmartStoreApplication -- Creating repositories...
01:52:23.405 [main] INFO com.se300.store.SmartStoreApplication -- Creating services...
01:52:23.405 [main] INFO com.se300.store.SmartStoreApplication -- Creating controllers...
01:52:23.405 [main] INFO com.se300.store.SmartStoreApplication -- Configuring Tomcat server...
01:52:24.738 [main] INFO com.se300.store.SmartStoreApplication -- ================================================================================
01:52:24.739 [main] INFO com.se300.store.SmartStoreApplication -- Smart Store Application started successfully!
01:52:24.739 [main] INFO com.se300.store.SmartStoreApplication -- ================================================================================
01:52:24.739 [main] INFO com.se300.store.SmartStoreApplication -- Server running on: http://localhost:8080
01:52:24.740 [main] INFO com.se300.store.SmartStoreApplication -- 
01:52:24.740 [main] INFO com.se300.store.SmartStoreApplication -- Available endpoints:
01:52:24.740 [main] INFO com.se300.store.SmartStoreApplication --   - API:            http://localhost:8080/api/v1/stores
01:52:24.740 [main] INFO com.se300.store.SmartStoreApplication --   - API:            http://localhost:8080/api/v1/users
01:52:24.740 [main] INFO com.se300.store.SmartStoreApplication -- ================================================================================
01:52:24.743 [main] INFO com.se300.store.SmartStoreApplication -- Starting Smart Store Application...
01:52:24.743 [main] INFO com.se300.store.SmartStoreApplication -- Initializing database...
01:52:24.743 [main] INFO com.se300.store.SmartStoreApplication -- Creating repositories...
01:52:24.743 [main] INFO com.se300.store.SmartStoreApplication -- Creating services...
01:52:24.743 [main] INFO com.se300.store.SmartStoreApplication -- Creating controllers...
01:52:24.743 [main] INFO com.se300.store.SmartStoreApplication -- Configuring Tomcat server...
01:52:24.747 [main] INFO com.se300.store.SmartStoreApplication -- ================================================================================
01:52:24.747 [main] INFO com.se300.store.SmartStoreApplication -- Smart Store Application started successfully!
01:52:24.747 [main] INFO com.se300.store.SmartStoreApplication -- ================================================================================
01:52:24.747 [main] INFO com.se300.store.SmartStoreApplication -- Server running on: http://localhost:8080
01:52:24.747 [main] INFO com.se300.store.SmartStoreApplication -- 
01:52:24.747 [main] INFO com.se300.store.SmartStoreApplication -- Available endpoints:
01:52:24.747 [main] INFO com.se300.store.SmartStoreApplication --   - API:            http://localhost:8080/api/v1/stores
01:52:24.747 [main] INFO com.se300.store.SmartStoreApplication --   - API:            http://localhost:8080/api/v1/users
01:52:24.747 [main] INFO com.se300.store.SmartStoreApplication -- ================================================================================
]]></system-out>
  </testcase>
</testsuite>