<?xml version="1.0" encoding="UTF-8"?>
<testsuite xmlns:xsi="http://www.w3.org/2001/XMLSchema-instance" xsi:noNamespaceSchemaLocation="https://maven.apache.org/surefire/maven-surefire-plugin/xsd/surefire-test-report-3.0.xsd" version="3.0" name="com.se300.store.controller.internalmockserver.InternalMockServerTest" time="10.101" tests="9" errors="0" skipped="0" failures="0">
  <properties>
[...]
</properties>
  <testcase name="testInternalStoreProvisioningAPI" classname="com.se300.store.controller.internalmockserver.InternalMockServerTest" time="2.546">
    <system-out><![CDATA[16:06:06.600 [main] DEBUG io.netty.util.internal.logging.InternalLoggerFactory -- Using SLF4J as the default logging framework
16:06:06.620 [main] DEBUG io.netty.channel.MultithreadEventLoopGroup -- -Dio.netty.eventLoopThreads: 16
16:06:06.663 [main] DEBUG io.netty.util.internal.InternalThreadLocalMap -- -Dio.netty.threadLocalMap.stringBuilder.initialSize: 1024
16:06:06.663 [main] DEBUG io.netty.util.internal.InternalThreadLocalMap -- -Dio.netty.threadLocalMap.stringBuilder.maxSize: 4096
16:06:06.696 [main] DEBUG io.netty.util.internal.PlatformDependent0 -- -Dio.netty.noUnsafe: false
16:06:06.697 [main] DEBUG io.netty.util.internal.PlatformDependent0 -- Java version: 21
16:06:06.705 [main] DEBUG io.netty.util.internal.PlatformDependent0 -- sun.misc.Unsafe.theUnsafe: available
16:06:06.707 [main] DEBUG io.netty.util.internal.PlatformDependent0 -- sun.misc.Unsafe.copyMemory: available
16:06:06.708 [main] DEBUG io.netty.util.internal.PlatformDependent0 -- sun.misc.Unsafe.storeFence: available
16:06:06.709 [main] DEBUG io.netty.util.internal.PlatformDependent0 -- java.nio.Buffer.address: available
16:06:06.714 [main] DEBUG io.netty.util.internal.PlatformDependent0 -- direct buffer constructor: unavailable: java.nio.DirectByteBuffer.<init>(long,int)
16:06:06.715 [main] DEBUG io.netty.util.internal.PlatformDependent0 -- java.nio.Bits.unaligned: available, true
16:06:06.720 [main] DEBUG io.netty.util.internal.PlatformDependent0 -- jdk.internal.misc.Unsafe.allocateUninitializedArray(int): unavailable: class io.netty.util.internal.PlatformDependent0$7 cannot access class jdk.internal.misc.Unsafe (in module java.base) because module java.base does not export jdk.internal.misc to unnamed module @12591ac8
16:06:06.721 [main] DEBUG io.netty.util.internal.PlatformDependent0 -- java.nio.DirectByteBuffer.<init>(long, int): unavailable
16:06:06.721 [main] DEBUG io.netty.util.internal.PlatformDependent -- sun.misc.Unsafe: available
16:06:06.733 [main] DEBUG io.netty.util.internal.PlatformDependent -- maxDirectMemory: 4294967296 bytes (maybe)
16:06:06.735 [main] DEBUG io.netty.util.internal.PlatformDependent -- -Dio.netty.tmpdir: /var/folders/0q/qctdbk753pqdfmmb3qx_v2t00000gp/T (java.io.tmpdir)
16:06:06.735 [main] DEBUG io.netty.util.internal.PlatformDependent -- -Dio.netty.bitMode: 64 (sun.arch.data.model)
16:06:06.741 [main] DEBUG io.netty.util.internal.PlatformDependent -- Platform: MacOS
16:06:06.744 [main] DEBUG io.netty.util.internal.PlatformDependent -- -Dio.netty.maxDirectMemory: -1 bytes
16:06:06.744 [main] DEBUG io.netty.util.internal.PlatformDependent -- -Dio.netty.uninitializedArrayAllocationThreshold: -1
16:06:06.749 [main] DEBUG io.netty.util.internal.CleanerJava9 -- java.nio.ByteBuffer.cleaner(): available
16:06:06.750 [main] DEBUG io.netty.util.internal.PlatformDependent -- -Dio.netty.noPreferDirect: false
16:06:06.752 [main] DEBUG io.netty.channel.nio.NioEventLoop -- -Dio.netty.noKeySetOptimization: false
16:06:06.752 [main] DEBUG io.netty.channel.nio.NioEventLoop -- -Dio.netty.selectorAutoRebuildThreshold: 512
16:06:06.763 [main] DEBUG io.netty.util.internal.PlatformDependent -- org.jctools-core.MpscChunkedArrayQueue: available
16:06:07.777 [main] DEBUG io.netty.util.ResourceLeakDetector -- -Dio.netty.leakDetection.level: simple
16:06:07.791 [main] DEBUG io.netty.util.ResourceLeakDetector -- -Dio.netty.leakDetection.targetRecords: 4
16:06:07.803 [main] DEBUG io.netty.buffer.PooledByteBufAllocator -- -Dio.netty.allocator.numHeapArenas: 16
16:06:07.803 [main] DEBUG io.netty.buffer.PooledByteBufAllocator -- -Dio.netty.allocator.numDirectArenas: 16
16:06:07.803 [main] DEBUG io.netty.buffer.PooledByteBufAllocator -- -Dio.netty.allocator.pageSize: 8192
16:06:07.803 [main] DEBUG io.netty.buffer.PooledByteBufAllocator -- -Dio.netty.allocator.maxOrder: 9
16:06:07.803 [main] DEBUG io.netty.buffer.PooledByteBufAllocator -- -Dio.netty.allocator.chunkSize: 4194304
16:06:07.803 [main] DEBUG io.netty.buffer.PooledByteBufAllocator -- -Dio.netty.allocator.smallCacheSize: 256
16:06:07.803 [main] DEBUG io.netty.buffer.PooledByteBufAllocator -- -Dio.netty.allocator.normalCacheSize: 64
16:06:07.803 [main] DEBUG io.netty.buffer.PooledByteBufAllocator -- -Dio.netty.allocator.maxCachedBufferCapacity: 32768
16:06:07.805 [main] DEBUG io.netty.buffer.PooledByteBufAllocator -- -Dio.netty.allocator.cacheTrimInterval: 8192
16:06:07.805 [main] DEBUG io.netty.buffer.PooledByteBufAllocator -- -Dio.netty.allocator.cacheTrimIntervalMillis: 0
16:06:07.805 [main] DEBUG io.netty.buffer.PooledByteBufAllocator -- -Dio.netty.allocator.useCacheForAllThreads: false
16:06:07.805 [main] DEBUG io.netty.buffer.PooledByteBufAllocator -- -Dio.netty.allocator.maxCachedByteBuffersPerChunk: 1023
16:06:07.897 [MockServer-MockServer thread for port: 88881] DEBUG io.netty.channel.DefaultChannelId -- -Dio.netty.processId: 29493 (auto-detected)
16:06:07.902 [MockServer-MockServer thread for port: 88881] DEBUG io.netty.util.NetUtil -- -Djava.net.preferIPv4Stack: false
16:06:07.902 [MockServer-MockServer thread for port: 88881] DEBUG io.netty.util.NetUtil -- -Djava.net.preferIPv6Addresses: false
16:06:07.907 [MockServer-MockServer thread for port: 88881] DEBUG io.netty.util.NetUtilInitializations -- Loopback interface: lo0 (lo0, 0:0:0:0:0:0:0:1%lo0)
16:06:07.908 [MockServer-MockServer thread for port: 88881] DEBUG io.netty.util.NetUtil -- Failed to get SOMAXCONN from sysctl and file /proc/sys/net/core/somaxconn. Default: 128
16:06:07.918 [MockServer-MockServer thread for port: 88881] DEBUG io.netty.channel.DefaultChannelId -- -Dio.netty.machineId: a4:cf:99:ff:fe:6b:01:f8 (auto-detected)
16:06:07.953 [MockServer-MockServer thread for port: 88881] DEBUG io.netty.buffer.ByteBufUtil -- -Dio.netty.allocator.type: pooled
16:06:07.953 [MockServer-MockServer thread for port: 88881] DEBUG io.netty.buffer.ByteBufUtil -- -Dio.netty.threadLocalDirectBufferSize: 0
16:06:07.953 [MockServer-MockServer thread for port: 88881] DEBUG io.netty.buffer.ByteBufUtil -- -Dio.netty.maxThreadLocalCharBufferSize: 16384
16:06:08.022 [MockServer-EventLog0] INFO org.mockserver.log.MockServerEventLog -- 8888 started on port: 8888
16:06:08.256 [MockServer-ClientAndServer-eventLoop3] DEBUG io.netty.buffer.AbstractByteBuf -- -Dio.netty.buffer.checkAccessible: true
16:06:08.256 [MockServer-ClientAndServer-eventLoop3] DEBUG io.netty.buffer.AbstractByteBuf -- -Dio.netty.buffer.checkBounds: true
16:06:08.258 [MockServer-ClientAndServer-eventLoop3] DEBUG io.netty.util.ResourceLeakDetectorFactory -- Loaded default ResourceLeakDetector: io.netty.util.ResourceLeakDetector@efeca14
16:06:08.330 [MockServer-ClientAndServer-eventLoop3] DEBUG io.netty.util.Recycler -- -Dio.netty.recycler.maxCapacityPerThread: 4096
16:06:08.330 [MockServer-ClientAndServer-eventLoop3] DEBUG io.netty.util.Recycler -- -Dio.netty.recycler.ratio: 8
16:06:08.331 [MockServer-ClientAndServer-eventLoop3] DEBUG io.netty.util.Recycler -- -Dio.netty.recycler.chunkSize: 32
16:06:08.331 [MockServer-ClientAndServer-eventLoop3] DEBUG io.netty.util.Recycler -- -Dio.netty.recycler.blocking: false
16:06:08.757 [MockServer-MockServer-workerEventLoop4] DEBUG io.netty.handler.codec.compression.Brotli -- brotli4j not in the classpath; Brotli support will be unavailable.
16:06:08.855 [MockServer-EventLog0] INFO org.mockserver.log.MockServerEventLog -- 8888 resetting all expectations and request logs
16:06:09.380 [MockServer-MockServer-workerEventLoop7] DEBUG com.networknt.schema.PropertiesValidator -- validate( {"httpRequest":{"method":"POST","path":"/internal/store"},"httpResponse":{"statusCode":201,"headers":{"Content-Type":["application/json"]},"body":"{\"id\":\"S1\",\"name\":\"Main Store\",\"address\":\"123 Road\"}"},"id":"bcaf1a9d-f726-40b5-bdf3-3c6345946ac0","priority":0,"timeToLive":{"unlimited":true},"times":{"unlimited":true}}, {"httpRequest":{"method":"POST","path":"/internal/store"},"httpResponse":{"statusCode":201,"headers":{"Content-Type":["application/json"]},"body":"{\"id\":\"S1\",\"name\":\"Main Store\",\"address\":\"123 Road\"}"},"id":"bcaf1a9d-f726-40b5-bdf3-3c6345946ac0","priority":0,"timeToLive":{"unlimited":true},"times":{"unlimited":true}}, $)
16:06:09.383 [MockServer-MockServer-workerEventLoop7] DEBUG com.networknt.schema.TypeValidator -- validate( "bcaf1a9d-f726-40b5-bdf3-3c6345946ac0", {"httpRequest":{"method":"POST","path":"/internal/store"},"httpResponse":{"statusCode":201,"headers":{"Content-Type":["application/json"]},"body":"{\"id\":\"S1\",\"name\":\"Main Store\",\"address\":\"123 Road\"}"},"id":"bcaf1a9d-f726-40b5-bdf3-3c6345946ac0","priority":0,"timeToLive":{"unlimited":true},"times":{"unlimited":true}}, $.id)
16:06:09.384 [MockServer-MockServer-workerEventLoop7] DEBUG com.networknt.schema.TypeValidator -- validate( 0, {"httpRequest":{"method":"POST","path":"/internal/store"},"httpResponse":{"statusCode":201,"headers":{"Content-Type":["application/json"]},"body":"{\"id\":\"S1\",\"name\":\"Main Store\",\"address\":\"123 Road\"}"},"id":"bcaf1a9d-f726-40b5-bdf3-3c6345946ac0","priority":0,"timeToLive":{"unlimited":true},"times":{"unlimited":true}}, $.priority)
16:06:09.386 [MockServer-MockServer-workerEventLoop7] DEBUG com.networknt.schema.RefValidator -- validate( {"method":"POST","path":"/internal/store"}, {"httpRequest":{"method":"POST","path":"/internal/store"},"httpResponse":{"statusCode":201,"headers":{"Content-Type":["application/json"]},"body":"{\"id\":\"S1\",\"name\":\"Main Store\",\"address\":\"123 Road\"}"},"id":"bcaf1a9d-f726-40b5-bdf3-3c6345946ac0","priority":0,"timeToLive":{"unlimited":true},"times":{"unlimited":true}}, $.httpRequest)
16:06:09.386 [MockServer-MockServer-workerEventLoop7] DEBUG com.networknt.schema.RequiredValidator -- validate( {"method":"POST","path":"/internal/store"}, {"httpRequest":{"method":"POST","path":"/internal/store"},"httpResponse":{"statusCode":201,"headers":{"Content-Type":["application/json"]},"body":"{\"id\":\"S1\",\"name\":\"Main Store\",\"address\":\"123 Road\"}"},"id":"bcaf1a9d-f726-40b5-bdf3-3c6345946ac0","priority":0,"timeToLive":{"unlimited":true},"times":{"unlimited":true}}, $.httpRequest)
16:06:09.387 [MockServer-MockServer-workerEventLoop7] DEBUG com.networknt.schema.RefValidator -- validate( {"method":"POST","path":"/internal/store"}, {"httpRequest":{"method":"POST","path":"/internal/store"},"httpResponse":{"statusCode":201,"headers":{"Content-Type":["application/json"]},"body":"{\"id\":\"S1\",\"name\":\"Main Store\",\"address\":\"123 Road\"}"},"id":"bcaf1a9d-f726-40b5-bdf3-3c6345946ac0","priority":0,"timeToLive":{"unlimited":true},"times":{"unlimited":true}}, $.httpRequest)
16:06:09.388 [MockServer-MockServer-workerEventLoop7] DEBUG com.networknt.schema.PropertiesValidator -- validate( {"method":"POST","path":"/internal/store"}, {"httpRequest":{"method":"POST","path":"/internal/store"},"httpResponse":{"statusCode":201,"headers":{"Content-Type":["application/json"]},"body":"{\"id\":\"S1\",\"name\":\"Main Store\",\"address\":\"123 Road\"}"},"id":"bcaf1a9d-f726-40b5-bdf3-3c6345946ac0","priority":0,"timeToLive":{"unlimited":true},"times":{"unlimited":true}}, $.httpRequest)
16:06:09.388 [MockServer-MockServer-workerEventLoop7] DEBUG com.networknt.schema.RefValidator -- validate( "POST", {"httpRequest":{"method":"POST","path":"/internal/store"},"httpResponse":{"statusCode":201,"headers":{"Content-Type":["application/json"]},"body":"{\"id\":\"S1\",\"name\":\"Main Store\",\"address\":\"123 Road\"}"},"id":"bcaf1a9d-f726-40b5-bdf3-3c6345946ac0","priority":0,"timeToLive":{"unlimited":true},"times":{"unlimited":true}}, $.httpRequest.method)
16:06:09.389 [MockServer-MockServer-workerEventLoop7] DEBUG com.networknt.schema.OneOfValidator -- validate( "POST", {"httpRequest":{"method":"POST","path":"/internal/store"},"httpResponse":{"statusCode":201,"headers":{"Content-Type":["application/json"]},"body":"{\"id\":\"S1\",\"name\":\"Main Store\",\"address\":\"123 Road\"}"},"id":"bcaf1a9d-f726-40b5-bdf3-3c6345946ac0","priority":0,"timeToLive":{"unlimited":true},"times":{"unlimited":true}}, $.httpRequest.method)
16:06:09.389 [MockServer-MockServer-workerEventLoop7] DEBUG com.networknt.schema.TypeValidator -- validate( "POST", {"httpRequest":{"method":"POST","path":"/internal/store"},"httpResponse":{"statusCode":201,"headers":{"Content-Type":["application/json"]},"body":"{\"id\":\"S1\",\"name\":\"Main Store\",\"address\":\"123 Road\"}"},"id":"bcaf1a9d-f726-40b5-bdf3-3c6345946ac0","priority":0,"timeToLive":{"unlimited":true},"times":{"unlimited":true}}, $.httpRequest.method)
16:06:09.390 [MockServer-MockServer-workerEventLoop7] DEBUG com.networknt.schema.PropertiesValidator -- validate( "POST", {"httpRequest":{"method":"POST","path":"/internal/store"},"httpResponse":{"statusCode":201,"headers":{"Content-Type":["application/json"]},"body":"{\"id\":\"S1\",\"name\":\"Main Store\",\"address\":\"123 Road\"}"},"id":"bcaf1a9d-f726-40b5-bdf3-3c6345946ac0","priority":0,"timeToLive":{"unlimited":true},"times":{"unlimited":true}}, $.httpRequest.method)
16:06:09.391 [MockServer-MockServer-workerEventLoop7] DEBUG com.networknt.schema.AdditionalPropertiesValidator -- validate( "POST", {"httpRequest":{"method":"POST","path":"/internal/store"},"httpResponse":{"statusCode":201,"headers":{"Content-Type":["application/json"]},"body":"{\"id\":\"S1\",\"name\":\"Main Store\",\"address\":\"123 Road\"}"},"id":"bcaf1a9d-f726-40b5-bdf3-3c6345946ac0","priority":0,"timeToLive":{"unlimited":true},"times":{"unlimited":true}}, $.httpRequest.method)
16:06:09.392 [MockServer-MockServer-workerEventLoop7] DEBUG com.networknt.schema.TypeValidator -- validate( "POST", {"httpRequest":{"method":"POST","path":"/internal/store"},"httpResponse":{"statusCode":201,"headers":{"Content-Type":["application/json"]},"body":"{\"id\":\"S1\",\"name\":\"Main Store\",\"address\":\"123 Road\"}"},"id":"bcaf1a9d-f726-40b5-bdf3-3c6345946ac0","priority":0,"timeToLive":{"unlimited":true},"times":{"unlimited":true}}, $.httpRequest.method)
16:06:09.398 [MockServer-MockServer-workerEventLoop7] DEBUG com.networknt.schema.RefValidator -- validate( "/internal/store", {"httpRequest":{"method":"POST","path":"/internal/store"},"httpResponse":{"statusCode":201,"headers":{"Content-Type":["application/json"]},"body":"{\"id\":\"S1\",\"name\":\"Main Store\",\"address\":\"123 Road\"}"},"id":"bcaf1a9d-f726-40b5-bdf3-3c6345946ac0","priority":0,"timeToLive":{"unlimited":true},"times":{"unlimited":true}}, $.httpRequest.path)
16:06:09.399 [MockServer-MockServer-workerEventLoop7] DEBUG com.networknt.schema.OneOfValidator -- validate( "/internal/store", {"httpRequest":{"method":"POST","path":"/internal/store"},"httpResponse":{"statusCode":201,"headers":{"Content-Type":["application/json"]},"body":"{\"id\":\"S1\",\"name\":\"Main Store\",\"address\":\"123 Road\"}"},"id":"bcaf1a9d-f726-40b5-bdf3-3c6345946ac0","priority":0,"timeToLive":{"unlimited":true},"times":{"unlimited":true}}, $.httpRequest.path)
16:06:09.400 [MockServer-MockServer-workerEventLoop7] DEBUG com.networknt.schema.TypeValidator -- validate( "/internal/store", {"httpRequest":{"method":"POST","path":"/internal/store"},"httpResponse":{"statusCode":201,"headers":{"Content-Type":["application/json"]},"body":"{\"id\":\"S1\",\"name\":\"Main Store\",\"address\":\"123 Road\"}"},"id":"bcaf1a9d-f726-40b5-bdf3-3c6345946ac0","priority":0,"timeToLive":{"unlimited":true},"times":{"unlimited":true}}, $.httpRequest.path)
16:06:09.400 [MockServer-MockServer-workerEventLoop7] DEBUG com.networknt.schema.PropertiesValidator -- validate( "/internal/store", {"httpRequest":{"method":"POST","path":"/internal/store"},"httpResponse":{"statusCode":201,"headers":{"Content-Type":["application/json"]},"body":"{\"id\":\"S1\",\"name\":\"Main Store\",\"address\":\"123 Road\"}"},"id":"bcaf1a9d-f726-40b5-bdf3-3c6345946ac0","priority":0,"timeToLive":{"unlimited":true},"times":{"unlimited":true}}, $.httpRequest.path)
16:06:09.400 [MockServer-MockServer-workerEventLoop7] DEBUG com.networknt.schema.AdditionalPropertiesValidator -- validate( "/internal/store", {"httpRequest":{"method":"POST","path":"/internal/store"},"httpResponse":{"statusCode":201,"headers":{"Content-Type":["application/json"]},"body":"{\"id\":\"S1\",\"name\":\"Main Store\",\"address\":\"123 Road\"}"},"id":"bcaf1a9d-f726-40b5-bdf3-3c6345946ac0","priority":0,"timeToLive":{"unlimited":true},"times":{"unlimited":true}}, $.httpRequest.path)
16:06:09.400 [MockServer-MockServer-workerEventLoop7] DEBUG com.networknt.schema.TypeValidator -- validate( "/internal/store", {"httpRequest":{"method":"POST","path":"/internal/store"},"httpResponse":{"statusCode":201,"headers":{"Content-Type":["application/json"]},"body":"{\"id\":\"S1\",\"name\":\"Main Store\",\"address\":\"123 Road\"}"},"id":"bcaf1a9d-f726-40b5-bdf3-3c6345946ac0","priority":0,"timeToLive":{"unlimited":true},"times":{"unlimited":true}}, $.httpRequest.path)
16:06:09.404 [MockServer-MockServer-workerEventLoop7] DEBUG com.networknt.schema.AdditionalPropertiesValidator -- validate( {"method":"POST","path":"/internal/store"}, {"httpRequest":{"method":"POST","path":"/internal/store"},"httpResponse":{"statusCode":201,"headers":{"Content-Type":["application/json"]},"body":"{\"id\":\"S1\",\"name\":\"Main Store\",\"address\":\"123 Road\"}"},"id":"bcaf1a9d-f726-40b5-bdf3-3c6345946ac0","priority":0,"timeToLive":{"unlimited":true},"times":{"unlimited":true}}, $.httpRequest)
16:06:09.404 [MockServer-MockServer-workerEventLoop7] DEBUG com.networknt.schema.TypeValidator -- validate( {"method":"POST","path":"/internal/store"}, {"httpRequest":{"method":"POST","path":"/internal/store"},"httpResponse":{"statusCode":201,"headers":{"Content-Type":["application/json"]},"body":"{\"id\":\"S1\",\"name\":\"Main Store\",\"address\":\"123 Road\"}"},"id":"bcaf1a9d-f726-40b5-bdf3-3c6345946ac0","priority":0,"timeToLive":{"unlimited":true},"times":{"unlimited":true}}, $.httpRequest)
16:06:09.404 [MockServer-MockServer-workerEventLoop7] DEBUG com.networknt.schema.RefValidator -- validate( {"statusCode":201,"headers":{"Content-Type":["application/json"]},"body":"{\"id\":\"S1\",\"name\":\"Main Store\",\"address\":\"123 Road\"}"}, {"httpRequest":{"method":"POST","path":"/internal/store"},"httpResponse":{"statusCode":201,"headers":{"Content-Type":["application/json"]},"body":"{\"id\":\"S1\",\"name\":\"Main Store\",\"address\":\"123 Road\"}"},"id":"bcaf1a9d-f726-40b5-bdf3-3c6345946ac0","priority":0,"timeToLive":{"unlimited":true},"times":{"unlimited":true}}, $.httpResponse)
16:06:09.405 [MockServer-MockServer-workerEventLoop7] DEBUG com.networknt.schema.PropertiesValidator -- validate( {"statusCode":201,"headers":{"Content-Type":["application/json"]},"body":"{\"id\":\"S1\",\"name\":\"Main Store\",\"address\":\"123 Road\"}"}, {"httpRequest":{"method":"POST","path":"/internal/store"},"httpResponse":{"statusCode":201,"headers":{"Content-Type":["application/json"]},"body":"{\"id\":\"S1\",\"name\":\"Main Store\",\"address\":\"123 Road\"}"},"id":"bcaf1a9d-f726-40b5-bdf3-3c6345946ac0","priority":0,"timeToLive":{"unlimited":true},"times":{"unlimited":true}}, $.httpResponse)
16:06:09.405 [MockServer-MockServer-workerEventLoop7] DEBUG com.networknt.schema.RefValidator -- validate( "{\"id\":\"S1\",\"name\":\"Main Store\",\"address\":\"123 Road\"}", {"httpRequest":{"method":"POST","path":"/internal/store"},"httpResponse":{"statusCode":201,"headers":{"Content-Type":["application/json"]},"body":"{\"id\":\"S1\",\"name\":\"Main Store\",\"address\":\"123 Road\"}"},"id":"bcaf1a9d-f726-40b5-bdf3-3c6345946ac0","priority":0,"timeToLive":{"unlimited":true},"times":{"unlimited":true}}, $.httpResponse.body)
16:06:09.405 [MockServer-MockServer-workerEventLoop7] DEBUG com.networknt.schema.RequiredValidator -- validate( "{\"id\":\"S1\",\"name\":\"Main Store\",\"address\":\"123 Road\"}", {"httpRequest":{"method":"POST","path":"/internal/store"},"httpResponse":{"statusCode":201,"headers":{"Content-Type":["application/json"]},"body":"{\"id\":\"S1\",\"name\":\"Main Store\",\"address\":\"123 Road\"}"},"id":"bcaf1a9d-f726-40b5-bdf3-3c6345946ac0","priority":0,"timeToLive":{"unlimited":true},"times":{"unlimited":true}}, $.httpResponse.body)
16:06:09.407 [MockServer-MockServer-workerEventLoop7] DEBUG com.networknt.schema.PropertiesValidator -- validate( "{\"id\":\"S1\",\"name\":\"Main Store\",\"address\":\"123 Road\"}", {"httpRequest":{"method":"POST","path":"/internal/store"},"httpResponse":{"statusCode":201,"headers":{"Content-Type":["application/json"]},"body":"{\"id\":\"S1\",\"name\":\"Main Store\",\"address\":\"123 Road\"}"},"id":"bcaf1a9d-f726-40b5-bdf3-3c6345946ac0","priority":0,"timeToLive":{"unlimited":true},"times":{"unlimited":true}}, $.httpResponse.body)
16:06:09.407 [MockServer-MockServer-workerEventLoop7] DEBUG com.networknt.schema.AdditionalPropertiesValidator -- validate( "{\"id\":\"S1\",\"name\":\"Main Store\",\"address\":\"123 Road\"}", {"httpRequest":{"method":"POST","path":"/internal/store"},"httpResponse":{"statusCode":201,"headers":{"Content-Type":["application/json"]},"body":"{\"id\":\"S1\",\"name\":\"Main Store\",\"address\":\"123 Road\"}"},"id":"bcaf1a9d-f726-40b5-bdf3-3c6345946ac0","priority":0,"timeToLive":{"unlimited":true},"times":{"unlimited":true}}, $.httpResponse.body)
16:06:09.408 [MockServer-MockServer-workerEventLoop7] DEBUG com.networknt.schema.TypeValidator -- validate( "{\"id\":\"S1\",\"name\":\"Main Store\",\"address\":\"123 Road\"}", {"httpRequest":{"method":"POST","path":"/internal/store"},"httpResponse":{"statusCode":201,"headers":{"Content-Type":["application/json"]},"body":"{\"id\":\"S1\",\"name\":\"Main Store\",\"address\":\"123 Road\"}"},"id":"bcaf1a9d-f726-40b5-bdf3-3c6345946ac0","priority":0,"timeToLive":{"unlimited":true},"times":{"unlimited":true}}, $.httpResponse.body)
16:06:09.408 [MockServer-MockServer-workerEventLoop7] DEBUG com.networknt.schema.PropertiesValidator -- validate( "{\"id\":\"S1\",\"name\":\"Main Store\",\"address\":\"123 Road\"}", {"httpRequest":{"method":"POST","path":"/internal/store"},"httpResponse":{"statusCode":201,"headers":{"Content-Type":["application/json"]},"body":"{\"id\":\"S1\",\"name\":\"Main Store\",\"address\":\"123 Road\"}"},"id":"bcaf1a9d-f726-40b5-bdf3-3c6345946ac0","priority":0,"timeToLive":{"unlimited":true},"times":{"unlimited":true}}, $.httpResponse.body)
16:06:09.409 [MockServer-MockServer-workerEventLoop7] DEBUG com.networknt.schema.AdditionalPropertiesValidator -- validate( "{\"id\":\"S1\",\"name\":\"Main Store\",\"address\":\"123 Road\"}", {"httpRequest":{"method":"POST","path":"/internal/store"},"httpResponse":{"statusCode":201,"headers":{"Content-Type":["application/json"]},"body":"{\"id\":\"S1\",\"name\":\"Main Store\",\"address\":\"123 Road\"}"},"id":"bcaf1a9d-f726-40b5-bdf3-3c6345946ac0","priority":0,"timeToLive":{"unlimited":true},"times":{"unlimited":true}}, $.httpResponse.body)
16:06:09.409 [MockServer-MockServer-workerEventLoop7] DEBUG com.networknt.schema.TypeValidator -- validate( "{\"id\":\"S1\",\"name\":\"Main Store\",\"address\":\"123 Road\"}", {"httpRequest":{"method":"POST","path":"/internal/store"},"httpResponse":{"statusCode":201,"headers":{"Content-Type":["application/json"]},"body":"{\"id\":\"S1\",\"name\":\"Main Store\",\"address\":\"123 Road\"}"},"id":"bcaf1a9d-f726-40b5-bdf3-3c6345946ac0","priority":0,"timeToLive":{"unlimited":true},"times":{"unlimited":true}}, $.httpResponse.body)
16:06:09.410 [MockServer-MockServer-workerEventLoop7] DEBUG com.networknt.schema.AdditionalPropertiesValidator -- validate( "{\"id\":\"S1\",\"name\":\"Main Store\",\"address\":\"123 Road\"}", {"httpRequest":{"method":"POST","path":"/internal/store"},"httpResponse":{"statusCode":201,"headers":{"Content-Type":["application/json"]},"body":"{\"id\":\"S1\",\"name\":\"Main Store\",\"address\":\"123 Road\"}"},"id":"bcaf1a9d-f726-40b5-bdf3-3c6345946ac0","priority":0,"timeToLive":{"unlimited":true},"times":{"unlimited":true}}, $.httpResponse.body)
16:06:09.410 [MockServer-MockServer-workerEventLoop7] DEBUG com.networknt.schema.TypeValidator -- validate( "{\"id\":\"S1\",\"name\":\"Main Store\",\"address\":\"123 Road\"}", {"httpRequest":{"method":"POST","path":"/internal/store"},"httpResponse":{"statusCode":201,"headers":{"Content-Type":["application/json"]},"body":"{\"id\":\"S1\",\"name\":\"Main Store\",\"address\":\"123 Road\"}"},"id":"bcaf1a9d-f726-40b5-bdf3-3c6345946ac0","priority":0,"timeToLive":{"unlimited":true},"times":{"unlimited":true}}, $.httpResponse.body)
16:06:09.410 [MockServer-MockServer-workerEventLoop7] DEBUG com.networknt.schema.AdditionalPropertiesValidator -- validate( "{\"id\":\"S1\",\"name\":\"Main Store\",\"address\":\"123 Road\"}", {"httpRequest":{"method":"POST","path":"/internal/store"},"httpResponse":{"statusCode":201,"headers":{"Content-Type":["application/json"]},"body":"{\"id\":\"S1\",\"name\":\"Main Store\",\"address\":\"123 Road\"}"},"id":"bcaf1a9d-f726-40b5-bdf3-3c6345946ac0","priority":0,"timeToLive":{"unlimited":true},"times":{"unlimited":true}}, $.httpResponse.body)
16:06:09.410 [MockServer-MockServer-workerEventLoop7] DEBUG com.networknt.schema.TypeValidator -- validate( "{\"id\":\"S1\",\"name\":\"Main Store\",\"address\":\"123 Road\"}", {"httpRequest":{"method":"POST","path":"/internal/store"},"httpResponse":{"statusCode":201,"headers":{"Content-Type":["application/json"]},"body":"{\"id\":\"S1\",\"name\":\"Main Store\",\"address\":\"123 Road\"}"},"id":"bcaf1a9d-f726-40b5-bdf3-3c6345946ac0","priority":0,"timeToLive":{"unlimited":true},"times":{"unlimited":true}}, $.httpResponse.body)
16:06:09.412 [MockServer-MockServer-workerEventLoop7] DEBUG com.networknt.schema.PropertiesValidator -- validate( "{\"id\":\"S1\",\"name\":\"Main Store\",\"address\":\"123 Road\"}", {"httpRequest":{"method":"POST","path":"/internal/store"},"httpResponse":{"statusCode":201,"headers":{"Content-Type":["application/json"]},"body":"{\"id\":\"S1\",\"name\":\"Main Store\",\"address\":\"123 Road\"}"},"id":"bcaf1a9d-f726-40b5-bdf3-3c6345946ac0","priority":0,"timeToLive":{"unlimited":true},"times":{"unlimited":true}}, $.httpResponse.body)
16:06:09.412 [MockServer-MockServer-workerEventLoop7] DEBUG com.networknt.schema.AdditionalPropertiesValidator -- validate( "{\"id\":\"S1\",\"name\":\"Main Store\",\"address\":\"123 Road\"}", {"httpRequest":{"method":"POST","path":"/internal/store"},"httpResponse":{"statusCode":201,"headers":{"Content-Type":["application/json"]},"body":"{\"id\":\"S1\",\"name\":\"Main Store\",\"address\":\"123 Road\"}"},"id":"bcaf1a9d-f726-40b5-bdf3-3c6345946ac0","priority":0,"timeToLive":{"unlimited":true},"times":{"unlimited":true}}, $.httpResponse.body)
16:06:09.413 [MockServer-MockServer-workerEventLoop7] DEBUG com.networknt.schema.TypeValidator -- validate( "{\"id\":\"S1\",\"name\":\"Main Store\",\"address\":\"123 Road\"}", {"httpRequest":{"method":"POST","path":"/internal/store"},"httpResponse":{"statusCode":201,"headers":{"Content-Type":["application/json"]},"body":"{\"id\":\"S1\",\"name\":\"Main Store\",\"address\":\"123 Road\"}"},"id":"bcaf1a9d-f726-40b5-bdf3-3c6345946ac0","priority":0,"timeToLive":{"unlimited":true},"times":{"unlimited":true}}, $.httpResponse.body)
16:06:09.414 [MockServer-MockServer-workerEventLoop7] DEBUG com.networknt.schema.PropertiesValidator -- validate( "{\"id\":\"S1\",\"name\":\"Main Store\",\"address\":\"123 Road\"}", {"httpRequest":{"method":"POST","path":"/internal/store"},"httpResponse":{"statusCode":201,"headers":{"Content-Type":["application/json"]},"body":"{\"id\":\"S1\",\"name\":\"Main Store\",\"address\":\"123 Road\"}"},"id":"bcaf1a9d-f726-40b5-bdf3-3c6345946ac0","priority":0,"timeToLive":{"unlimited":true},"times":{"unlimited":true}}, $.httpResponse.body)
16:06:09.414 [MockServer-MockServer-workerEventLoop7] DEBUG com.networknt.schema.AdditionalPropertiesValidator -- validate( "{\"id\":\"S1\",\"name\":\"Main Store\",\"address\":\"123 Road\"}", {"httpRequest":{"method":"POST","path":"/internal/store"},"httpResponse":{"statusCode":201,"headers":{"Content-Type":["application/json"]},"body":"{\"id\":\"S1\",\"name\":\"Main Store\",\"address\":\"123 Road\"}"},"id":"bcaf1a9d-f726-40b5-bdf3-3c6345946ac0","priority":0,"timeToLive":{"unlimited":true},"times":{"unlimited":true}}, $.httpResponse.body)
16:06:09.415 [MockServer-MockServer-workerEventLoop7] DEBUG com.networknt.schema.TypeValidator -- validate( "{\"id\":\"S1\",\"name\":\"Main Store\",\"address\":\"123 Road\"}", {"httpRequest":{"method":"POST","path":"/internal/store"},"httpResponse":{"statusCode":201,"headers":{"Content-Type":["application/json"]},"body":"{\"id\":\"S1\",\"name\":\"Main Store\",\"address\":\"123 Road\"}"},"id":"bcaf1a9d-f726-40b5-bdf3-3c6345946ac0","priority":0,"timeToLive":{"unlimited":true},"times":{"unlimited":true}}, $.httpResponse.body)
16:06:09.416 [MockServer-MockServer-workerEventLoop7] DEBUG com.networknt.schema.TypeValidator -- validate( "{\"id\":\"S1\",\"name\":\"Main Store\",\"address\":\"123 Road\"}", {"httpRequest":{"method":"POST","path":"/internal/store"},"httpResponse":{"statusCode":201,"headers":{"Content-Type":["application/json"]},"body":"{\"id\":\"S1\",\"name\":\"Main Store\",\"address\":\"123 Road\"}"},"id":"bcaf1a9d-f726-40b5-bdf3-3c6345946ac0","priority":0,"timeToLive":{"unlimited":true},"times":{"unlimited":true}}, $.httpResponse.body)
16:06:09.416 [MockServer-MockServer-workerEventLoop7] DEBUG com.networknt.schema.RefValidator -- validate( {"Content-Type":["application/json"]}, {"httpRequest":{"method":"POST","path":"/internal/store"},"httpResponse":{"statusCode":201,"headers":{"Content-Type":["application/json"]},"body":"{\"id\":\"S1\",\"name\":\"Main Store\",\"address\":\"123 Road\"}"},"id":"bcaf1a9d-f726-40b5-bdf3-3c6345946ac0","priority":0,"timeToLive":{"unlimited":true},"times":{"unlimited":true}}, $.httpResponse.headers)
16:06:09.416 [MockServer-MockServer-workerEventLoop7] DEBUG com.networknt.schema.OneOfValidator -- validate( {"Content-Type":["application/json"]}, {"httpRequest":{"method":"POST","path":"/internal/store"},"httpResponse":{"statusCode":201,"headers":{"Content-Type":["application/json"]},"body":"{\"id\":\"S1\",\"name\":\"Main Store\",\"address\":\"123 Road\"}"},"id":"bcaf1a9d-f726-40b5-bdf3-3c6345946ac0","priority":0,"timeToLive":{"unlimited":true},"times":{"unlimited":true}}, $.httpResponse.headers)
16:06:09.419 [MockServer-MockServer-workerEventLoop7] DEBUG com.networknt.schema.AdditionalPropertiesValidator -- validate( {"Content-Type":["application/json"]}, {"httpRequest":{"method":"POST","path":"/internal/store"},"httpResponse":{"statusCode":201,"headers":{"Content-Type":["application/json"]},"body":"{\"id\":\"S1\",\"name\":\"Main Store\",\"address\":\"123 Road\"}"},"id":"bcaf1a9d-f726-40b5-bdf3-3c6345946ac0","priority":0,"timeToLive":{"unlimited":true},"times":{"unlimited":true}}, $.httpResponse.headers)
16:06:09.419 [MockServer-MockServer-workerEventLoop7] DEBUG com.networknt.schema.ItemsValidator -- validate( {"Content-Type":["application/json"]}, {"httpRequest":{"method":"POST","path":"/internal/store"},"httpResponse":{"statusCode":201,"headers":{"Content-Type":["application/json"]},"body":"{\"id\":\"S1\",\"name\":\"Main Store\",\"address\":\"123 Road\"}"},"id":"bcaf1a9d-f726-40b5-bdf3-3c6345946ac0","priority":0,"timeToLive":{"unlimited":true},"times":{"unlimited":true}}, $.httpResponse.headers)
16:06:09.419 [MockServer-MockServer-workerEventLoop7] DEBUG com.networknt.schema.TypeValidator -- validate( {"Content-Type":["application/json"]}, {"httpRequest":{"method":"POST","path":"/internal/store"},"httpResponse":{"statusCode":201,"headers":{"Content-Type":["application/json"]},"body":"{\"id\":\"S1\",\"name\":\"Main Store\",\"address\":\"123 Road\"}"},"id":"bcaf1a9d-f726-40b5-bdf3-3c6345946ac0","priority":0,"timeToLive":{"unlimited":true},"times":{"unlimited":true}}, $.httpResponse.headers)
16:06:09.421 [MockServer-MockServer-workerEventLoop7] DEBUG com.networknt.schema.PropertiesValidator -- validate( {"Content-Type":["application/json"]}, {"httpRequest":{"method":"POST","path":"/internal/store"},"httpResponse":{"statusCode":201,"headers":{"Content-Type":["application/json"]},"body":"{\"id\":\"S1\",\"name\":\"Main Store\",\"address\":\"123 Road\"}"},"id":"bcaf1a9d-f726-40b5-bdf3-3c6345946ac0","priority":0,"timeToLive":{"unlimited":true},"times":{"unlimited":true}}, $.httpResponse.headers)
16:06:09.421 [MockServer-MockServer-workerEventLoop7] DEBUG com.networknt.schema.AdditionalPropertiesValidator -- validate( {"Content-Type":["application/json"]}, {"httpRequest":{"method":"POST","path":"/internal/store"},"httpResponse":{"statusCode":201,"headers":{"Content-Type":["application/json"]},"body":"{\"id\":\"S1\",\"name\":\"Main Store\",\"address\":\"123 Road\"}"},"id":"bcaf1a9d-f726-40b5-bdf3-3c6345946ac0","priority":0,"timeToLive":{"unlimited":true},"times":{"unlimited":true}}, $.httpResponse.headers)
16:06:09.422 [MockServer-MockServer-workerEventLoop7] DEBUG com.networknt.schema.PatternPropertiesValidator -- validate( {"Content-Type":["application/json"]}, {"httpRequest":{"method":"POST","path":"/internal/store"},"httpResponse":{"statusCode":201,"headers":{"Content-Type":["application/json"]},"body":"{\"id\":\"S1\",\"name\":\"Main Store\",\"address\":\"123 Road\"}"},"id":"bcaf1a9d-f726-40b5-bdf3-3c6345946ac0","priority":0,"timeToLive":{"unlimited":true},"times":{"unlimited":true}}, $.httpResponse.headers)
16:06:09.423 [MockServer-MockServer-workerEventLoop7] DEBUG com.networknt.schema.OneOfValidator -- validate( ["application/json"], {"httpRequest":{"method":"POST","path":"/internal/store"},"httpResponse":{"statusCode":201,"headers":{"Content-Type":["application/json"]},"body":"{\"id\":\"S1\",\"name\":\"Main Store\",\"address\":\"123 Road\"}"},"id":"bcaf1a9d-f726-40b5-bdf3-3c6345946ac0","priority":0,"timeToLive":{"unlimited":true},"times":{"unlimited":true}}, $.httpResponse.headers.Content-Type)
16:06:09.423 [MockServer-MockServer-workerEventLoop7] DEBUG com.networknt.schema.TypeValidator -- validate( ["application/json"], {"httpRequest":{"method":"POST","path":"/internal/store"},"httpResponse":{"statusCode":201,"headers":{"Content-Type":["application/json"]},"body":"{\"id\":\"S1\",\"name\":\"Main Store\",\"address\":\"123 Road\"}"},"id":"bcaf1a9d-f726-40b5-bdf3-3c6345946ac0","priority":0,"timeToLive":{"unlimited":true},"times":{"unlimited":true}}, $.httpResponse.headers.Content-Type)
16:06:09.425 [MockServer-MockServer-workerEventLoop7] DEBUG com.networknt.schema.AdditionalPropertiesValidator -- validate( ["application/json"], {"httpRequest":{"method":"POST","path":"/internal/store"},"httpResponse":{"statusCode":201,"headers":{"Content-Type":["application/json"]},"body":"{\"id\":\"S1\",\"name\":\"Main Store\",\"address\":\"123 Road\"}"},"id":"bcaf1a9d-f726-40b5-bdf3-3c6345946ac0","priority":0,"timeToLive":{"unlimited":true},"times":{"unlimited":true}}, $.httpResponse.headers.Content-Type)
16:06:09.425 [MockServer-MockServer-workerEventLoop7] DEBUG com.networknt.schema.ItemsValidator -- validate( ["application/json"], {"httpRequest":{"method":"POST","path":"/internal/store"},"httpResponse":{"statusCode":201,"headers":{"Content-Type":["application/json"]},"body":"{\"id\":\"S1\",\"name\":\"Main Store\",\"address\":\"123 Road\"}"},"id":"bcaf1a9d-f726-40b5-bdf3-3c6345946ac0","priority":0,"timeToLive":{"unlimited":true},"times":{"unlimited":true}}, $.httpResponse.headers.Content-Type)
16:06:09.425 [MockServer-MockServer-workerEventLoop7] DEBUG com.networknt.schema.RefValidator -- validate( "application/json", {"httpRequest":{"method":"POST","path":"/internal/store"},"httpResponse":{"statusCode":201,"headers":{"Content-Type":["application/json"]},"body":"{\"id\":\"S1\",\"name\":\"Main Store\",\"address\":\"123 Road\"}"},"id":"bcaf1a9d-f726-40b5-bdf3-3c6345946ac0","priority":0,"timeToLive":{"unlimited":true},"times":{"unlimited":true}}, $.httpResponse.headers.Content-Type[0])
16:06:09.425 [MockServer-MockServer-workerEventLoop7] DEBUG com.networknt.schema.OneOfValidator -- validate( "application/json", {"httpRequest":{"method":"POST","path":"/internal/store"},"httpResponse":{"statusCode":201,"headers":{"Content-Type":["application/json"]},"body":"{\"id\":\"S1\",\"name\":\"Main Store\",\"address\":\"123 Road\"}"},"id":"bcaf1a9d-f726-40b5-bdf3-3c6345946ac0","priority":0,"timeToLive":{"unlimited":true},"times":{"unlimited":true}}, $.httpResponse.headers.Content-Type[0])
16:06:09.425 [MockServer-MockServer-workerEventLoop7] DEBUG com.networknt.schema.TypeValidator -- validate( "application/json", {"httpRequest":{"method":"POST","path":"/internal/store"},"httpResponse":{"statusCode":201,"headers":{"Content-Type":["application/json"]},"body":"{\"id\":\"S1\",\"name\":\"Main Store\",\"address\":\"123 Road\"}"},"id":"bcaf1a9d-f726-40b5-bdf3-3c6345946ac0","priority":0,"timeToLive":{"unlimited":true},"times":{"unlimited":true}}, $.httpResponse.headers.Content-Type[0])
16:06:09.426 [MockServer-MockServer-workerEventLoop7] DEBUG com.networknt.schema.PropertiesValidator -- validate( "application/json", {"httpRequest":{"method":"POST","path":"/internal/store"},"httpResponse":{"statusCode":201,"headers":{"Content-Type":["application/json"]},"body":"{\"id\":\"S1\",\"name\":\"Main Store\",\"address\":\"123 Road\"}"},"id":"bcaf1a9d-f726-40b5-bdf3-3c6345946ac0","priority":0,"timeToLive":{"unlimited":true},"times":{"unlimited":true}}, $.httpResponse.headers.Content-Type[0])
16:06:09.426 [MockServer-MockServer-workerEventLoop7] DEBUG com.networknt.schema.AdditionalPropertiesValidator -- validate( "application/json", {"httpRequest":{"method":"POST","path":"/internal/store"},"httpResponse":{"statusCode":201,"headers":{"Content-Type":["application/json"]},"body":"{\"id\":\"S1\",\"name\":\"Main Store\",\"address\":\"123 Road\"}"},"id":"bcaf1a9d-f726-40b5-bdf3-3c6345946ac0","priority":0,"timeToLive":{"unlimited":true},"times":{"unlimited":true}}, $.httpResponse.headers.Content-Type[0])
16:06:09.426 [MockServer-MockServer-workerEventLoop7] DEBUG com.networknt.schema.TypeValidator -- validate( "application/json", {"httpRequest":{"method":"POST","path":"/internal/store"},"httpResponse":{"statusCode":201,"headers":{"Content-Type":["application/json"]},"body":"{\"id\":\"S1\",\"name\":\"Main Store\",\"address\":\"123 Road\"}"},"id":"bcaf1a9d-f726-40b5-bdf3-3c6345946ac0","priority":0,"timeToLive":{"unlimited":true},"times":{"unlimited":true}}, $.httpResponse.headers.Content-Type[0])
16:06:09.426 [MockServer-MockServer-workerEventLoop7] DEBUG com.networknt.schema.TypeValidator -- validate( ["application/json"], {"httpRequest":{"method":"POST","path":"/internal/store"},"httpResponse":{"statusCode":201,"headers":{"Content-Type":["application/json"]},"body":"{\"id\":\"S1\",\"name\":\"Main Store\",\"address\":\"123 Road\"}"},"id":"bcaf1a9d-f726-40b5-bdf3-3c6345946ac0","priority":0,"timeToLive":{"unlimited":true},"times":{"unlimited":true}}, $.httpResponse.headers.Content-Type)
16:06:09.428 [MockServer-MockServer-workerEventLoop7] DEBUG com.networknt.schema.PropertiesValidator -- validate( ["application/json"], {"httpRequest":{"method":"POST","path":"/internal/store"},"httpResponse":{"statusCode":201,"headers":{"Content-Type":["application/json"]},"body":"{\"id\":\"S1\",\"name\":\"Main Store\",\"address\":\"123 Road\"}"},"id":"bcaf1a9d-f726-40b5-bdf3-3c6345946ac0","priority":0,"timeToLive":{"unlimited":true},"times":{"unlimited":true}}, $.httpResponse.headers.Content-Type)
16:06:09.429 [MockServer-MockServer-workerEventLoop7] DEBUG com.networknt.schema.AdditionalPropertiesValidator -- validate( ["application/json"], {"httpRequest":{"method":"POST","path":"/internal/store"},"httpResponse":{"statusCode":201,"headers":{"Content-Type":["application/json"]},"body":"{\"id\":\"S1\",\"name\":\"Main Store\",\"address\":\"123 Road\"}"},"id":"bcaf1a9d-f726-40b5-bdf3-3c6345946ac0","priority":0,"timeToLive":{"unlimited":true},"times":{"unlimited":true}}, $.httpResponse.headers.Content-Type)
16:06:09.430 [MockServer-MockServer-workerEventLoop7] DEBUG com.networknt.schema.TypeValidator -- validate( ["application/json"], {"httpRequest":{"method":"POST","path":"/internal/store"},"httpResponse":{"statusCode":201,"headers":{"Content-Type":["application/json"]},"body":"{\"id\":\"S1\",\"name\":\"Main Store\",\"address\":\"123 Road\"}"},"id":"bcaf1a9d-f726-40b5-bdf3-3c6345946ac0","priority":0,"timeToLive":{"unlimited":true},"times":{"unlimited":true}}, $.httpResponse.headers.Content-Type)
16:06:09.431 [MockServer-MockServer-workerEventLoop7] DEBUG com.networknt.schema.TypeValidator -- validate( {"Content-Type":["application/json"]}, {"httpRequest":{"method":"POST","path":"/internal/store"},"httpResponse":{"statusCode":201,"headers":{"Content-Type":["application/json"]},"body":"{\"id\":\"S1\",\"name\":\"Main Store\",\"address\":\"123 Road\"}"},"id":"bcaf1a9d-f726-40b5-bdf3-3c6345946ac0","priority":0,"timeToLive":{"unlimited":true},"times":{"unlimited":true}}, $.httpResponse.headers)
16:06:09.431 [MockServer-MockServer-workerEventLoop7] DEBUG com.networknt.schema.TypeValidator -- validate( 201, {"httpRequest":{"method":"POST","path":"/internal/store"},"httpResponse":{"statusCode":201,"headers":{"Content-Type":["application/json"]},"body":"{\"id\":\"S1\",\"name\":\"Main Store\",\"address\":\"123 Road\"}"},"id":"bcaf1a9d-f726-40b5-bdf3-3c6345946ac0","priority":0,"timeToLive":{"unlimited":true},"times":{"unlimited":true}}, $.httpResponse.statusCode)
16:06:09.431 [MockServer-MockServer-workerEventLoop7] DEBUG com.networknt.schema.AdditionalPropertiesValidator -- validate( {"statusCode":201,"headers":{"Content-Type":["application/json"]},"body":"{\"id\":\"S1\",\"name\":\"Main Store\",\"address\":\"123 Road\"}"}, {"httpRequest":{"method":"POST","path":"/internal/store"},"httpResponse":{"statusCode":201,"headers":{"Content-Type":["application/json"]},"body":"{\"id\":\"S1\",\"name\":\"Main Store\",\"address\":\"123 Road\"}"},"id":"bcaf1a9d-f726-40b5-bdf3-3c6345946ac0","priority":0,"timeToLive":{"unlimited":true},"times":{"unlimited":true}}, $.httpResponse)
16:06:09.431 [MockServer-MockServer-workerEventLoop7] DEBUG com.networknt.schema.TypeValidator -- validate( {"statusCode":201,"headers":{"Content-Type":["application/json"]},"body":"{\"id\":\"S1\",\"name\":\"Main Store\",\"address\":\"123 Road\"}"}, {"httpRequest":{"method":"POST","path":"/internal/store"},"httpResponse":{"statusCode":201,"headers":{"Content-Type":["application/json"]},"body":"{\"id\":\"S1\",\"name\":\"Main Store\",\"address\":\"123 Road\"}"},"id":"bcaf1a9d-f726-40b5-bdf3-3c6345946ac0","priority":0,"timeToLive":{"unlimited":true},"times":{"unlimited":true}}, $.httpResponse)
16:06:09.432 [MockServer-MockServer-workerEventLoop7] DEBUG com.networknt.schema.RefValidator -- validate( {"unlimited":true}, {"httpRequest":{"method":"POST","path":"/internal/store"},"httpResponse":{"statusCode":201,"headers":{"Content-Type":["application/json"]},"body":"{\"id\":\"S1\",\"name\":\"Main Store\",\"address\":\"123 Road\"}"},"id":"bcaf1a9d-f726-40b5-bdf3-3c6345946ac0","priority":0,"timeToLive":{"unlimited":true},"times":{"unlimited":true}}, $.times)
16:06:09.435 [MockServer-MockServer-workerEventLoop7] DEBUG com.networknt.schema.PropertiesValidator -- validate( {"unlimited":true}, {"httpRequest":{"method":"POST","path":"/internal/store"},"httpResponse":{"statusCode":201,"headers":{"Content-Type":["application/json"]},"body":"{\"id\":\"S1\",\"name\":\"Main Store\",\"address\":\"123 Road\"}"},"id":"bcaf1a9d-f726-40b5-bdf3-3c6345946ac0","priority":0,"timeToLive":{"unlimited":true},"times":{"unlimited":true}}, $.times)
16:06:09.435 [MockServer-MockServer-workerEventLoop7] DEBUG com.networknt.schema.TypeValidator -- validate( true, {"httpRequest":{"method":"POST","path":"/internal/store"},"httpResponse":{"statusCode":201,"headers":{"Content-Type":["application/json"]},"body":"{\"id\":\"S1\",\"name\":\"Main Store\",\"address\":\"123 Road\"}"},"id":"bcaf1a9d-f726-40b5-bdf3-3c6345946ac0","priority":0,"timeToLive":{"unlimited":true},"times":{"unlimited":true}}, $.times.unlimited)
16:06:09.435 [MockServer-MockServer-workerEventLoop7] DEBUG com.networknt.schema.AdditionalPropertiesValidator -- validate( {"unlimited":true}, {"httpRequest":{"method":"POST","path":"/internal/store"},"httpResponse":{"statusCode":201,"headers":{"Content-Type":["application/json"]},"body":"{\"id\":\"S1\",\"name\":\"Main Store\",\"address\":\"123 Road\"}"},"id":"bcaf1a9d-f726-40b5-bdf3-3c6345946ac0","priority":0,"timeToLive":{"unlimited":true},"times":{"unlimited":true}}, $.times)
16:06:09.436 [MockServer-MockServer-workerEventLoop7] DEBUG com.networknt.schema.TypeValidator -- validate( {"unlimited":true}, {"httpRequest":{"method":"POST","path":"/internal/store"},"httpResponse":{"statusCode":201,"headers":{"Content-Type":["application/json"]},"body":"{\"id\":\"S1\",\"name\":\"Main Store\",\"address\":\"123 Road\"}"},"id":"bcaf1a9d-f726-40b5-bdf3-3c6345946ac0","priority":0,"timeToLive":{"unlimited":true},"times":{"unlimited":true}}, $.times)
16:06:09.436 [MockServer-MockServer-workerEventLoop7] DEBUG com.networknt.schema.RefValidator -- validate( {"unlimited":true}, {"httpRequest":{"method":"POST","path":"/internal/store"},"httpResponse":{"statusCode":201,"headers":{"Content-Type":["application/json"]},"body":"{\"id\":\"S1\",\"name\":\"Main Store\",\"address\":\"123 Road\"}"},"id":"bcaf1a9d-f726-40b5-bdf3-3c6345946ac0","priority":0,"timeToLive":{"unlimited":true},"times":{"unlimited":true}}, $.timeToLive)
16:06:09.436 [MockServer-MockServer-workerEventLoop7] DEBUG com.networknt.schema.PropertiesValidator -- validate( {"unlimited":true}, {"httpRequest":{"method":"POST","path":"/internal/store"},"httpResponse":{"statusCode":201,"headers":{"Content-Type":["application/json"]},"body":"{\"id\":\"S1\",\"name\":\"Main Store\",\"address\":\"123 Road\"}"},"id":"bcaf1a9d-f726-40b5-bdf3-3c6345946ac0","priority":0,"timeToLive":{"unlimited":true},"times":{"unlimited":true}}, $.timeToLive)
16:06:09.437 [MockServer-MockServer-workerEventLoop7] DEBUG com.networknt.schema.TypeValidator -- validate( true, {"httpRequest":{"method":"POST","path":"/internal/store"},"httpResponse":{"statusCode":201,"headers":{"Content-Type":["application/json"]},"body":"{\"id\":\"S1\",\"name\":\"Main Store\",\"address\":\"123 Road\"}"},"id":"bcaf1a9d-f726-40b5-bdf3-3c6345946ac0","priority":0,"timeToLive":{"unlimited":true},"times":{"unlimited":true}}, $.timeToLive.unlimited)
16:06:09.437 [MockServer-MockServer-workerEventLoop7] DEBUG com.networknt.schema.AdditionalPropertiesValidator -- validate( {"unlimited":true}, {"httpRequest":{"method":"POST","path":"/internal/store"},"httpResponse":{"statusCode":201,"headers":{"Content-Type":["application/json"]},"body":"{\"id\":\"S1\",\"name\":\"Main Store\",\"address\":\"123 Road\"}"},"id":"bcaf1a9d-f726-40b5-bdf3-3c6345946ac0","priority":0,"timeToLive":{"unlimited":true},"times":{"unlimited":true}}, $.timeToLive)
16:06:09.437 [MockServer-MockServer-workerEventLoop7] DEBUG com.networknt.schema.TypeValidator -- validate( {"unlimited":true}, {"httpRequest":{"method":"POST","path":"/internal/store"},"httpResponse":{"statusCode":201,"headers":{"Content-Type":["application/json"]},"body":"{\"id\":\"S1\",\"name\":\"Main Store\",\"address\":\"123 Road\"}"},"id":"bcaf1a9d-f726-40b5-bdf3-3c6345946ac0","priority":0,"timeToLive":{"unlimited":true},"times":{"unlimited":true}}, $.timeToLive)
16:06:09.437 [MockServer-MockServer-workerEventLoop7] DEBUG com.networknt.schema.AdditionalPropertiesValidator -- validate( {"httpRequest":{"method":"POST","path":"/internal/store"},"httpResponse":{"statusCode":201,"headers":{"Content-Type":["application/json"]},"body":"{\"id\":\"S1\",\"name\":\"Main Store\",\"address\":\"123 Road\"}"},"id":"bcaf1a9d-f726-40b5-bdf3-3c6345946ac0","priority":0,"timeToLive":{"unlimited":true},"times":{"unlimited":true}}, {"httpRequest":{"method":"POST","path":"/internal/store"},"httpResponse":{"statusCode":201,"headers":{"Content-Type":["application/json"]},"body":"{\"id\":\"S1\",\"name\":\"Main Store\",\"address\":\"123 Road\"}"},"id":"bcaf1a9d-f726-40b5-bdf3-3c6345946ac0","priority":0,"timeToLive":{"unlimited":true},"times":{"unlimited":true}}, $)
16:06:09.437 [MockServer-MockServer-workerEventLoop7] DEBUG com.networknt.schema.OneOfValidator -- validate( {"httpRequest":{"method":"POST","path":"/internal/store"},"httpResponse":{"statusCode":201,"headers":{"Content-Type":["application/json"]},"body":"{\"id\":\"S1\",\"name\":\"Main Store\",\"address\":\"123 Road\"}"},"id":"bcaf1a9d-f726-40b5-bdf3-3c6345946ac0","priority":0,"timeToLive":{"unlimited":true},"times":{"unlimited":true}}, {"httpRequest":{"method":"POST","path":"/internal/store"},"httpResponse":{"statusCode":201,"headers":{"Content-Type":["application/json"]},"body":"{\"id\":\"S1\",\"name\":\"Main Store\",\"address\":\"123 Road\"}"},"id":"bcaf1a9d-f726-40b5-bdf3-3c6345946ac0","priority":0,"timeToLive":{"unlimited":true},"times":{"unlimited":true}}, $)
16:06:09.438 [MockServer-MockServer-workerEventLoop7] DEBUG com.networknt.schema.RequiredValidator -- validate( {"httpRequest":{"method":"POST","path":"/internal/store"},"httpResponse":{"statusCode":201,"headers":{"Content-Type":["application/json"]},"body":"{\"id\":\"S1\",\"name\":\"Main Store\",\"address\":\"123 Road\"}"},"id":"bcaf1a9d-f726-40b5-bdf3-3c6345946ac0","priority":0,"timeToLive":{"unlimited":true},"times":{"unlimited":true}}, {"httpRequest":{"method":"POST","path":"/internal/store"},"httpResponse":{"statusCode":201,"headers":{"Content-Type":["application/json"]},"body":"{\"id\":\"S1\",\"name\":\"Main Store\",\"address\":\"123 Road\"}"},"id":"bcaf1a9d-f726-40b5-bdf3-3c6345946ac0","priority":0,"timeToLive":{"unlimited":true},"times":{"unlimited":true}}, $)
16:06:09.438 [MockServer-MockServer-workerEventLoop7] DEBUG com.networknt.schema.RequiredValidator -- validate( {"httpRequest":{"method":"POST","path":"/internal/store"},"httpResponse":{"statusCode":201,"headers":{"Content-Type":["application/json"]},"body":"{\"id\":\"S1\",\"name\":\"Main Store\",\"address\":\"123 Road\"}"},"id":"bcaf1a9d-f726-40b5-bdf3-3c6345946ac0","priority":0,"timeToLive":{"unlimited":true},"times":{"unlimited":true}}, {"httpRequest":{"method":"POST","path":"/internal/store"},"httpResponse":{"statusCode":201,"headers":{"Content-Type":["application/json"]},"body":"{\"id\":\"S1\",\"name\":\"Main Store\",\"address\":\"123 Road\"}"},"id":"bcaf1a9d-f726-40b5-bdf3-3c6345946ac0","priority":0,"timeToLive":{"unlimited":true},"times":{"unlimited":true}}, $)
16:06:09.439 [MockServer-MockServer-workerEventLoop7] DEBUG com.networknt.schema.RequiredValidator -- validate( {"httpRequest":{"method":"POST","path":"/internal/store"},"httpResponse":{"statusCode":201,"headers":{"Content-Type":["application/json"]},"body":"{\"id\":\"S1\",\"name\":\"Main Store\",\"address\":\"123 Road\"}"},"id":"bcaf1a9d-f726-40b5-bdf3-3c6345946ac0","priority":0,"timeToLive":{"unlimited":true},"times":{"unlimited":true}}, {"httpRequest":{"method":"POST","path":"/internal/store"},"httpResponse":{"statusCode":201,"headers":{"Content-Type":["application/json"]},"body":"{\"id\":\"S1\",\"name\":\"Main Store\",\"address\":\"123 Road\"}"},"id":"bcaf1a9d-f726-40b5-bdf3-3c6345946ac0","priority":0,"timeToLive":{"unlimited":true},"times":{"unlimited":true}}, $)
16:06:09.440 [MockServer-MockServer-workerEventLoop7] DEBUG com.networknt.schema.RequiredValidator -- validate( {"httpRequest":{"method":"POST","path":"/internal/store"},"httpResponse":{"statusCode":201,"headers":{"Content-Type":["application/json"]},"body":"{\"id\":\"S1\",\"name\":\"Main Store\",\"address\":\"123 Road\"}"},"id":"bcaf1a9d-f726-40b5-bdf3-3c6345946ac0","priority":0,"timeToLive":{"unlimited":true},"times":{"unlimited":true}}, {"httpRequest":{"method":"POST","path":"/internal/store"},"httpResponse":{"statusCode":201,"headers":{"Content-Type":["application/json"]},"body":"{\"id\":\"S1\",\"name\":\"Main Store\",\"address\":\"123 Road\"}"},"id":"bcaf1a9d-f726-40b5-bdf3-3c6345946ac0","priority":0,"timeToLive":{"unlimited":true},"times":{"unlimited":true}}, $)
16:06:09.442 [MockServer-MockServer-workerEventLoop7] DEBUG com.networknt.schema.RequiredValidator -- validate( {"httpRequest":{"method":"POST","path":"/internal/store"},"httpResponse":{"statusCode":201,"headers":{"Content-Type":["application/json"]},"body":"{\"id\":\"S1\",\"name\":\"Main Store\",\"address\":\"123 Road\"}"},"id":"bcaf1a9d-f726-40b5-bdf3-3c6345946ac0","priority":0,"timeToLive":{"unlimited":true},"times":{"unlimited":true}}, {"httpRequest":{"method":"POST","path":"/internal/store"},"httpResponse":{"statusCode":201,"headers":{"Content-Type":["application/json"]},"body":"{\"id\":\"S1\",\"name\":\"Main Store\",\"address\":\"123 Road\"}"},"id":"bcaf1a9d-f726-40b5-bdf3-3c6345946ac0","priority":0,"timeToLive":{"unlimited":true},"times":{"unlimited":true}}, $)
16:06:09.448 [MockServer-MockServer-workerEventLoop7] DEBUG com.networknt.schema.RequiredValidator -- validate( {"httpRequest":{"method":"POST","path":"/internal/store"},"httpResponse":{"statusCode":201,"headers":{"Content-Type":["application/json"]},"body":"{\"id\":\"S1\",\"name\":\"Main Store\",\"address\":\"123 Road\"}"},"id":"bcaf1a9d-f726-40b5-bdf3-3c6345946ac0","priority":0,"timeToLive":{"unlimited":true},"times":{"unlimited":true}}, {"httpRequest":{"method":"POST","path":"/internal/store"},"httpResponse":{"statusCode":201,"headers":{"Content-Type":["application/json"]},"body":"{\"id\":\"S1\",\"name\":\"Main Store\",\"address\":\"123 Road\"}"},"id":"bcaf1a9d-f726-40b5-bdf3-3c6345946ac0","priority":0,"timeToLive":{"unlimited":true},"times":{"unlimited":true}}, $)
16:06:09.448 [MockServer-MockServer-workerEventLoop7] DEBUG com.networknt.schema.RequiredValidator -- validate( {"httpRequest":{"method":"POST","path":"/internal/store"},"httpResponse":{"statusCode":201,"headers":{"Content-Type":["application/json"]},"body":"{\"id\":\"S1\",\"name\":\"Main Store\",\"address\":\"123 Road\"}"},"id":"bcaf1a9d-f726-40b5-bdf3-3c6345946ac0","priority":0,"timeToLive":{"unlimited":true},"times":{"unlimited":true}}, {"httpRequest":{"method":"POST","path":"/internal/store"},"httpResponse":{"statusCode":201,"headers":{"Content-Type":["application/json"]},"body":"{\"id\":\"S1\",\"name\":\"Main Store\",\"address\":\"123 Road\"}"},"id":"bcaf1a9d-f726-40b5-bdf3-3c6345946ac0","priority":0,"timeToLive":{"unlimited":true},"times":{"unlimited":true}}, $)
16:06:09.449 [MockServer-MockServer-workerEventLoop7] DEBUG com.networknt.schema.RequiredValidator -- validate( {"httpRequest":{"method":"POST","path":"/internal/store"},"httpResponse":{"statusCode":201,"headers":{"Content-Type":["application/json"]},"body":"{\"id\":\"S1\",\"name\":\"Main Store\",\"address\":\"123 Road\"}"},"id":"bcaf1a9d-f726-40b5-bdf3-3c6345946ac0","priority":0,"timeToLive":{"unlimited":true},"times":{"unlimited":true}}, {"httpRequest":{"method":"POST","path":"/internal/store"},"httpResponse":{"statusCode":201,"headers":{"Content-Type":["application/json"]},"body":"{\"id\":\"S1\",\"name\":\"Main Store\",\"address\":\"123 Road\"}"},"id":"bcaf1a9d-f726-40b5-bdf3-3c6345946ac0","priority":0,"timeToLive":{"unlimited":true},"times":{"unlimited":true}}, $)
16:06:09.452 [MockServer-MockServer-workerEventLoop7] DEBUG com.networknt.schema.RequiredValidator -- validate( {"httpRequest":{"method":"POST","path":"/internal/store"},"httpResponse":{"statusCode":201,"headers":{"Content-Type":["application/json"]},"body":"{\"id\":\"S1\",\"name\":\"Main Store\",\"address\":\"123 Road\"}"},"id":"bcaf1a9d-f726-40b5-bdf3-3c6345946ac0","priority":0,"timeToLive":{"unlimited":true},"times":{"unlimited":true}}, {"httpRequest":{"method":"POST","path":"/internal/store"},"httpResponse":{"statusCode":201,"headers":{"Content-Type":["application/json"]},"body":"{\"id\":\"S1\",\"name\":\"Main Store\",\"address\":\"123 Road\"}"},"id":"bcaf1a9d-f726-40b5-bdf3-3c6345946ac0","priority":0,"timeToLive":{"unlimited":true},"times":{"unlimited":true}}, $)
16:06:09.454 [MockServer-MockServer-workerEventLoop7] DEBUG com.networknt.schema.RequiredValidator -- validate( {"httpRequest":{"method":"POST","path":"/internal/store"},"httpResponse":{"statusCode":201,"headers":{"Content-Type":["application/json"]},"body":"{\"id\":\"S1\",\"name\":\"Main Store\",\"address\":\"123 Road\"}"},"id":"bcaf1a9d-f726-40b5-bdf3-3c6345946ac0","priority":0,"timeToLive":{"unlimited":true},"times":{"unlimited":true}}, {"httpRequest":{"method":"POST","path":"/internal/store"},"httpResponse":{"statusCode":201,"headers":{"Content-Type":["application/json"]},"body":"{\"id\":\"S1\",\"name\":\"Main Store\",\"address\":\"123 Road\"}"},"id":"bcaf1a9d-f726-40b5-bdf3-3c6345946ac0","priority":0,"timeToLive":{"unlimited":true},"times":{"unlimited":true}}, $)
16:06:09.454 [MockServer-MockServer-workerEventLoop7] DEBUG com.networknt.schema.TypeValidator -- validate( {"httpRequest":{"method":"POST","path":"/internal/store"},"httpResponse":{"statusCode":201,"headers":{"Content-Type":["application/json"]},"body":"{\"id\":\"S1\",\"name\":\"Main Store\",\"address\":\"123 Road\"}"},"id":"bcaf1a9d-f726-40b5-bdf3-3c6345946ac0","priority":0,"timeToLive":{"unlimited":true},"times":{"unlimited":true}}, {"httpRequest":{"method":"POST","path":"/internal/store"},"httpResponse":{"statusCode":201,"headers":{"Content-Type":["application/json"]},"body":"{\"id\":\"S1\",\"name\":\"Main Store\",\"address\":\"123 Road\"}"},"id":"bcaf1a9d-f726-40b5-bdf3-3c6345946ac0","priority":0,"timeToLive":{"unlimited":true},"times":{"unlimited":true}}, $)
16:06:09.723 [MockServer-EventLog0] INFO org.mockserver.log.MockServerEventLog -- 8888 creating expectation:

  {
    "httpRequest" : {
      "method" : "POST",
      "path" : "/internal/store"
    },
    "httpResponse" : {
      "statusCode" : 201,
      "headers" : {
        "Content-Type" : [ "application/json" ]
      },
      "body" : "{\"id\":\"S1\",\"name\":\"Main Store\",\"address\":\"123 Road\"}"
    },
    "id" : "bcaf1a9d-f726-40b5-bdf3-3c6345946ac0",
    "priority" : 0,
    "timeToLive" : {
      "unlimited" : true
    },
    "times" : {
      "unlimited" : true
    }
  }

 with id:

  bcaf1a9d-f726-40b5-bdf3-3c6345946ac0

16:06:09.732 [main] DEBUG com.networknt.schema.PropertiesValidator -- validate( {"httpRequest":{"method":"POST","path":"/internal/store"},"httpResponse":{"statusCode":201,"headers":{"Content-Type":["application/json"]},"body":"{\"id\":\"S1\",\"name\":\"Main Store\",\"address\":\"123 Road\"}"},"id":"bcaf1a9d-f726-40b5-bdf3-3c6345946ac0","priority":0,"timeToLive":{"unlimited":true},"times":{"unlimited":true}}, {"httpRequest":{"method":"POST","path":"/internal/store"},"httpResponse":{"statusCode":201,"headers":{"Content-Type":["application/json"]},"body":"{\"id\":\"S1\",\"name\":\"Main Store\",\"address\":\"123 Road\"}"},"id":"bcaf1a9d-f726-40b5-bdf3-3c6345946ac0","priority":0,"timeToLive":{"unlimited":true},"times":{"unlimited":true}}, $)
16:06:09.732 [main] DEBUG com.networknt.schema.TypeValidator -- validate( "bcaf1a9d-f726-40b5-bdf3-3c6345946ac0", {"httpRequest":{"method":"POST","path":"/internal/store"},"httpResponse":{"statusCode":201,"headers":{"Content-Type":["application/json"]},"body":"{\"id\":\"S1\",\"name\":\"Main Store\",\"address\":\"123 Road\"}"},"id":"bcaf1a9d-f726-40b5-bdf3-3c6345946ac0","priority":0,"timeToLive":{"unlimited":true},"times":{"unlimited":true}}, $.id)
16:06:09.733 [main] DEBUG com.networknt.schema.TypeValidator -- validate( 0, {"httpRequest":{"method":"POST","path":"/internal/store"},"httpResponse":{"statusCode":201,"headers":{"Content-Type":["application/json"]},"body":"{\"id\":\"S1\",\"name\":\"Main Store\",\"address\":\"123 Road\"}"},"id":"bcaf1a9d-f726-40b5-bdf3-3c6345946ac0","priority":0,"timeToLive":{"unlimited":true},"times":{"unlimited":true}}, $.priority)
16:06:09.733 [main] DEBUG com.networknt.schema.RefValidator -- validate( {"method":"POST","path":"/internal/store"}, {"httpRequest":{"method":"POST","path":"/internal/store"},"httpResponse":{"statusCode":201,"headers":{"Content-Type":["application/json"]},"body":"{\"id\":\"S1\",\"name\":\"Main Store\",\"address\":\"123 Road\"}"},"id":"bcaf1a9d-f726-40b5-bdf3-3c6345946ac0","priority":0,"timeToLive":{"unlimited":true},"times":{"unlimited":true}}, $.httpRequest)
16:06:09.734 [main] DEBUG com.networknt.schema.RequiredValidator -- validate( {"method":"POST","path":"/internal/store"}, {"httpRequest":{"method":"POST","path":"/internal/store"},"httpResponse":{"statusCode":201,"headers":{"Content-Type":["application/json"]},"body":"{\"id\":\"S1\",\"name\":\"Main Store\",\"address\":\"123 Road\"}"},"id":"bcaf1a9d-f726-40b5-bdf3-3c6345946ac0","priority":0,"timeToLive":{"unlimited":true},"times":{"unlimited":true}}, $.httpRequest)
16:06:09.734 [main] DEBUG com.networknt.schema.RefValidator -- validate( {"method":"POST","path":"/internal/store"}, {"httpRequest":{"method":"POST","path":"/internal/store"},"httpResponse":{"statusCode":201,"headers":{"Content-Type":["application/json"]},"body":"{\"id\":\"S1\",\"name\":\"Main Store\",\"address\":\"123 Road\"}"},"id":"bcaf1a9d-f726-40b5-bdf3-3c6345946ac0","priority":0,"timeToLive":{"unlimited":true},"times":{"unlimited":true}}, $.httpRequest)
16:06:09.734 [main] DEBUG com.networknt.schema.PropertiesValidator -- validate( {"method":"POST","path":"/internal/store"}, {"httpRequest":{"method":"POST","path":"/internal/store"},"httpResponse":{"statusCode":201,"headers":{"Content-Type":["application/json"]},"body":"{\"id\":\"S1\",\"name\":\"Main Store\",\"address\":\"123 Road\"}"},"id":"bcaf1a9d-f726-40b5-bdf3-3c6345946ac0","priority":0,"timeToLive":{"unlimited":true},"times":{"unlimited":true}}, $.httpRequest)
16:06:09.735 [main] DEBUG com.networknt.schema.RefValidator -- validate( "POST", {"httpRequest":{"method":"POST","path":"/internal/store"},"httpResponse":{"statusCode":201,"headers":{"Content-Type":["application/json"]},"body":"{\"id\":\"S1\",\"name\":\"Main Store\",\"address\":\"123 Road\"}"},"id":"bcaf1a9d-f726-40b5-bdf3-3c6345946ac0","priority":0,"timeToLive":{"unlimited":true},"times":{"unlimited":true}}, $.httpRequest.method)
16:06:09.735 [main] DEBUG com.networknt.schema.OneOfValidator -- validate( "POST", {"httpRequest":{"method":"POST","path":"/internal/store"},"httpResponse":{"statusCode":201,"headers":{"Content-Type":["application/json"]},"body":"{\"id\":\"S1\",\"name\":\"Main Store\",\"address\":\"123 Road\"}"},"id":"bcaf1a9d-f726-40b5-bdf3-3c6345946ac0","priority":0,"timeToLive":{"unlimited":true},"times":{"unlimited":true}}, $.httpRequest.method)
16:06:09.735 [main] DEBUG com.networknt.schema.TypeValidator -- validate( "POST", {"httpRequest":{"method":"POST","path":"/internal/store"},"httpResponse":{"statusCode":201,"headers":{"Content-Type":["application/json"]},"body":"{\"id\":\"S1\",\"name\":\"Main Store\",\"address\":\"123 Road\"}"},"id":"bcaf1a9d-f726-40b5-bdf3-3c6345946ac0","priority":0,"timeToLive":{"unlimited":true},"times":{"unlimited":true}}, $.httpRequest.method)
16:06:09.735 [main] DEBUG com.networknt.schema.PropertiesValidator -- validate( "POST", {"httpRequest":{"method":"POST","path":"/internal/store"},"httpResponse":{"statusCode":201,"headers":{"Content-Type":["application/json"]},"body":"{\"id\":\"S1\",\"name\":\"Main Store\",\"address\":\"123 Road\"}"},"id":"bcaf1a9d-f726-40b5-bdf3-3c6345946ac0","priority":0,"timeToLive":{"unlimited":true},"times":{"unlimited":true}}, $.httpRequest.method)
16:06:09.736 [main] DEBUG com.networknt.schema.AdditionalPropertiesValidator -- validate( "POST", {"httpRequest":{"method":"POST","path":"/internal/store"},"httpResponse":{"statusCode":201,"headers":{"Content-Type":["application/json"]},"body":"{\"id\":\"S1\",\"name\":\"Main Store\",\"address\":\"123 Road\"}"},"id":"bcaf1a9d-f726-40b5-bdf3-3c6345946ac0","priority":0,"timeToLive":{"unlimited":true},"times":{"unlimited":true}}, $.httpRequest.method)
16:06:09.737 [main] DEBUG com.networknt.schema.TypeValidator -- validate( "POST", {"httpRequest":{"method":"POST","path":"/internal/store"},"httpResponse":{"statusCode":201,"headers":{"Content-Type":["application/json"]},"body":"{\"id\":\"S1\",\"name\":\"Main Store\",\"address\":\"123 Road\"}"},"id":"bcaf1a9d-f726-40b5-bdf3-3c6345946ac0","priority":0,"timeToLive":{"unlimited":true},"times":{"unlimited":true}}, $.httpRequest.method)
16:06:09.740 [main] DEBUG com.networknt.schema.RefValidator -- validate( "/internal/store", {"httpRequest":{"method":"POST","path":"/internal/store"},"httpResponse":{"statusCode":201,"headers":{"Content-Type":["application/json"]},"body":"{\"id\":\"S1\",\"name\":\"Main Store\",\"address\":\"123 Road\"}"},"id":"bcaf1a9d-f726-40b5-bdf3-3c6345946ac0","priority":0,"timeToLive":{"unlimited":true},"times":{"unlimited":true}}, $.httpRequest.path)
16:06:09.741 [main] DEBUG com.networknt.schema.OneOfValidator -- validate( "/internal/store", {"httpRequest":{"method":"POST","path":"/internal/store"},"httpResponse":{"statusCode":201,"headers":{"Content-Type":["application/json"]},"body":"{\"id\":\"S1\",\"name\":\"Main Store\",\"address\":\"123 Road\"}"},"id":"bcaf1a9d-f726-40b5-bdf3-3c6345946ac0","priority":0,"timeToLive":{"unlimited":true},"times":{"unlimited":true}}, $.httpRequest.path)
16:06:09.742 [main] DEBUG com.networknt.schema.TypeValidator -- validate( "/internal/store", {"httpRequest":{"method":"POST","path":"/internal/store"},"httpResponse":{"statusCode":201,"headers":{"Content-Type":["application/json"]},"body":"{\"id\":\"S1\",\"name\":\"Main Store\",\"address\":\"123 Road\"}"},"id":"bcaf1a9d-f726-40b5-bdf3-3c6345946ac0","priority":0,"timeToLive":{"unlimited":true},"times":{"unlimited":true}}, $.httpRequest.path)
16:06:09.743 [main] DEBUG com.networknt.schema.PropertiesValidator -- validate( "/internal/store", {"httpRequest":{"method":"POST","path":"/internal/store"},"httpResponse":{"statusCode":201,"headers":{"Content-Type":["application/json"]},"body":"{\"id\":\"S1\",\"name\":\"Main Store\",\"address\":\"123 Road\"}"},"id":"bcaf1a9d-f726-40b5-bdf3-3c6345946ac0","priority":0,"timeToLive":{"unlimited":true},"times":{"unlimited":true}}, $.httpRequest.path)
16:06:09.743 [main] DEBUG com.networknt.schema.AdditionalPropertiesValidator -- validate( "/internal/store", {"httpRequest":{"method":"POST","path":"/internal/store"},"httpResponse":{"statusCode":201,"headers":{"Content-Type":["application/json"]},"body":"{\"id\":\"S1\",\"name\":\"Main Store\",\"address\":\"123 Road\"}"},"id":"bcaf1a9d-f726-40b5-bdf3-3c6345946ac0","priority":0,"timeToLive":{"unlimited":true},"times":{"unlimited":true}}, $.httpRequest.path)
16:06:09.743 [main] DEBUG com.networknt.schema.TypeValidator -- validate( "/internal/store", {"httpRequest":{"method":"POST","path":"/internal/store"},"httpResponse":{"statusCode":201,"headers":{"Content-Type":["application/json"]},"body":"{\"id\":\"S1\",\"name\":\"Main Store\",\"address\":\"123 Road\"}"},"id":"bcaf1a9d-f726-40b5-bdf3-3c6345946ac0","priority":0,"timeToLive":{"unlimited":true},"times":{"unlimited":true}}, $.httpRequest.path)
16:06:09.744 [main] DEBUG com.networknt.schema.AdditionalPropertiesValidator -- validate( {"method":"POST","path":"/internal/store"}, {"httpRequest":{"method":"POST","path":"/internal/store"},"httpResponse":{"statusCode":201,"headers":{"Content-Type":["application/json"]},"body":"{\"id\":\"S1\",\"name\":\"Main Store\",\"address\":\"123 Road\"}"},"id":"bcaf1a9d-f726-40b5-bdf3-3c6345946ac0","priority":0,"timeToLive":{"unlimited":true},"times":{"unlimited":true}}, $.httpRequest)
16:06:09.746 [main] DEBUG com.networknt.schema.TypeValidator -- validate( {"method":"POST","path":"/internal/store"}, {"httpRequest":{"method":"POST","path":"/internal/store"},"httpResponse":{"statusCode":201,"headers":{"Content-Type":["application/json"]},"body":"{\"id\":\"S1\",\"name\":\"Main Store\",\"address\":\"123 Road\"}"},"id":"bcaf1a9d-f726-40b5-bdf3-3c6345946ac0","priority":0,"timeToLive":{"unlimited":true},"times":{"unlimited":true}}, $.httpRequest)
16:06:09.746 [main] DEBUG com.networknt.schema.RefValidator -- validate( {"statusCode":201,"headers":{"Content-Type":["application/json"]},"body":"{\"id\":\"S1\",\"name\":\"Main Store\",\"address\":\"123 Road\"}"}, {"httpRequest":{"method":"POST","path":"/internal/store"},"httpResponse":{"statusCode":201,"headers":{"Content-Type":["application/json"]},"body":"{\"id\":\"S1\",\"name\":\"Main Store\",\"address\":\"123 Road\"}"},"id":"bcaf1a9d-f726-40b5-bdf3-3c6345946ac0","priority":0,"timeToLive":{"unlimited":true},"times":{"unlimited":true}}, $.httpResponse)
16:06:09.747 [main] DEBUG com.networknt.schema.PropertiesValidator -- validate( {"statusCode":201,"headers":{"Content-Type":["application/json"]},"body":"{\"id\":\"S1\",\"name\":\"Main Store\",\"address\":\"123 Road\"}"}, {"httpRequest":{"method":"POST","path":"/internal/store"},"httpResponse":{"statusCode":201,"headers":{"Content-Type":["application/json"]},"body":"{\"id\":\"S1\",\"name\":\"Main Store\",\"address\":\"123 Road\"}"},"id":"bcaf1a9d-f726-40b5-bdf3-3c6345946ac0","priority":0,"timeToLive":{"unlimited":true},"times":{"unlimited":true}}, $.httpResponse)
16:06:09.747 [main] DEBUG com.networknt.schema.RefValidator -- validate( "{\"id\":\"S1\",\"name\":\"Main Store\",\"address\":\"123 Road\"}", {"httpRequest":{"method":"POST","path":"/internal/store"},"httpResponse":{"statusCode":201,"headers":{"Content-Type":["application/json"]},"body":"{\"id\":\"S1\",\"name\":\"Main Store\",\"address\":\"123 Road\"}"},"id":"bcaf1a9d-f726-40b5-bdf3-3c6345946ac0","priority":0,"timeToLive":{"unlimited":true},"times":{"unlimited":true}}, $.httpResponse.body)
16:06:09.747 [main] DEBUG com.networknt.schema.RequiredValidator -- validate( "{\"id\":\"S1\",\"name\":\"Main Store\",\"address\":\"123 Road\"}", {"httpRequest":{"method":"POST","path":"/internal/store"},"httpResponse":{"statusCode":201,"headers":{"Content-Type":["application/json"]},"body":"{\"id\":\"S1\",\"name\":\"Main Store\",\"address\":\"123 Road\"}"},"id":"bcaf1a9d-f726-40b5-bdf3-3c6345946ac0","priority":0,"timeToLive":{"unlimited":true},"times":{"unlimited":true}}, $.httpResponse.body)
16:06:09.748 [main] DEBUG com.networknt.schema.PropertiesValidator -- validate( "{\"id\":\"S1\",\"name\":\"Main Store\",\"address\":\"123 Road\"}", {"httpRequest":{"method":"POST","path":"/internal/store"},"httpResponse":{"statusCode":201,"headers":{"Content-Type":["application/json"]},"body":"{\"id\":\"S1\",\"name\":\"Main Store\",\"address\":\"123 Road\"}"},"id":"bcaf1a9d-f726-40b5-bdf3-3c6345946ac0","priority":0,"timeToLive":{"unlimited":true},"times":{"unlimited":true}}, $.httpResponse.body)
16:06:09.748 [main] DEBUG com.networknt.schema.AdditionalPropertiesValidator -- validate( "{\"id\":\"S1\",\"name\":\"Main Store\",\"address\":\"123 Road\"}", {"httpRequest":{"method":"POST","path":"/internal/store"},"httpResponse":{"statusCode":201,"headers":{"Content-Type":["application/json"]},"body":"{\"id\":\"S1\",\"name\":\"Main Store\",\"address\":\"123 Road\"}"},"id":"bcaf1a9d-f726-40b5-bdf3-3c6345946ac0","priority":0,"timeToLive":{"unlimited":true},"times":{"unlimited":true}}, $.httpResponse.body)
16:06:09.749 [main] DEBUG com.networknt.schema.TypeValidator -- validate( "{\"id\":\"S1\",\"name\":\"Main Store\",\"address\":\"123 Road\"}", {"httpRequest":{"method":"POST","path":"/internal/store"},"httpResponse":{"statusCode":201,"headers":{"Content-Type":["application/json"]},"body":"{\"id\":\"S1\",\"name\":\"Main Store\",\"address\":\"123 Road\"}"},"id":"bcaf1a9d-f726-40b5-bdf3-3c6345946ac0","priority":0,"timeToLive":{"unlimited":true},"times":{"unlimited":true}}, $.httpResponse.body)
16:06:09.749 [main] DEBUG com.networknt.schema.PropertiesValidator -- validate( "{\"id\":\"S1\",\"name\":\"Main Store\",\"address\":\"123 Road\"}", {"httpRequest":{"method":"POST","path":"/internal/store"},"httpResponse":{"statusCode":201,"headers":{"Content-Type":["application/json"]},"body":"{\"id\":\"S1\",\"name\":\"Main Store\",\"address\":\"123 Road\"}"},"id":"bcaf1a9d-f726-40b5-bdf3-3c6345946ac0","priority":0,"timeToLive":{"unlimited":true},"times":{"unlimited":true}}, $.httpResponse.body)
16:06:09.750 [main] DEBUG com.networknt.schema.AdditionalPropertiesValidator -- validate( "{\"id\":\"S1\",\"name\":\"Main Store\",\"address\":\"123 Road\"}", {"httpRequest":{"method":"POST","path":"/internal/store"},"httpResponse":{"statusCode":201,"headers":{"Content-Type":["application/json"]},"body":"{\"id\":\"S1\",\"name\":\"Main Store\",\"address\":\"123 Road\"}"},"id":"bcaf1a9d-f726-40b5-bdf3-3c6345946ac0","priority":0,"timeToLive":{"unlimited":true},"times":{"unlimited":true}}, $.httpResponse.body)
16:06:09.750 [main] DEBUG com.networknt.schema.TypeValidator -- validate( "{\"id\":\"S1\",\"name\":\"Main Store\",\"address\":\"123 Road\"}", {"httpRequest":{"method":"POST","path":"/internal/store"},"httpResponse":{"statusCode":201,"headers":{"Content-Type":["application/json"]},"body":"{\"id\":\"S1\",\"name\":\"Main Store\",\"address\":\"123 Road\"}"},"id":"bcaf1a9d-f726-40b5-bdf3-3c6345946ac0","priority":0,"timeToLive":{"unlimited":true},"times":{"unlimited":true}}, $.httpResponse.body)
16:06:09.751 [main] DEBUG com.networknt.schema.AdditionalPropertiesValidator -- validate( "{\"id\":\"S1\",\"name\":\"Main Store\",\"address\":\"123 Road\"}", {"httpRequest":{"method":"POST","path":"/internal/store"},"httpResponse":{"statusCode":201,"headers":{"Content-Type":["application/json"]},"body":"{\"id\":\"S1\",\"name\":\"Main Store\",\"address\":\"123 Road\"}"},"id":"bcaf1a9d-f726-40b5-bdf3-3c6345946ac0","priority":0,"timeToLive":{"unlimited":true},"times":{"unlimited":true}}, $.httpResponse.body)
16:06:09.752 [main] DEBUG com.networknt.schema.TypeValidator -- validate( "{\"id\":\"S1\",\"name\":\"Main Store\",\"address\":\"123 Road\"}", {"httpRequest":{"method":"POST","path":"/internal/store"},"httpResponse":{"statusCode":201,"headers":{"Content-Type":["application/json"]},"body":"{\"id\":\"S1\",\"name\":\"Main Store\",\"address\":\"123 Road\"}"},"id":"bcaf1a9d-f726-40b5-bdf3-3c6345946ac0","priority":0,"timeToLive":{"unlimited":true},"times":{"unlimited":true}}, $.httpResponse.body)
16:06:09.753 [main] DEBUG com.networknt.schema.AdditionalPropertiesValidator -- validate( "{\"id\":\"S1\",\"name\":\"Main Store\",\"address\":\"123 Road\"}", {"httpRequest":{"method":"POST","path":"/internal/store"},"httpResponse":{"statusCode":201,"headers":{"Content-Type":["application/json"]},"body":"{\"id\":\"S1\",\"name\":\"Main Store\",\"address\":\"123 Road\"}"},"id":"bcaf1a9d-f726-40b5-bdf3-3c6345946ac0","priority":0,"timeToLive":{"unlimited":true},"times":{"unlimited":true}}, $.httpResponse.body)
16:06:09.754 [main] DEBUG com.networknt.schema.TypeValidator -- validate( "{\"id\":\"S1\",\"name\":\"Main Store\",\"address\":\"123 Road\"}", {"httpRequest":{"method":"POST","path":"/internal/store"},"httpResponse":{"statusCode":201,"headers":{"Content-Type":["application/json"]},"body":"{\"id\":\"S1\",\"name\":\"Main Store\",\"address\":\"123 Road\"}"},"id":"bcaf1a9d-f726-40b5-bdf3-3c6345946ac0","priority":0,"timeToLive":{"unlimited":true},"times":{"unlimited":true}}, $.httpResponse.body)
16:06:09.754 [main] DEBUG com.networknt.schema.PropertiesValidator -- validate( "{\"id\":\"S1\",\"name\":\"Main Store\",\"address\":\"123 Road\"}", {"httpRequest":{"method":"POST","path":"/internal/store"},"httpResponse":{"statusCode":201,"headers":{"Content-Type":["application/json"]},"body":"{\"id\":\"S1\",\"name\":\"Main Store\",\"address\":\"123 Road\"}"},"id":"bcaf1a9d-f726-40b5-bdf3-3c6345946ac0","priority":0,"timeToLive":{"unlimited":true},"times":{"unlimited":true}}, $.httpResponse.body)
16:06:09.755 [main] DEBUG com.networknt.schema.AdditionalPropertiesValidator -- validate( "{\"id\":\"S1\",\"name\":\"Main Store\",\"address\":\"123 Road\"}", {"httpRequest":{"method":"POST","path":"/internal/store"},"httpResponse":{"statusCode":201,"headers":{"Content-Type":["application/json"]},"body":"{\"id\":\"S1\",\"name\":\"Main Store\",\"address\":\"123 Road\"}"},"id":"bcaf1a9d-f726-40b5-bdf3-3c6345946ac0","priority":0,"timeToLive":{"unlimited":true},"times":{"unlimited":true}}, $.httpResponse.body)
16:06:09.757 [main] DEBUG com.networknt.schema.TypeValidator -- validate( "{\"id\":\"S1\",\"name\":\"Main Store\",\"address\":\"123 Road\"}", {"httpRequest":{"method":"POST","path":"/internal/store"},"httpResponse":{"statusCode":201,"headers":{"Content-Type":["application/json"]},"body":"{\"id\":\"S1\",\"name\":\"Main Store\",\"address\":\"123 Road\"}"},"id":"bcaf1a9d-f726-40b5-bdf3-3c6345946ac0","priority":0,"timeToLive":{"unlimited":true},"times":{"unlimited":true}}, $.httpResponse.body)
16:06:09.757 [main] DEBUG com.networknt.schema.PropertiesValidator -- validate( "{\"id\":\"S1\",\"name\":\"Main Store\",\"address\":\"123 Road\"}", {"httpRequest":{"method":"POST","path":"/internal/store"},"httpResponse":{"statusCode":201,"headers":{"Content-Type":["application/json"]},"body":"{\"id\":\"S1\",\"name\":\"Main Store\",\"address\":\"123 Road\"}"},"id":"bcaf1a9d-f726-40b5-bdf3-3c6345946ac0","priority":0,"timeToLive":{"unlimited":true},"times":{"unlimited":true}}, $.httpResponse.body)
16:06:09.757 [main] DEBUG com.networknt.schema.AdditionalPropertiesValidator -- validate( "{\"id\":\"S1\",\"name\":\"Main Store\",\"address\":\"123 Road\"}", {"httpRequest":{"method":"POST","path":"/internal/store"},"httpResponse":{"statusCode":201,"headers":{"Content-Type":["application/json"]},"body":"{\"id\":\"S1\",\"name\":\"Main Store\",\"address\":\"123 Road\"}"},"id":"bcaf1a9d-f726-40b5-bdf3-3c6345946ac0","priority":0,"timeToLive":{"unlimited":true},"times":{"unlimited":true}}, $.httpResponse.body)
16:06:09.757 [main] DEBUG com.networknt.schema.TypeValidator -- validate( "{\"id\":\"S1\",\"name\":\"Main Store\",\"address\":\"123 Road\"}", {"httpRequest":{"method":"POST","path":"/internal/store"},"httpResponse":{"statusCode":201,"headers":{"Content-Type":["application/json"]},"body":"{\"id\":\"S1\",\"name\":\"Main Store\",\"address\":\"123 Road\"}"},"id":"bcaf1a9d-f726-40b5-bdf3-3c6345946ac0","priority":0,"timeToLive":{"unlimited":true},"times":{"unlimited":true}}, $.httpResponse.body)
16:06:09.757 [main] DEBUG com.networknt.schema.TypeValidator -- validate( "{\"id\":\"S1\",\"name\":\"Main Store\",\"address\":\"123 Road\"}", {"httpRequest":{"method":"POST","path":"/internal/store"},"httpResponse":{"statusCode":201,"headers":{"Content-Type":["application/json"]},"body":"{\"id\":\"S1\",\"name\":\"Main Store\",\"address\":\"123 Road\"}"},"id":"bcaf1a9d-f726-40b5-bdf3-3c6345946ac0","priority":0,"timeToLive":{"unlimited":true},"times":{"unlimited":true}}, $.httpResponse.body)
16:06:09.758 [main] DEBUG com.networknt.schema.RefValidator -- validate( {"Content-Type":["application/json"]}, {"httpRequest":{"method":"POST","path":"/internal/store"},"httpResponse":{"statusCode":201,"headers":{"Content-Type":["application/json"]},"body":"{\"id\":\"S1\",\"name\":\"Main Store\",\"address\":\"123 Road\"}"},"id":"bcaf1a9d-f726-40b5-bdf3-3c6345946ac0","priority":0,"timeToLive":{"unlimited":true},"times":{"unlimited":true}}, $.httpResponse.headers)
[...]
16:06:13.175 [main] DEBUG com.networknt.schema.RequiredValidator -- validate( {"httpRequest":{"method":"GET","path":"/internal/ping"},"httpResponse":{"statusCode":200,"headers":{"Content-Type":["text/plain"]},"body":"PONG"},"id":"3aa60ca8-0670-4248-b4c7-d3d580573886","priority":0,"timeToLive":{"unlimited":true},"times":{"unlimited":true}}, {"httpRequest":{"method":"GET","path":"/internal/ping"},"httpResponse":{"statusCode":200,"headers":{"Content-Type":["text/plain"]},"body":"PONG"},"id":"3aa60ca8-0670-4248-b4c7-d3d580573886","priority":0,"timeToLive":{"unlimited":true},"times":{"unlimited":true}}, $)
16:06:13.175 [main] DEBUG com.networknt.schema.RequiredValidator -- validate( {"httpRequest":{"method":"GET","path":"/internal/ping"},"httpResponse":{"statusCode":200,"headers":{"Content-Type":["text/plain"]},"body":"PONG"},"id":"3aa60ca8-0670-4248-b4c7-d3d580573886","priority":0,"timeToLive":{"unlimited":true},"times":{"unlimited":true}}, {"httpRequest":{"method":"GET","path":"/internal/ping"},"httpResponse":{"statusCode":200,"headers":{"Content-Type":["text/plain"]},"body":"PONG"},"id":"3aa60ca8-0670-4248-b4c7-d3d580573886","priority":0,"timeToLive":{"unlimited":true},"times":{"unlimited":true}}, $)
16:06:13.175 [main] DEBUG com.networknt.schema.RequiredValidator -- validate( {"httpRequest":{"method":"GET","path":"/internal/ping"},"httpResponse":{"statusCode":200,"headers":{"Content-Type":["text/plain"]},"body":"PONG"},"id":"3aa60ca8-0670-4248-b4c7-d3d580573886","priority":0,"timeToLive":{"unlimited":true},"times":{"unlimited":true}}, {"httpRequest":{"method":"GET","path":"/internal/ping"},"httpResponse":{"statusCode":200,"headers":{"Content-Type":["text/plain"]},"body":"PONG"},"id":"3aa60ca8-0670-4248-b4c7-d3d580573886","priority":0,"timeToLive":{"unlimited":true},"times":{"unlimited":true}}, $)
16:06:13.175 [main] DEBUG com.networknt.schema.RequiredValidator -- validate( {"httpRequest":{"method":"GET","path":"/internal/ping"},"httpResponse":{"statusCode":200,"headers":{"Content-Type":["text/plain"]},"body":"PONG"},"id":"3aa60ca8-0670-4248-b4c7-d3d580573886","priority":0,"timeToLive":{"unlimited":true},"times":{"unlimited":true}}, {"httpRequest":{"method":"GET","path":"/internal/ping"},"httpResponse":{"statusCode":200,"headers":{"Content-Type":["text/plain"]},"body":"PONG"},"id":"3aa60ca8-0670-4248-b4c7-d3d580573886","priority":0,"timeToLive":{"unlimited":true},"times":{"unlimited":true}}, $)
16:06:13.175 [main] DEBUG com.networknt.schema.RequiredValidator -- validate( {"httpRequest":{"method":"GET","path":"/internal/ping"},"httpResponse":{"statusCode":200,"headers":{"Content-Type":["text/plain"]},"body":"PONG"},"id":"3aa60ca8-0670-4248-b4c7-d3d580573886","priority":0,"timeToLive":{"unlimited":true},"times":{"unlimited":true}}, {"httpRequest":{"method":"GET","path":"/internal/ping"},"httpResponse":{"statusCode":200,"headers":{"Content-Type":["text/plain"]},"body":"PONG"},"id":"3aa60ca8-0670-4248-b4c7-d3d580573886","priority":0,"timeToLive":{"unlimited":true},"times":{"unlimited":true}}, $)
16:06:13.175 [main] DEBUG com.networknt.schema.RequiredValidator -- validate( {"httpRequest":{"method":"GET","path":"/internal/ping"},"httpResponse":{"statusCode":200,"headers":{"Content-Type":["text/plain"]},"body":"PONG"},"id":"3aa60ca8-0670-4248-b4c7-d3d580573886","priority":0,"timeToLive":{"unlimited":true},"times":{"unlimited":true}}, {"httpRequest":{"method":"GET","path":"/internal/ping"},"httpResponse":{"statusCode":200,"headers":{"Content-Type":["text/plain"]},"body":"PONG"},"id":"3aa60ca8-0670-4248-b4c7-d3d580573886","priority":0,"timeToLive":{"unlimited":true},"times":{"unlimited":true}}, $)
16:06:13.175 [main] DEBUG com.networknt.schema.RequiredValidator -- validate( {"httpRequest":{"method":"GET","path":"/internal/ping"},"httpResponse":{"statusCode":200,"headers":{"Content-Type":["text/plain"]},"body":"PONG"},"id":"3aa60ca8-0670-4248-b4c7-d3d580573886","priority":0,"timeToLive":{"unlimited":true},"times":{"unlimited":true}}, {"httpRequest":{"method":"GET","path":"/internal/ping"},"httpResponse":{"statusCode":200,"headers":{"Content-Type":["text/plain"]},"body":"PONG"},"id":"3aa60ca8-0670-4248-b4c7-d3d580573886","priority":0,"timeToLive":{"unlimited":true},"times":{"unlimited":true}}, $)
16:06:13.175 [main] DEBUG com.networknt.schema.TypeValidator -- validate( {"httpRequest":{"method":"GET","path":"/internal/ping"},"httpResponse":{"statusCode":200,"headers":{"Content-Type":["text/plain"]},"body":"PONG"},"id":"3aa60ca8-0670-4248-b4c7-d3d580573886","priority":0,"timeToLive":{"unlimited":true},"times":{"unlimited":true}}, {"httpRequest":{"method":"GET","path":"/internal/ping"},"httpResponse":{"statusCode":200,"headers":{"Content-Type":["text/plain"]},"body":"PONG"},"id":"3aa60ca8-0670-4248-b4c7-d3d580573886","priority":0,"timeToLive":{"unlimited":true},"times":{"unlimited":true}}, $)
16:06:13.188 [MockServer-EventLog0] INFO org.mockserver.log.MockServerEventLog -- 8888 received request:

  {
    "method" : "GET",
    "path" : "/internal/ping",
    "headers" : {
      "content-length" : [ "0" ],
      "User-Agent" : [ "Apache-HttpClient/4.5.13 (Java/21.0.9)" ],
      "Host" : [ "localhost:8888" ],
      "Connection" : [ "Keep-Alive" ],
      "Accept-Encoding" : [ "gzip,deflate" ],
      "Accept" : [ "*/*" ]
    },
    "keepAlive" : true,
    "secure" : false,
    "protocol" : "HTTP_1_1",
    "localAddress" : "127.0.0.1:8888",
    "remoteAddress" : "127.0.0.1:49352"
  }

16:06:13.191 [MockServer-EventLog0] INFO org.mockserver.log.MockServerEventLog -- 8888 request:

  {
    "method" : "GET",
    "path" : "/internal/ping",
    "headers" : {
      "content-length" : [ "0" ],
      "User-Agent" : [ "Apache-HttpClient/4.5.13 (Java/21.0.9)" ],
      "Host" : [ "localhost:8888" ],
      "Connection" : [ "Keep-Alive" ],
      "Accept-Encoding" : [ "gzip,deflate" ],
      "Accept" : [ "*/*" ]
    },
    "keepAlive" : true,
    "secure" : false,
    "protocol" : "HTTP_1_1",
    "localAddress" : "127.0.0.1:8888",
    "remoteAddress" : "127.0.0.1:49352"
  }

 matched expectation:

  {
    "httpRequest" : {
      "method" : "GET",
      "path" : "/internal/ping"
    },
    "httpResponse" : {
      "statusCode" : 200,
      "headers" : {
        "Content-Type" : [ "text/plain" ]
      },
      "body" : "PONG"
    },
    "id" : "3aa60ca8-0670-4248-b4c7-d3d580573886",
    "priority" : 0,
    "timeToLive" : {
      "unlimited" : true
    },
    "times" : {
      "unlimited" : true
    }
  }

16:06:13.192 [MockServer-EventLog0] INFO org.mockserver.log.MockServerEventLog -- 8888 returning response:

  {
    "statusCode" : 200,
    "headers" : {
      "Content-Type" : [ "text/plain" ]
    },
    "body" : "PONG"
  }

 for request:

  {
    "method" : "GET",
    "path" : "/internal/ping",
    "headers" : {
      "content-length" : [ "0" ],
      "User-Agent" : [ "Apache-HttpClient/4.5.13 (Java/21.0.9)" ],
      "Host" : [ "localhost:8888" ],
      "Connection" : [ "Keep-Alive" ],
      "Accept-Encoding" : [ "gzip,deflate" ],
      "Accept" : [ "*/*" ]
    },
    "keepAlive" : true,
    "secure" : false,
    "protocol" : "HTTP_1_1",
    "localAddress" : "127.0.0.1:8888",
    "remoteAddress" : "127.0.0.1:49352"
  }

 for action:

  {
    "statusCode" : 200,
    "headers" : {
      "Content-Type" : [ "text/plain" ]
    },
    "body" : "PONG"
  }

 from expectation:

  3aa60ca8-0670-4248-b4c7-d3d580573886

16:06:13.275 [MockServer-MockServer-workerEventLoop7] DEBUG com.networknt.schema.PropertiesValidator -- validate( {"httpRequest":{"method":"GET","path":"/internal/ping"},"times":{"atLeast":1,"atMost":1}}, {"httpRequest":{"method":"GET","path":"/internal/ping"},"times":{"atLeast":1,"atMost":1}}, $)
16:06:13.278 [MockServer-MockServer-workerEventLoop7] DEBUG com.networknt.schema.RefValidator -- validate( {"method":"GET","path":"/internal/ping"}, {"httpRequest":{"method":"GET","path":"/internal/ping"},"times":{"atLeast":1,"atMost":1}}, $.httpRequest)
16:06:13.278 [MockServer-MockServer-workerEventLoop7] DEBUG com.networknt.schema.RequiredValidator -- validate( {"method":"GET","path":"/internal/ping"}, {"httpRequest":{"method":"GET","path":"/internal/ping"},"times":{"atLeast":1,"atMost":1}}, $.httpRequest)
16:06:13.278 [MockServer-MockServer-workerEventLoop7] DEBUG com.networknt.schema.RefValidator -- validate( {"method":"GET","path":"/internal/ping"}, {"httpRequest":{"method":"GET","path":"/internal/ping"},"times":{"atLeast":1,"atMost":1}}, $.httpRequest)
16:06:13.278 [MockServer-MockServer-workerEventLoop7] DEBUG com.networknt.schema.PropertiesValidator -- validate( {"method":"GET","path":"/internal/ping"}, {"httpRequest":{"method":"GET","path":"/internal/ping"},"times":{"atLeast":1,"atMost":1}}, $.httpRequest)
16:06:13.278 [MockServer-MockServer-workerEventLoop7] DEBUG com.networknt.schema.RefValidator -- validate( "GET", {"httpRequest":{"method":"GET","path":"/internal/ping"},"times":{"atLeast":1,"atMost":1}}, $.httpRequest.method)
16:06:13.278 [MockServer-MockServer-workerEventLoop7] DEBUG com.networknt.schema.OneOfValidator -- validate( "GET", {"httpRequest":{"method":"GET","path":"/internal/ping"},"times":{"atLeast":1,"atMost":1}}, $.httpRequest.method)
16:06:13.278 [MockServer-MockServer-workerEventLoop7] DEBUG com.networknt.schema.TypeValidator -- validate( "GET", {"httpRequest":{"method":"GET","path":"/internal/ping"},"times":{"atLeast":1,"atMost":1}}, $.httpRequest.method)
16:06:13.278 [MockServer-MockServer-workerEventLoop7] DEBUG com.networknt.schema.PropertiesValidator -- validate( "GET", {"httpRequest":{"method":"GET","path":"/internal/ping"},"times":{"atLeast":1,"atMost":1}}, $.httpRequest.method)
16:06:13.279 [MockServer-MockServer-workerEventLoop7] DEBUG com.networknt.schema.AdditionalPropertiesValidator -- validate( "GET", {"httpRequest":{"method":"GET","path":"/internal/ping"},"times":{"atLeast":1,"atMost":1}}, $.httpRequest.method)
16:06:13.280 [MockServer-MockServer-workerEventLoop7] DEBUG com.networknt.schema.TypeValidator -- validate( "GET", {"httpRequest":{"method":"GET","path":"/internal/ping"},"times":{"atLeast":1,"atMost":1}}, $.httpRequest.method)
16:06:13.280 [MockServer-MockServer-workerEventLoop7] DEBUG com.networknt.schema.RefValidator -- validate( "/internal/ping", {"httpRequest":{"method":"GET","path":"/internal/ping"},"times":{"atLeast":1,"atMost":1}}, $.httpRequest.path)
16:06:13.280 [MockServer-MockServer-workerEventLoop7] DEBUG com.networknt.schema.OneOfValidator -- validate( "/internal/ping", {"httpRequest":{"method":"GET","path":"/internal/ping"},"times":{"atLeast":1,"atMost":1}}, $.httpRequest.path)
16:06:13.280 [MockServer-MockServer-workerEventLoop7] DEBUG com.networknt.schema.TypeValidator -- validate( "/internal/ping", {"httpRequest":{"method":"GET","path":"/internal/ping"},"times":{"atLeast":1,"atMost":1}}, $.httpRequest.path)
16:06:13.280 [MockServer-MockServer-workerEventLoop7] DEBUG com.networknt.schema.PropertiesValidator -- validate( "/internal/ping", {"httpRequest":{"method":"GET","path":"/internal/ping"},"times":{"atLeast":1,"atMost":1}}, $.httpRequest.path)
16:06:13.280 [MockServer-MockServer-workerEventLoop7] DEBUG com.networknt.schema.AdditionalPropertiesValidator -- validate( "/internal/ping", {"httpRequest":{"method":"GET","path":"/internal/ping"},"times":{"atLeast":1,"atMost":1}}, $.httpRequest.path)
16:06:13.280 [MockServer-MockServer-workerEventLoop7] DEBUG com.networknt.schema.TypeValidator -- validate( "/internal/ping", {"httpRequest":{"method":"GET","path":"/internal/ping"},"times":{"atLeast":1,"atMost":1}}, $.httpRequest.path)
16:06:13.281 [MockServer-MockServer-workerEventLoop7] DEBUG com.networknt.schema.AdditionalPropertiesValidator -- validate( {"method":"GET","path":"/internal/ping"}, {"httpRequest":{"method":"GET","path":"/internal/ping"},"times":{"atLeast":1,"atMost":1}}, $.httpRequest)
16:06:13.282 [MockServer-MockServer-workerEventLoop7] DEBUG com.networknt.schema.TypeValidator -- validate( {"method":"GET","path":"/internal/ping"}, {"httpRequest":{"method":"GET","path":"/internal/ping"},"times":{"atLeast":1,"atMost":1}}, $.httpRequest)
16:06:13.282 [MockServer-MockServer-workerEventLoop7] DEBUG com.networknt.schema.RefValidator -- validate( {"atLeast":1,"atMost":1}, {"httpRequest":{"method":"GET","path":"/internal/ping"},"times":{"atLeast":1,"atMost":1}}, $.times)
16:06:13.282 [MockServer-MockServer-workerEventLoop7] DEBUG com.networknt.schema.PropertiesValidator -- validate( {"atLeast":1,"atMost":1}, {"httpRequest":{"method":"GET","path":"/internal/ping"},"times":{"atLeast":1,"atMost":1}}, $.times)
16:06:13.282 [MockServer-MockServer-workerEventLoop7] DEBUG com.networknt.schema.TypeValidator -- validate( 1, {"httpRequest":{"method":"GET","path":"/internal/ping"},"times":{"atLeast":1,"atMost":1}}, $.times.atLeast)
16:06:13.282 [MockServer-MockServer-workerEventLoop7] DEBUG com.networknt.schema.TypeValidator -- validate( 1, {"httpRequest":{"method":"GET","path":"/internal/ping"},"times":{"atLeast":1,"atMost":1}}, $.times.atMost)
16:06:13.282 [MockServer-MockServer-workerEventLoop7] DEBUG com.networknt.schema.AdditionalPropertiesValidator -- validate( {"atLeast":1,"atMost":1}, {"httpRequest":{"method":"GET","path":"/internal/ping"},"times":{"atLeast":1,"atMost":1}}, $.times)
16:06:13.283 [MockServer-MockServer-workerEventLoop7] DEBUG com.networknt.schema.TypeValidator -- validate( {"atLeast":1,"atMost":1}, {"httpRequest":{"method":"GET","path":"/internal/ping"},"times":{"atLeast":1,"atMost":1}}, $.times)
16:06:13.283 [MockServer-MockServer-workerEventLoop7] DEBUG com.networknt.schema.AdditionalPropertiesValidator -- validate( {"httpRequest":{"method":"GET","path":"/internal/ping"},"times":{"atLeast":1,"atMost":1}}, {"httpRequest":{"method":"GET","path":"/internal/ping"},"times":{"atLeast":1,"atMost":1}}, $)
16:06:13.283 [MockServer-MockServer-workerEventLoop7] DEBUG com.networknt.schema.OneOfValidator -- validate( {"httpRequest":{"method":"GET","path":"/internal/ping"},"times":{"atLeast":1,"atMost":1}}, {"httpRequest":{"method":"GET","path":"/internal/ping"},"times":{"atLeast":1,"atMost":1}}, $)
16:06:13.283 [MockServer-MockServer-workerEventLoop7] DEBUG com.networknt.schema.RequiredValidator -- validate( {"httpRequest":{"method":"GET","path":"/internal/ping"},"times":{"atLeast":1,"atMost":1}}, {"httpRequest":{"method":"GET","path":"/internal/ping"},"times":{"atLeast":1,"atMost":1}}, $)
16:06:13.283 [MockServer-MockServer-workerEventLoop7] DEBUG com.networknt.schema.RequiredValidator -- validate( {"httpRequest":{"method":"GET","path":"/internal/ping"},"times":{"atLeast":1,"atMost":1}}, {"httpRequest":{"method":"GET","path":"/internal/ping"},"times":{"atLeast":1,"atMost":1}}, $)
16:06:13.283 [MockServer-MockServer-workerEventLoop7] DEBUG com.networknt.schema.TypeValidator -- validate( {"httpRequest":{"method":"GET","path":"/internal/ping"},"times":{"atLeast":1,"atMost":1}}, {"httpRequest":{"method":"GET","path":"/internal/ping"},"times":{"atLeast":1,"atMost":1}}, $)
16:06:13.302 [MockServer-EventLog0] INFO org.mockserver.log.MockServerEventLog -- 8888 verifying requests that match:

  {
    "httpRequest" : {
      "method" : "GET",
      "path" : "/internal/ping"
    },
    "times" : {
      "atLeast" : 1,
      "atMost" : 1
    }
  }

16:06:13.316 [MockServer-EventLog0] INFO org.mockserver.log.MockServerEventLog -- request:

  {
    "method" : "GET",
    "path" : "/internal/ping"
  }

 found exactly once
]]></system-out>
  </testcase>
  <testcase name="testServerCoverage" classname="com.se300.store.controller.internalmockserver.InternalMockServerTest" time="1.775">
    <system-out><![CDATA[16:06:13.339 [MockServer-EventLog0] INFO org.mockserver.log.MockServerEventLog -- 8888 removed expectation:

  {
    "httpRequest" : {
      "method" : "GET",
      "path" : "/internal/ping"
    },
    "httpResponse" : {
      "statusCode" : 200,
      "headers" : {
        "Content-Type" : [ "text/plain" ]
      },
      "body" : "PONG"
    },
    "id" : "3aa60ca8-0670-4248-b4c7-d3d580573886",
    "priority" : 0,
    "timeToLive" : {
      "unlimited" : true
    },
    "times" : {
      "unlimited" : true
    }
  }

 with id:

  3aa60ca8-0670-4248-b4c7-d3d580573886

16:06:13.339 [MockServer-EventLog0] INFO org.mockserver.log.MockServerEventLog -- 8888 resetting all expectations and request logs
16:06:13.775 [main] INFO com.se300.store.SmartStoreApplication -- Starting Smart Store Application...
16:06:13.775 [main] INFO com.se300.store.SmartStoreApplication -- Initializing database...
16:06:13.775 [main] INFO com.se300.store.SmartStoreApplication -- Creating repositories...
16:06:13.775 [main] INFO com.se300.store.SmartStoreApplication -- Creating services...
16:06:13.776 [main] INFO com.se300.store.SmartStoreApplication -- Creating controllers...
16:06:13.776 [main] INFO com.se300.store.SmartStoreApplication -- Configuring Tomcat server...
16:06:15.087 [main] INFO com.se300.store.SmartStoreApplication -- ================================================================================
16:06:15.089 [main] INFO com.se300.store.SmartStoreApplication -- Smart Store Application started successfully!
16:06:15.089 [main] INFO com.se300.store.SmartStoreApplication -- ================================================================================
16:06:15.089 [main] INFO com.se300.store.SmartStoreApplication -- Server running on: http://localhost:8080
16:06:15.089 [main] INFO com.se300.store.SmartStoreApplication -- 
16:06:15.089 [main] INFO com.se300.store.SmartStoreApplication -- Available endpoints:
16:06:15.089 [main] INFO com.se300.store.SmartStoreApplication --   - API:            http://localhost:8080/api/v1/stores
16:06:15.090 [main] INFO com.se300.store.SmartStoreApplication --   - API:            http://localhost:8080/api/v1/users
16:06:15.090 [main] INFO com.se300.store.SmartStoreApplication -- ================================================================================
16:06:15.093 [main] INFO com.se300.store.SmartStoreApplication -- Starting Smart Store Application...
16:06:15.093 [main] INFO com.se300.store.SmartStoreApplication -- Initializing database...
16:06:15.094 [main] INFO com.se300.store.SmartStoreApplication -- Creating repositories...
16:06:15.094 [main] INFO com.se300.store.SmartStoreApplication -- Creating services...
16:06:15.094 [main] INFO com.se300.store.SmartStoreApplication -- Creating controllers...
16:06:15.094 [main] INFO com.se300.store.SmartStoreApplication -- Configuring Tomcat server...
16:06:15.099 [main] INFO com.se300.store.SmartStoreApplication -- ================================================================================
16:06:15.099 [main] INFO com.se300.store.SmartStoreApplication -- Smart Store Application started successfully!
16:06:15.099 [main] INFO com.se300.store.SmartStoreApplication -- ================================================================================
16:06:15.099 [main] INFO com.se300.store.SmartStoreApplication -- Server running on: http://localhost:8080
16:06:15.099 [main] INFO com.se300.store.SmartStoreApplication -- 
16:06:15.099 [main] INFO com.se300.store.SmartStoreApplication -- Available endpoints:
16:06:15.099 [main] INFO com.se300.store.SmartStoreApplication --   - API:            http://localhost:8080/api/v1/stores
16:06:15.099 [main] INFO com.se300.store.SmartStoreApplication --   - API:            http://localhost:8080/api/v1/users
16:06:15.099 [main] INFO com.se300.store.SmartStoreApplication -- ================================================================================
]]></system-out>
  </testcase>
  <testcase name="baseServletTest" classname="com.se300.store.controller.internalmockserver.InternalMockServerTest" time="0.296">
    <system-out><![CDATA[16:06:15.136 [MockServer-EventLog0] INFO org.mockserver.log.MockServerEventLog -- 8888 resetting all expectations and request logs
]]></system-out>
  </testcase>
</testsuite>